-------------------------------------------------------------------------------
Test set: cn.itrip.service.areadic.TestItripAreaDicService
-------------------------------------------------------------------------------
Tests run: 2, Failures: 0, Errors: 1, Skipped: 0, Time elapsed: 4.764 s <<< FAILURE! - in cn.itrip.service.areadic.TestItripAreaDicService
testGetItripAreaDicListByMap(cn.itrip.service.areadic.TestItripAreaDicService)  Time elapsed: 1.231 s  <<< ERROR!
org.springframework.transaction.CannotCreateTransactionException: Could not open JDBC Connection for transaction; nested exception is org.apache.commons.dbcp.SQLNestedException: Cannot create PoolableConnectionFactory (Data source rejected establishment of connection,  message from server: "Too many connections")
	at cn.itrip.service.areadic.TestItripAreaDicService.testGetItripAreaDicListByMap(TestItripAreaDicService.java:24)
Caused by: org.apache.commons.dbcp.SQLNestedException: Cannot create PoolableConnectionFactory (Data source rejected establishment of connection,  message from server: "Too many connections")
	at cn.itrip.service.areadic.TestItripAreaDicService.testGetItripAreaDicListByMap(TestItripAreaDicService.java:24)
Caused by: com.mysql.jdbc.exceptions.jdbc4.MySQLNonTransientConnectionException: Data source rejected establishment of connection,  message from server: "Too many connections"
	at cn.itrip.service.areadic.TestItripAreaDicService.testGetItripAreaDicListByMap(TestItripAreaDicService.java:24)

