<?xml version="1.0" encoding="UTF-8"?>
<testsuite xmlns:xsi="http://www.w3.org/2001/XMLSchema-instance" xsi:noNamespaceSchemaLocation="https://maven.apache.org/surefire/maven-surefire-plugin/xsd/surefire-test-report.xsd" name="cn.itrip.service.areadic.TestItripAreaDicService" time="4.764" tests="2" errors="1" skipped="0" failures="0">
  <properties>
[...]
</properties>
  <testcase name="testGetCount" classname="cn.itrip.service.areadic.TestItripAreaDicService" time="3.532"/>
  <testcase name="testGetItripAreaDicListByMap" classname="cn.itrip.service.areadic.TestItripAreaDicService" time="1.231">
    <error message="Could not open JDBC Connection for transaction; nested exception is org.apache.commons.dbcp.SQLNestedException: Cannot create PoolableConnectionFactory (Data source rejected establishment of connection,  message from server: &quot;Too many connections&quot;)" type="org.springframework.transaction.CannotCreateTransactionException">org.springframework.transaction.CannotCreateTransactionException: Could not open JDBC Connection for transaction; nested exception is org.apache.commons.dbcp.SQLNestedException: Cannot create PoolableConnectionFactory (Data source rejected establishment of connection,  message from server: "Too many connections")
	at cn.itrip.service.areadic.TestItripAreaDicService.testGetItripAreaDicListByMap(TestItripAreaDicService.java:24)
Caused by: org.apache.commons.dbcp.SQLNestedException: Cannot create PoolableConnectionFactory (Data source rejected establishment of connection,  message from server: "Too many connections")
	at cn.itrip.service.areadic.TestItripAreaDicService.testGetItripAreaDicListByMap(TestItripAreaDicService.java:24)
Caused by: com.mysql.jdbc.exceptions.jdbc4.MySQLNonTransientConnectionException: Data source rejected establishment of connection,  message from server: "Too many connections"
	at cn.itrip.service.areadic.TestItripAreaDicService.testGetItripAreaDicListByMap(TestItripAreaDicService.java:24)
</error>
    <system-out><![CDATA[- (4307 ms) - [DEBUG] 2018-12-30 19:24:57,919 org.springframework.core.env.StandardEnvironment - Adding [systemProperties] PropertySource with lowest search precedence
- (4307 ms) - [DEBUG] 2018-12-30 19:24:57,919 org.springframework.core.env.StandardEnvironment - Adding [systemEnvironment] PropertySource with lowest search precedence
- (4307 ms) - [DEBUG] 2018-12-30 19:24:57,919 org.springframework.core.env.StandardEnvironment - Initialized StandardEnvironment with PropertySources [systemProperties,systemEnvironment]
- (4307 ms) - [INFO] 2018-12-30 19:24:57,919 org.springframework.context.support.ClassPathXmlApplicationContext - Refreshing org.springframework.context.support.ClassPathXmlApplicationContext@3f0846c6: startup date [Sun Dec 30 19:24:57 CST 2018]; root of context hierarchy
- (4308 ms) - [DEBUG] 2018-12-30 19:24:57,920 org.springframework.core.env.StandardEnvironment - Adding [systemProperties] PropertySource with lowest search precedence
- (4308 ms) - [DEBUG] 2018-12-30 19:24:57,920 org.springframework.core.env.StandardEnvironment - Adding [systemEnvironment] PropertySource with lowest search precedence
- (4308 ms) - [DEBUG] 2018-12-30 19:24:57,920 org.springframework.core.env.StandardEnvironment - Initialized StandardEnvironment with PropertySources [systemProperties,systemEnvironment]
- (4308 ms) - [INFO] 2018-12-30 19:24:57,920 org.springframework.beans.factory.xml.XmlBeanDefinitionReader - Loading XML bean definitions from class path resource [applicationContext-mybatis.xml]
- (4310 ms) - [DEBUG] 2018-12-30 19:24:57,922 org.springframework.beans.factory.xml.DefaultDocumentLoader - Using JAXP provider [com.sun.org.apache.xerces.internal.jaxp.DocumentBuilderFactoryImpl]
- (4311 ms) - [DEBUG] 2018-12-30 19:24:57,923 org.springframework.beans.factory.xml.PluggableSchemaResolver - Loading schema mappings from [META-INF/spring.schemas]
- (4316 ms) - [DEBUG] 2018-12-30 19:24:57,928 org.springframework.beans.factory.xml.PluggableSchemaResolver - Loaded schema mappings: {http://www.springframework.org/schema/tx/spring-tx-2.5.xsd=org/springframework/transaction/config/spring-tx-2.5.xsd, http://www.springframework.org/schema/aop/spring-aop-4.1.xsd=org/springframework/aop/config/spring-aop-4.1.xsd, http://www.springframework.org/schema/context/spring-context-3.1.xsd=org/springframework/context/config/spring-context-3.1.xsd, http://www.springframework.org/schema/jdbc/spring-jdbc-4.1.xsd=org/springframework/jdbc/config/spring-jdbc-4.1.xsd, http://www.springframework.org/schema/jms/spring-jms-2.5.xsd=org/springframework/jms/config/spring-jms-2.5.xsd, http://www.springframework.org/schema/util/spring-util-3.0.xsd=org/springframework/beans/factory/xml/spring-util-3.0.xsd, http://www.springframework.org/schema/mvc/spring-mvc-4.1.xsd=org/springframework/web/servlet/config/spring-mvc-4.1.xsd, http://www.springframework.org/schema/tool/spring-tool.xsd=org/springframework/beans/factory/xml/spring-tool-4.1.xsd, http://www.springframework.org/schema/aop/spring-aop-3.2.xsd=org/springframework/aop/config/spring-aop-3.2.xsd, http://mybatis.org/schema/mybatis-spring-1.2.xsd=org/mybatis/spring/config/mybatis-spring-1.2.xsd, http://www.springframework.org/schema/lang/spring-lang-4.1.xsd=org/springframework/scripting/config/spring-lang-4.1.xsd, http://www.springframework.org/schema/context/spring-context-4.0.xsd=org/springframework/context/config/spring-context-4.0.xsd, http://www.springframework.org/schema/mvc/spring-mvc-3.2.xsd=org/springframework/web/servlet/config/spring-mvc-3.2.xsd, http://www.springframework.org/schema/oxm/spring-oxm-3.0.xsd=org/springframework/oxm/config/spring-oxm-3.0.xsd, http://www.springframework.org/schema/tool/spring-tool-4.1.xsd=org/springframework/beans/factory/xml/spring-tool-4.1.xsd, http://www.springframework.org/schema/lang/spring-lang-3.2.xsd=org/springframework/scripting/config/spring-lang-3.2.xsd, http://www.springframework.org/schema/cache/spring-cache-3.2.xsd=org/springframework/cache/config/spring-cache-3.2.xsd, http://www.springframework.org/schema/jee/spring-jee-4.1.xsd=org/springframework/ejb/config/spring-jee-4.1.xsd, http://www.springframework.org/schema/jdbc/spring-jdbc-3.1.xsd=org/springframework/jdbc/config/spring-jdbc-3.1.xsd, http://www.springframework.org/schema/util/spring-util-2.0.xsd=org/springframework/beans/factory/xml/spring-util-2.0.xsd, http://www.springframework.org/schema/tool/spring-tool-3.2.xsd=org/springframework/beans/factory/xml/spring-tool-3.2.xsd, http://www.springframework.org/schema/context/spring-context.xsd=org/springframework/context/config/spring-context-4.1.xsd, http://www.springframework.org/schema/cache/spring-cache-4.1.xsd=org/springframework/cache/config/spring-cache-4.1.xsd, http://www.springframework.org/schema/aop/spring-aop-4.0.xsd=org/springframework/aop/config/spring-aop-4.0.xsd, http://www.springframework.org/schema/jee/spring-jee-3.2.xsd=org/springframework/ejb/config/spring-jee-3.2.xsd, http://www.springframework.org/schema/context/spring-context-3.0.xsd=org/springframework/context/config/spring-context-3.0.xsd, http://www.springframework.org/schema/jdbc/spring-jdbc-4.0.xsd=org/springframework/jdbc/config/spring-jdbc-4.0.xsd, http://www.springframework.org/schema/util/spring-util-2.5.xsd=org/springframework/beans/factory/xml/spring-util-2.5.xsd, http://www.springframework.org/schema/mvc/spring-mvc-4.0.xsd=org/springframework/web/servlet/config/spring-mvc-4.0.xsd, http://www.springframework.org/schema/beans/spring-beans-3.2.xsd=org/springframework/beans/factory/xml/spring-beans-3.2.xsd, http://www.springframework.org/schema/aop/spring-aop-3.1.xsd=org/springframework/aop/config/spring-aop-3.1.xsd, http://www.springframework.org/schema/lang/spring-lang-4.0.xsd=org/springframework/scripting/config/spring-lang-4.0.xsd, http://www.springframework.org/schema/mvc/spring-mvc.xsd=org/springframework/web/servlet/config/spring-mvc-4.1.xsd, http://www.springframework.org/schema/mvc/spring-mvc-3.1.xsd=org/springframework/web/servlet/config/spring-mvc-3.1.xsd, http://www.springframework.org/schema/beans/spring-beans-4.1.xsd=org/springframework/beans/factory/xml/spring-beans-4.1.xsd, http://www.springframework.org/schema/tool/spring-tool-4.0.xsd=org/springframework/beans/factory/xml/spring-tool-4.0.xsd, http://www.springframework.org/schema/lang/spring-lang-3.1.xsd=org/springframework/scripting/config/spring-lang-3.1.xsd, http://www.springframework.org/schema/tx/spring-tx-3.2.xsd=org/springframework/transaction/config/spring-tx-3.2.xsd, http://www.springframework.org/schema/cache/spring-cache-3.1.xsd=org/springframework/cache/config/spring-cache-3.1.xsd, http://www.springframework.org/schema/jee/spring-jee-4.0.xsd=org/springframework/ejb/config/spring-jee-4.0.xsd, http://www.springframework.org/schema/jdbc/spring-jdbc-3.0.xsd=org/springframework/jdbc/config/spring-jdbc-3.0.xsd, http://www.springframework.org/schema/task/spring-task-4.1.xsd=org/springframework/scheduling/config/spring-task-4.1.xsd, http://www.springframework.org/schema/tool/spring-tool-3.1.xsd=org/springframework/beans/factory/xml/spring-tool-3.1.xsd, http://www.springframework.org/schema/jdbc/spring-jdbc.xsd=org/springframework/jdbc/config/spring-jdbc-4.1.xsd, http://www.springframework.org/schema/tx/spring-tx-4.1.xsd=org/springframework/transaction/config/spring-tx-4.1.xsd, http://www.springframework.org/schema/cache/spring-cache-4.0.xsd=org/springframework/cache/config/spring-cache-4.0.xsd, http://www.springframework.org/schema/jee/spring-jee-3.1.xsd=org/springframework/ejb/config/spring-jee-3.1.xsd, http://www.springframework.org/schema/task/spring-task-3.2.xsd=org/springframework/scheduling/config/spring-task-3.2.xsd, http://www.springframework.org/schema/beans/spring-beans-3.1.xsd=org/springframework/beans/factory/xml/spring-beans-3.1.xsd, http://www.springframework.org/schema/util/spring-util.xsd=org/springframework/beans/factory/xml/spring-util-4.1.xsd, http://www.springframework.org/schema/aop/spring-aop-3.0.xsd=org/springframework/aop/config/spring-aop-3.0.xsd, http://www.springframework.org/schema/jms/spring-jms-3.2.xsd=org/springframework/jms/config/spring-jms-3.2.xsd, http://www.springframework.org/schema/mvc/spring-mvc-3.0.xsd=org/springframework/web/servlet/config/spring-mvc-3.0.xsd, http://www.springframework.org/schema/beans/spring-beans-4.0.xsd=org/springframework/beans/factory/xml/spring-beans-4.0.xsd, http://www.springframework.org/schema/beans/spring-beans.xsd=org/springframework/beans/factory/xml/spring-beans-4.1.xsd, http://www.springframework.org/schema/plugin/spring-plugin.xsd=org/springframework/plugin/core/config/spring-plugin.xsd, http://www.springframework.org/schema/lang/spring-lang-3.0.xsd=org/springframework/scripting/config/spring-lang-3.0.xsd, http://www.springframework.org/schema/tx/spring-tx-3.1.xsd=org/springframework/transaction/config/spring-tx-3.1.xsd, http://mybatis.org/schema/mybatis-spring.xsd=org/mybatis/spring/config/mybatis-spring-1.2.xsd, http://www.springframework.org/schema/context/spring-context-2.5.xsd=org/springframework/context/config/spring-context-2.5.xsd, http://www.springframework.org/schema/jms/spring-jms-4.1.xsd=org/springframework/jms/config/spring-jms-4.1.xsd, http://www.springframework.org/schema/task/spring-task-4.0.xsd=org/springframework/scheduling/config/spring-task-4.0.xsd, http://www.springframework.org/schema/tool/spring-tool-3.0.xsd=org/springframework/beans/factory/xml/spring-tool-3.0.xsd, http://www.springframework.org/schema/tx/spring-tx-4.0.xsd=org/springframework/transaction/config/spring-tx-4.0.xsd, http://www.springframework.org/schema/aop/spring-aop-2.0.xsd=org/springframework/aop/config/spring-aop-2.0.xsd, http://www.springframework.org/schema/jee/spring-jee-3.0.xsd=org/springframework/ejb/config/spring-jee-3.0.xsd, http://www.springframework.org/schema/util/spring-util-4.1.xsd=org/springframework/beans/factory/xml/spring-util-4.1.xsd, http://www.springframework.org/schema/task/spring-task-3.1.xsd=org/springframework/scheduling/config/spring-task-3.1.xsd, http://www.springframework.org/schema/beans/spring-beans-3.0.xsd=org/springframework/beans/factory/xml/spring-beans-3.0.xsd, http://www.springframework.org/schema/jee/spring-jee.xsd=org/springframework/ejb/config/spring-jee-4.1.xsd, http://www.springframework.org/schema/aop/spring-aop-2.5.xsd=org/springframework/aop/config/spring-aop-2.5.xsd, http://www.springframework.org/schema/jms/spring-jms.xsd=org/springframework/jms/config/spring-jms-4.1.xsd, http://www.springframework.org/schema/lang/spring-lang-2.0.xsd=org/springframework/scripting/config/spring-lang-2.0.xsd, http://www.springframework.org/schema/jms/spring-jms-3.1.xsd=org/springframework/jms/config/spring-jms-3.1.xsd, http://www.springframework.org/schema/oxm/spring-oxm.xsd=org/springframework/oxm/config/spring-oxm-4.1.xsd, http://www.springframework.org/schema/util/spring-util-3.2.xsd=org/springframework/beans/factory/xml/spring-util-3.2.xsd, http://www.springframework.org/schema/oxm/spring-oxm-4.1.xsd=org/springframework/oxm/config/spring-oxm-4.1.xsd, http://www.springframework.org/schema/task/spring-task.xsd=org/springframework/scheduling/config/spring-task-4.1.xsd, http://www.springframework.org/schema/tool/spring-tool-2.0.xsd=org/springframework/beans/factory/xml/spring-tool-2.0.xsd, http://www.springframework.org/schema/tx/spring-tx-3.0.xsd=org/springframework/transaction/config/spring-tx-3.0.xsd, http://www.springframework.org/schema/lang/spring-lang-2.5.xsd=org/springframework/scripting/config/spring-lang-2.5.xsd, http://www.springframework.org/schema/jee/spring-jee-2.0.xsd=org/springframework/ejb/config/spring-jee-2.0.xsd, http://www.springframework.org/schema/jms/spring-jms-4.0.xsd=org/springframework/jms/config/spring-jms-4.0.xsd, http://www.springframework.org/schema/oxm/spring-oxm-3.2.xsd=org/springframework/oxm/config/spring-oxm-3.2.xsd, http://www.springframework.org/schema/tool/spring-tool-2.5.xsd=org/springframework/beans/factory/xml/spring-tool-2.5.xsd, http://www.springframework.org/schema/jee/spring-jee-2.5.xsd=org/springframework/ejb/config/spring-jee-2.5.xsd, http://www.springframework.org/schema/util/spring-util-4.0.xsd=org/springframework/beans/factory/xml/spring-util-4.0.xsd, http://www.springframework.org/schema/task/spring-task-3.0.xsd=org/springframework/scheduling/config/spring-task-3.0.xsd, http://www.springframework.org/schema/lang/spring-lang.xsd=org/springframework/scripting/config/spring-lang-4.1.xsd, http://www.springframework.org/schema/context/spring-context-3.2.xsd=org/springframework/context/config/spring-context-3.2.xsd, http://www.springframework.org/schema/jms/spring-jms-3.0.xsd=org/springframework/jms/config/spring-jms-3.0.xsd, http://www.springframework.org/schema/util/spring-util-3.1.xsd=org/springframework/beans/factory/xml/spring-util-3.1.xsd, http://www.springframework.org/schema/beans/spring-beans-2.0.xsd=org/springframework/beans/factory/xml/spring-beans-2.0.xsd, http://www.springframework.org/schema/oxm/spring-oxm-4.0.xsd=org/springframework/oxm/config/spring-oxm-4.0.xsd, http://www.springframework.org/schema/cache/spring-cache.xsd=org/springframework/cache/config/spring-cache-4.1.xsd, http://www.springframework.org/schema/tx/spring-tx.xsd=org/springframework/transaction/config/spring-tx-4.1.xsd, http://www.springframework.org/schema/context/spring-context-4.1.xsd=org/springframework/context/config/spring-context-4.1.xsd, http://www.springframework.org/schema/beans/spring-beans-2.5.xsd=org/springframework/beans/factory/xml/spring-beans-2.5.xsd, http://www.springframework.org/schema/oxm/spring-oxm-3.1.xsd=org/springframework/oxm/config/spring-oxm-3.1.xsd, http://www.springframework.org/schema/tx/spring-tx-2.0.xsd=org/springframework/transaction/config/spring-tx-2.0.xsd, http://www.springframework.org/schema/jdbc/spring-jdbc-3.2.xsd=org/springframework/jdbc/config/spring-jdbc-3.2.xsd, http://www.springframework.org/schema/aop/spring-aop.xsd=org/springframework/aop/config/spring-aop-4.1.xsd}
- (4317 ms) - [DEBUG] 2018-12-30 19:24:57,929 org.springframework.beans.factory.xml.PluggableSchemaResolver - Found XML schema [http://www.springframework.org/schema/beans/spring-beans-2.5.xsd] in classpath: org/springframework/beans/factory/xml/spring-beans-2.5.xsd
- (4323 ms) - [DEBUG] 2018-12-30 19:24:57,935 org.springframework.beans.factory.xml.PluggableSchemaResolver - Found XML schema [http://www.springframework.org/schema/mvc/spring-mvc.xsd] in classpath: org/springframework/web/servlet/config/spring-mvc-4.1.xsd
- (4326 ms) - [DEBUG] 2018-12-30 19:24:57,938 org.springframework.beans.factory.xml.PluggableSchemaResolver - Found XML schema [http://www.springframework.org/schema/tool/spring-tool-4.1.xsd] in classpath: org/springframework/beans/factory/xml/spring-tool-4.1.xsd
- (4332 ms) - [DEBUG] 2018-12-30 19:24:57,944 org.springframework.beans.factory.xml.PluggableSchemaResolver - Found XML schema [http://www.springframework.org/schema/context/spring-context.xsd] in classpath: org/springframework/context/config/spring-context-4.1.xsd
- (4337 ms) - [DEBUG] 2018-12-30 19:24:57,949 org.springframework.beans.factory.xml.PluggableSchemaResolver - Found XML schema [http://www.springframework.org/schema/aop/spring-aop-2.5.xsd] in classpath: org/springframework/aop/config/spring-aop-2.5.xsd
- (4340 ms) - [DEBUG] 2018-12-30 19:24:57,952 org.springframework.beans.factory.xml.PluggableSchemaResolver - Found XML schema [http://www.springframework.org/schema/tx/spring-tx-2.5.xsd] in classpath: org/springframework/transaction/config/spring-tx-2.5.xsd
- (4345 ms) - [DEBUG] 2018-12-30 19:24:57,957 org.springframework.beans.factory.xml.DefaultBeanDefinitionDocumentReader - Loading bean definitions
- (4350 ms) - [DEBUG] 2018-12-30 19:24:57,962 org.springframework.beans.factory.xml.DefaultNamespaceHandlerResolver - Loaded NamespaceHandler mappings: {http://www.springframework.org/schema/p=org.springframework.beans.factory.xml.SimplePropertyNamespaceHandler, http://www.springframework.org/schema/mvc=org.springframework.web.servlet.config.MvcNamespaceHandler, http://www.springframework.org/schema/util=org.springframework.beans.factory.xml.UtilNamespaceHandler, http://www.springframework.org/schema/jee=org.springframework.ejb.config.JeeNamespaceHandler, http://www.springframework.org/schema/aop=org.springframework.aop.config.AopNamespaceHandler, http://www.springframework.org/schema/jdbc=org.springframework.jdbc.config.JdbcNamespaceHandler, http://www.springframework.org/schema/oxm=org.springframework.oxm.config.OxmNamespaceHandler, http://www.springframework.org/schema/cache=org.springframework.cache.config.CacheNamespaceHandler, http://mybatis.org/schema/mybatis-spring=org.mybatis.spring.config.NamespaceHandler, http://www.springframework.org/schema/c=org.springframework.beans.factory.xml.SimpleConstructorNamespaceHandler, http://www.springframework.org/schema/plugin=org.springframework.plugin.core.config.PluginNamespaceHandler, http://www.springframework.org/schema/tx=org.springframework.transaction.config.TxNamespaceHandler, http://www.springframework.org/schema/jms=org.springframework.jms.config.JmsNamespaceHandler, http://www.springframework.org/schema/task=org.springframework.scheduling.config.TaskNamespaceHandler, http://www.springframework.org/schema/lang=org.springframework.scripting.config.LangNamespaceHandler, http://www.springframework.org/schema/context=org.springframework.context.config.ContextNamespaceHandler}
- (4352 ms) - [DEBUG] 2018-12-30 19:24:57,964 org.springframework.core.env.StandardEnvironment - Adding [systemProperties] PropertySource with lowest search precedence
- (4352 ms) - [DEBUG] 2018-12-30 19:24:57,964 org.springframework.core.env.StandardEnvironment - Adding [systemEnvironment] PropertySource with lowest search precedence
- (4352 ms) - [DEBUG] 2018-12-30 19:24:57,964 org.springframework.core.env.StandardEnvironment - Initialized StandardEnvironment with PropertySources [systemProperties,systemEnvironment]
- (4354 ms) - [DEBUG] 2018-12-30 19:24:57,966 org.springframework.core.io.support.PathMatchingResourcePatternResolver - Looking for matching resources in directory tree [E:\ideaXM\itrip\itrip-biz\target\test-classes\cn\itrip\service]
- (4356 ms) - [DEBUG] 2018-12-30 19:24:57,968 org.springframework.core.io.support.PathMatchingResourcePatternResolver - Searching directory [E:\ideaXM\itrip\itrip-biz\target\test-classes\cn\itrip\service] for files matching pattern [E:/ideaXM/itrip/itrip-biz/target/test-classes/cn/itrip/service/**/*.class]
- (4357 ms) - [DEBUG] 2018-12-30 19:24:57,969 org.springframework.core.io.support.PathMatchingResourcePatternResolver - Searching directory [E:\ideaXM\itrip\itrip-biz\target\test-classes\cn\itrip\service\areadic] for files matching pattern [E:/ideaXM/itrip/itrip-biz/target/test-classes/cn/itrip/service/**/*.class]
- (4357 ms) - [DEBUG] 2018-12-30 19:24:57,969 org.springframework.core.io.support.PathMatchingResourcePatternResolver - Searching directory [E:\ideaXM\itrip\itrip-biz\target\test-classes\cn\itrip\service\labeldic] for files matching pattern [E:/ideaXM/itrip/itrip-biz/target/test-classes/cn/itrip/service/**/*.class]
- (4365 ms) - [DEBUG] 2018-12-30 19:24:57,977 org.springframework.core.io.support.PathMatchingResourcePatternResolver - Searching directory [E:\ideaXM\itrip\itrip-biz\target\test-classes\cn\itrip\service\user] for files matching pattern [E:/ideaXM/itrip/itrip-biz/target/test-classes/cn/itrip/service/**/*.class]
- (4365 ms) - [DEBUG] 2018-12-30 19:24:57,977 org.springframework.core.io.support.PathMatchingResourcePatternResolver - Searching directory [E:\ideaXM\itrip\itrip-biz\target\test-classes\cn\itrip\service\userlinkuser] for files matching pattern [E:/ideaXM/itrip/itrip-biz/target/test-classes/cn/itrip/service/**/*.class]
- (4366 ms) - [DEBUG] 2018-12-30 19:24:57,978 org.springframework.core.io.support.PathMatchingResourcePatternResolver - Looking for matching resources in directory tree [E:\ideaXM\itrip\itrip-biz\target\classes\cn\itrip\service]
- (4366 ms) - [DEBUG] 2018-12-30 19:24:57,978 org.springframework.core.io.support.PathMatchingResourcePatternResolver - Searching directory [E:\ideaXM\itrip\itrip-biz\target\classes\cn\itrip\service] for files matching pattern [E:/ideaXM/itrip/itrip-biz/target/classes/cn/itrip/service/**/*.class]
- (4367 ms) - [DEBUG] 2018-12-30 19:24:57,979 org.springframework.core.io.support.PathMatchingResourcePatternResolver - Searching directory [E:\ideaXM\itrip\itrip-biz\target\classes\cn\itrip\service\area] for files matching pattern [E:/ideaXM/itrip/itrip-biz/target/classes/cn/itrip/service/**/*.class]
- (4368 ms) - [DEBUG] 2018-12-30 19:24:57,980 org.springframework.core.io.support.PathMatchingResourcePatternResolver - Searching directory [E:\ideaXM\itrip\itrip-biz\target\classes\cn\itrip\service\areadic] for files matching pattern [E:/ideaXM/itrip/itrip-biz/target/classes/cn/itrip/service/**/*.class]
- (4368 ms) - [DEBUG] 2018-12-30 19:24:57,980 org.springframework.core.io.support.PathMatchingResourcePatternResolver - Searching directory [E:\ideaXM\itrip\itrip-biz\target\classes\cn\itrip\service\comment] for files matching pattern [E:/ideaXM/itrip/itrip-biz/target/classes/cn/itrip/service/**/*.class]
- (4369 ms) - [DEBUG] 2018-12-30 19:24:57,981 org.springframework.core.io.support.PathMatchingResourcePatternResolver - Searching directory [E:\ideaXM\itrip\itrip-biz\target\classes\cn\itrip\service\hotelorder] for files matching pattern [E:/ideaXM/itrip/itrip-biz/target/classes/cn/itrip/service/**/*.class]
- (4370 ms) - [DEBUG] 2018-12-30 19:24:57,982 org.springframework.core.io.support.PathMatchingResourcePatternResolver - Searching directory [E:\ideaXM\itrip\itrip-biz\target\classes\cn\itrip\service\image] for files matching pattern [E:/ideaXM/itrip/itrip-biz/target/classes/cn/itrip/service/**/*.class]
- (4371 ms) - [DEBUG] 2018-12-30 19:24:57,983 org.springframework.core.io.support.PathMatchingResourcePatternResolver - Searching directory [E:\ideaXM\itrip\itrip-biz\target\classes\cn\itrip\service\label] for files matching pattern [E:/ideaXM/itrip/itrip-biz/target/classes/cn/itrip/service/**/*.class]
- (4386 ms) - [DEBUG] 2018-12-30 19:24:57,998 org.springframework.core.io.support.PathMatchingResourcePatternResolver - Searching directory [E:\ideaXM\itrip\itrip-biz\target\classes\cn\itrip\service\labeldic] for files matching pattern [E:/ideaXM/itrip/itrip-biz/target/classes/cn/itrip/service/**/*.class]
- (4388 ms) - [DEBUG] 2018-12-30 19:24:58,000 org.springframework.core.io.support.PathMatchingResourcePatternResolver - Searching directory [E:\ideaXM\itrip\itrip-biz\target\classes\cn\itrip\service\user] for files matching pattern [E:/ideaXM/itrip/itrip-biz/target/classes/cn/itrip/service/**/*.class]
- (4389 ms) - [DEBUG] 2018-12-30 19:24:58,001 org.springframework.core.io.support.PathMatchingResourcePatternResolver - Searching directory [E:\ideaXM\itrip\itrip-biz\target\classes\cn\itrip\service\userlinkuser] for files matching pattern [E:/ideaXM/itrip/itrip-biz/target/classes/cn/itrip/service/**/*.class]
- (4390 ms) - [DEBUG] 2018-12-30 19:24:58,002 org.springframework.core.io.support.PathMatchingResourcePatternResolver - Resolved location pattern [classpath*:cn/itrip/service/**/*.class] to resources [file [E:\ideaXM\itrip\itrip-biz\target\test-classes\cn\itrip\service\areadic\TestItripAreaDicService.class], file [E:\ideaXM\itrip\itrip-biz\target\test-classes\cn\itrip\service\labeldic\TestItripLabelDicService.class], file [E:\ideaXM\itrip\itrip-biz\target\test-classes\cn\itrip\service\user\TestItripUserService.class], file [E:\ideaXM\itrip\itrip-biz\target\test-classes\cn\itrip\service\userlinkuser\TestItripUserLinkUserService.class], file [E:\ideaXM\itrip\itrip-biz\target\classes\cn\itrip\service\area\ItripHotService.class], file [E:\ideaXM\itrip\itrip-biz\target\classes\cn\itrip\service\area\ItripHotServiceImpl.class], file [E:\ideaXM\itrip\itrip-biz\target\classes\cn\itrip\service\areadic\ItripAreaDicService.class], file [E:\ideaXM\itrip\itrip-biz\target\classes\cn\itrip\service\areadic\ItripAreaDicServiceImpl.class], file [E:\ideaXM\itrip\itrip-biz\target\classes\cn\itrip\service\comment\ItripCommentService.class], file [E:\ideaXM\itrip\itrip-biz\target\classes\cn\itrip\service\comment\ItripCommentServiceImpl.class], file [E:\ideaXM\itrip\itrip-biz\target\classes\cn\itrip\service\hotelorder\ItripHotelOrderService.class], file [E:\ideaXM\itrip\itrip-biz\target\classes\cn\itrip\service\hotelorder\ItripHotelOrderServiceImpl.class], file [E:\ideaXM\itrip\itrip-biz\target\classes\cn\itrip\service\image\ItripImageService.class], file [E:\ideaXM\itrip\itrip-biz\target\classes\cn\itrip\service\image\ItripImageServiceImpl.class], file [E:\ideaXM\itrip\itrip-biz\target\classes\cn\itrip\service\label\ItripLabelService.class], file [E:\ideaXM\itrip\itrip-biz\target\classes\cn\itrip\service\label\ItripLabelServiceImpl.class], file [E:\ideaXM\itrip\itrip-biz\target\classes\cn\itrip\service\labeldic\ItripLabelDicService.class], file [E:\ideaXM\itrip\itrip-biz\target\classes\cn\itrip\service\labeldic\ItripLabelDicServiceImpl.class], file [E:\ideaXM\itrip\itrip-biz\target\classes\cn\itrip\service\user\ItripUserService.class], file [E:\ideaXM\itrip\itrip-biz\target\classes\cn\itrip\service\user\ItripUserServiceImpl.class], file [E:\ideaXM\itrip\itrip-biz\target\classes\cn\itrip\service\userlinkuser\ItripUserLinkUserService.class], file [E:\ideaXM\itrip\itrip-biz\target\classes\cn\itrip\service\userlinkuser\ItripUserLinkUserServiceImpl.class]]
- (4397 ms) - [DEBUG] 2018-12-30 19:24:58,009 org.springframework.context.annotation.ClassPathBeanDefinitionScanner - Identified candidate component class: file [E:\ideaXM\itrip\itrip-biz\target\classes\cn\itrip\service\area\ItripHotServiceImpl.class]
- (4399 ms) - [DEBUG] 2018-12-30 19:24:58,011 org.springframework.context.annotation.ClassPathBeanDefinitionScanner - Identified candidate component class: file [E:\ideaXM\itrip\itrip-biz\target\classes\cn\itrip\service\areadic\ItripAreaDicServiceImpl.class]
- (4401 ms) - [DEBUG] 2018-12-30 19:24:58,013 org.springframework.context.annotation.ClassPathBeanDefinitionScanner - Identified candidate component class: file [E:\ideaXM\itrip\itrip-biz\target\classes\cn\itrip\service\comment\ItripCommentServiceImpl.class]
- (4402 ms) - [DEBUG] 2018-12-30 19:24:58,014 org.springframework.context.annotation.ClassPathBeanDefinitionScanner - Identified candidate component class: file [E:\ideaXM\itrip\itrip-biz\target\classes\cn\itrip\service\hotelorder\ItripHotelOrderServiceImpl.class]
- (4403 ms) - [DEBUG] 2018-12-30 19:24:58,015 org.springframework.context.annotation.ClassPathBeanDefinitionScanner - Identified candidate component class: file [E:\ideaXM\itrip\itrip-biz\target\classes\cn\itrip\service\image\ItripImageServiceImpl.class]
- (4404 ms) - [DEBUG] 2018-12-30 19:24:58,016 org.springframework.context.annotation.ClassPathBeanDefinitionScanner - Identified candidate component class: file [E:\ideaXM\itrip\itrip-biz\target\classes\cn\itrip\service\label\ItripLabelServiceImpl.class]
- (4405 ms) - [DEBUG] 2018-12-30 19:24:58,017 org.springframework.context.annotation.ClassPathBeanDefinitionScanner - Identified candidate component class: file [E:\ideaXM\itrip\itrip-biz\target\classes\cn\itrip\service\labeldic\ItripLabelDicServiceImpl.class]
- (4407 ms) - [DEBUG] 2018-12-30 19:24:58,019 org.springframework.context.annotation.ClassPathBeanDefinitionScanner - Identified candidate component class: file [E:\ideaXM\itrip\itrip-biz\target\classes\cn\itrip\service\user\ItripUserServiceImpl.class]
- (4408 ms) - [DEBUG] 2018-12-30 19:24:58,020 org.springframework.context.annotation.ClassPathBeanDefinitionScanner - Identified candidate component class: file [E:\ideaXM\itrip\itrip-biz\target\classes\cn\itrip\service\userlinkuser\ItripUserLinkUserServiceImpl.class]
- (4412 ms) - [DEBUG] 2018-12-30 19:24:58,024 org.springframework.beans.factory.xml.BeanDefinitionParserDelegate - Neither XML 'id' nor 'name' specified - using generated bean name [org.mybatis.spring.mapper.MapperScannerConfigurer#0]
- (4421 ms) - [DEBUG] 2018-12-30 19:24:58,033 org.springframework.beans.factory.xml.XmlBeanDefinitionReader - Loaded 31 bean definitions from location pattern [applicationContext-mybatis.xml]
- (4421 ms) - [DEBUG] 2018-12-30 19:24:58,033 org.springframework.context.support.ClassPathXmlApplicationContext - Bean factory for org.springframework.context.support.ClassPathXmlApplicationContext@3f0846c6: org.springframework.beans.factory.support.DefaultListableBeanFactory@7e928e2f: defining beans [org.springframework.web.servlet.resource.DefaultServletHttpRequestHandler#0,org.springframework.web.servlet.handler.SimpleUrlHandlerMapping#0,org.springframework.web.servlet.handler.BeanNameUrlHandlerMapping,org.springframework.web.servlet.mvc.HttpRequestHandlerAdapter,org.springframework.web.servlet.mvc.SimpleControllerHandlerAdapter,itripHotServiceImpl,itripAreaDicServiceImpl,itripCommentServiceImpl,itripHotelOrderServiceImpl,itripImageServiceImpl,itripLabelServiceImpl,itripLabelDicServiceImpl,itripUserServiceImpl,itripUserLinkUserServiceImpl,org.springframework.context.annotation.internalConfigurationAnnotationProcessor,org.springframework.context.annotation.internalAutowiredAnnotationProcessor,org.springframework.context.annotation.internalRequiredAnnotationProcessor,org.springframework.context.annotation.internalCommonAnnotationProcessor,org.springframework.context.support.PropertySourcesPlaceholderConfigurer#0,dataSource,txManager,sqlSessionFactoryBean,org.springframework.aop.config.internalAutoProxyCreator,transService,org.springframework.aop.support.DefaultBeanFactoryPointcutAdvisor#0,myAdvice,org.mybatis.spring.mapper.MapperScannerConfigurer#0,jedisPoolConfig,jedisPool,redisAPI,validationToken]; root of factory hierarchy
- (4422 ms) - [DEBUG] 2018-12-30 19:24:58,034 org.springframework.beans.factory.support.DefaultListableBeanFactory - Creating shared instance of singleton bean 'org.springframework.context.annotation.internalConfigurationAnnotationProcessor'
- (4423 ms) - [DEBUG] 2018-12-30 19:24:58,035 org.springframework.beans.factory.support.DefaultListableBeanFactory - Creating instance of bean 'org.springframework.context.annotation.internalConfigurationAnnotationProcessor'
- (4423 ms) - [DEBUG] 2018-12-30 19:24:58,035 org.springframework.beans.factory.support.DefaultListableBeanFactory - Eagerly caching bean 'org.springframework.context.annotation.internalConfigurationAnnotationProcessor' to allow for resolving potential circular references
- (4423 ms) - [DEBUG] 2018-12-30 19:24:58,035 org.springframework.beans.factory.support.DefaultListableBeanFactory - Finished creating instance of bean 'org.springframework.context.annotation.internalConfigurationAnnotationProcessor'
- (4445 ms) - [DEBUG] 2018-12-30 19:24:58,057 org.springframework.beans.factory.support.DefaultListableBeanFactory - Creating shared instance of singleton bean 'org.mybatis.spring.mapper.MapperScannerConfigurer#0'
- (4445 ms) - [DEBUG] 2018-12-30 19:24:58,057 org.springframework.beans.factory.support.DefaultListableBeanFactory - Creating instance of bean 'org.mybatis.spring.mapper.MapperScannerConfigurer#0'
- (4445 ms) - [DEBUG] 2018-12-30 19:24:58,057 org.springframework.beans.factory.support.DefaultListableBeanFactory - Eagerly caching bean 'org.mybatis.spring.mapper.MapperScannerConfigurer#0' to allow for resolving potential circular references
- (4445 ms) - [DEBUG] 2018-12-30 19:24:58,057 org.springframework.beans.factory.support.DefaultListableBeanFactory - Invoking afterPropertiesSet() on bean with name 'org.mybatis.spring.mapper.MapperScannerConfigurer#0'
- (4446 ms) - [DEBUG] 2018-12-30 19:24:58,058 org.springframework.beans.factory.support.DefaultListableBeanFactory - Finished creating instance of bean 'org.mybatis.spring.mapper.MapperScannerConfigurer#0'
- (4446 ms) - [DEBUG] 2018-12-30 19:24:58,058 org.springframework.core.env.StandardEnvironment - Adding [systemProperties] PropertySource with lowest search precedence
- (4446 ms) - [DEBUG] 2018-12-30 19:24:58,058 org.springframework.core.env.StandardEnvironment - Adding [systemEnvironment] PropertySource with lowest search precedence
- (4446 ms) - [DEBUG] 2018-12-30 19:24:58,058 org.springframework.core.env.StandardEnvironment - Initialized StandardEnvironment with PropertySources [systemProperties,systemEnvironment]
- (4447 ms) - [DEBUG] 2018-12-30 19:24:58,059 org.springframework.core.io.support.PathMatchingResourcePatternResolver - Looking for matching resources in jar file [file:/E:/ideaXM/itrip/itrip-dao/target/itrip-dao-1.0-SNAPSHOT.jar]
- (4448 ms) - [DEBUG] 2018-12-30 19:24:58,060 org.springframework.core.io.support.PathMatchingResourcePatternResolver - Resolved location pattern [classpath*:cn/itrip/dao/**/*.class] to resources [URL [jar:file:/E:/ideaXM/itrip/itrip-dao/target/itrip-dao-1.0-SNAPSHOT.jar!/cn/itrip/dao/area/ItripHotMapper.class], URL [jar:file:/E:/ideaXM/itrip/itrip-dao/target/itrip-dao-1.0-SNAPSHOT.jar!/cn/itrip/dao/areadic/ItripAreaDicMapper.class], URL [jar:file:/E:/ideaXM/itrip/itrip-dao/target/itrip-dao-1.0-SNAPSHOT.jar!/cn/itrip/dao/comment/ItripCommentMapper.class], URL [jar:file:/E:/ideaXM/itrip/itrip-dao/target/itrip-dao-1.0-SNAPSHOT.jar!/cn/itrip/dao/hotel/ItripHotelMapper.class], URL [jar:file:/E:/ideaXM/itrip/itrip-dao/target/itrip-dao-1.0-SNAPSHOT.jar!/cn/itrip/dao/hotelorder/ItripHotelOrderMapper.class], URL [jar:file:/E:/ideaXM/itrip/itrip-dao/target/itrip-dao-1.0-SNAPSHOT.jar!/cn/itrip/dao/image/ItripImageMapper.class], URL [jar:file:/E:/ideaXM/itrip/itrip-dao/target/itrip-dao-1.0-SNAPSHOT.jar!/cn/itrip/dao/label/ItripLabelMapper.class], URL [jar:file:/E:/ideaXM/itrip/itrip-dao/target/itrip-dao-1.0-SNAPSHOT.jar!/cn/itrip/dao/labeldic/ItripLabelDicMapper.class], URL [jar:file:/E:/ideaXM/itrip/itrip-dao/target/itrip-dao-1.0-SNAPSHOT.jar!/cn/itrip/dao/user/ItripUserMapper.class], URL [jar:file:/E:/ideaXM/itrip/itrip-dao/target/itrip-dao-1.0-SNAPSHOT.jar!/cn/itrip/dao/userlinkuser/ItripUserLinkUserMapper.class]]
- (4449 ms) - [DEBUG] 2018-12-30 19:24:58,061 org.mybatis.spring.mapper.ClassPathMapperScanner - Identified candidate component class: URL [jar:file:/E:/ideaXM/itrip/itrip-dao/target/itrip-dao-1.0-SNAPSHOT.jar!/cn/itrip/dao/area/ItripHotMapper.class]
- (4450 ms) - [DEBUG] 2018-12-30 19:24:58,062 org.mybatis.spring.mapper.ClassPathMapperScanner - Identified candidate component class: URL [jar:file:/E:/ideaXM/itrip/itrip-dao/target/itrip-dao-1.0-SNAPSHOT.jar!/cn/itrip/dao/areadic/ItripAreaDicMapper.class]
- (4450 ms) - [DEBUG] 2018-12-30 19:24:58,062 org.mybatis.spring.mapper.ClassPathMapperScanner - Identified candidate component class: URL [jar:file:/E:/ideaXM/itrip/itrip-dao/target/itrip-dao-1.0-SNAPSHOT.jar!/cn/itrip/dao/comment/ItripCommentMapper.class]
- (4451 ms) - [DEBUG] 2018-12-30 19:24:58,063 org.mybatis.spring.mapper.ClassPathMapperScanner - Identified candidate component class: URL [jar:file:/E:/ideaXM/itrip/itrip-dao/target/itrip-dao-1.0-SNAPSHOT.jar!/cn/itrip/dao/hotel/ItripHotelMapper.class]
- (4452 ms) - [DEBUG] 2018-12-30 19:24:58,064 org.mybatis.spring.mapper.ClassPathMapperScanner - Identified candidate component class: URL [jar:file:/E:/ideaXM/itrip/itrip-dao/target/itrip-dao-1.0-SNAPSHOT.jar!/cn/itrip/dao/hotelorder/ItripHotelOrderMapper.class]
- (4452 ms) - [DEBUG] 2018-12-30 19:24:58,064 org.mybatis.spring.mapper.ClassPathMapperScanner - Identified candidate component class: URL [jar:file:/E:/ideaXM/itrip/itrip-dao/target/itrip-dao-1.0-SNAPSHOT.jar!/cn/itrip/dao/image/ItripImageMapper.class]
- (4453 ms) - [DEBUG] 2018-12-30 19:24:58,065 org.mybatis.spring.mapper.ClassPathMapperScanner - Identified candidate component class: URL [jar:file:/E:/ideaXM/itrip/itrip-dao/target/itrip-dao-1.0-SNAPSHOT.jar!/cn/itrip/dao/label/ItripLabelMapper.class]
- (4454 ms) - [DEBUG] 2018-12-30 19:24:58,066 org.mybatis.spring.mapper.ClassPathMapperScanner - Identified candidate component class: URL [jar:file:/E:/ideaXM/itrip/itrip-dao/target/itrip-dao-1.0-SNAPSHOT.jar!/cn/itrip/dao/labeldic/ItripLabelDicMapper.class]
- (4454 ms) - [DEBUG] 2018-12-30 19:24:58,066 org.mybatis.spring.mapper.ClassPathMapperScanner - Identified candidate component class: URL [jar:file:/E:/ideaXM/itrip/itrip-dao/target/itrip-dao-1.0-SNAPSHOT.jar!/cn/itrip/dao/user/ItripUserMapper.class]
- (4455 ms) - [DEBUG] 2018-12-30 19:24:58,067 org.mybatis.spring.mapper.ClassPathMapperScanner - Identified candidate component class: URL [jar:file:/E:/ideaXM/itrip/itrip-dao/target/itrip-dao-1.0-SNAPSHOT.jar!/cn/itrip/dao/userlinkuser/ItripUserLinkUserMapper.class]
- (4455 ms) - [DEBUG] 2018-12-30 19:24:58,067 org.mybatis.spring.mapper.ClassPathMapperScanner - Creating MapperFactoryBean with name 'itripHotMapper' and 'cn.itrip.dao.area.ItripHotMapper' mapperInterface
- (4455 ms) - [DEBUG] 2018-12-30 19:24:58,067 org.mybatis.spring.mapper.ClassPathMapperScanner - Enabling autowire by type for MapperFactoryBean with name 'itripHotMapper'.
- (4455 ms) - [DEBUG] 2018-12-30 19:24:58,067 org.mybatis.spring.mapper.ClassPathMapperScanner - Creating MapperFactoryBean with name 'itripAreaDicMapper' and 'cn.itrip.dao.areadic.ItripAreaDicMapper' mapperInterface
- (4455 ms) - [DEBUG] 2018-12-30 19:24:58,067 org.mybatis.spring.mapper.ClassPathMapperScanner - Enabling autowire by type for MapperFactoryBean with name 'itripAreaDicMapper'.
- (4455 ms) - [DEBUG] 2018-12-30 19:24:58,067 org.mybatis.spring.mapper.ClassPathMapperScanner - Creating MapperFactoryBean with name 'itripCommentMapper' and 'cn.itrip.dao.comment.ItripCommentMapper' mapperInterface
- (4456 ms) - [DEBUG] 2018-12-30 19:24:58,068 org.mybatis.spring.mapper.ClassPathMapperScanner - Enabling autowire by type for MapperFactoryBean with name 'itripCommentMapper'.
- (4456 ms) - [DEBUG] 2018-12-30 19:24:58,068 org.mybatis.spring.mapper.ClassPathMapperScanner - Creating MapperFactoryBean with name 'itripHotelMapper' and 'cn.itrip.dao.hotel.ItripHotelMapper' mapperInterface
- (4456 ms) - [DEBUG] 2018-12-30 19:24:58,068 org.mybatis.spring.mapper.ClassPathMapperScanner - Enabling autowire by type for MapperFactoryBean with name 'itripHotelMapper'.
- (4456 ms) - [DEBUG] 2018-12-30 19:24:58,068 org.mybatis.spring.mapper.ClassPathMapperScanner - Creating MapperFactoryBean with name 'itripHotelOrderMapper' and 'cn.itrip.dao.hotelorder.ItripHotelOrderMapper' mapperInterface
- (4456 ms) - [DEBUG] 2018-12-30 19:24:58,068 org.mybatis.spring.mapper.ClassPathMapperScanner - Enabling autowire by type for MapperFactoryBean with name 'itripHotelOrderMapper'.
- (4456 ms) - [DEBUG] 2018-12-30 19:24:58,068 org.mybatis.spring.mapper.ClassPathMapperScanner - Creating MapperFactoryBean with name 'itripImageMapper' and 'cn.itrip.dao.image.ItripImageMapper' mapperInterface
- (4456 ms) - [DEBUG] 2018-12-30 19:24:58,068 org.mybatis.spring.mapper.ClassPathMapperScanner - Enabling autowire by type for MapperFactoryBean with name 'itripImageMapper'.
- (4456 ms) - [DEBUG] 2018-12-30 19:24:58,068 org.mybatis.spring.mapper.ClassPathMapperScanner - Creating MapperFactoryBean with name 'itripLabelMapper' and 'cn.itrip.dao.label.ItripLabelMapper' mapperInterface
- (4457 ms) - [DEBUG] 2018-12-30 19:24:58,069 org.mybatis.spring.mapper.ClassPathMapperScanner - Enabling autowire by type for MapperFactoryBean with name 'itripLabelMapper'.
- (4457 ms) - [DEBUG] 2018-12-30 19:24:58,069 org.mybatis.spring.mapper.ClassPathMapperScanner - Creating MapperFactoryBean with name 'itripLabelDicMapper' and 'cn.itrip.dao.labeldic.ItripLabelDicMapper' mapperInterface
- (4457 ms) - [DEBUG] 2018-12-30 19:24:58,069 org.mybatis.spring.mapper.ClassPathMapperScanner - Enabling autowire by type for MapperFactoryBean with name 'itripLabelDicMapper'.
- (4457 ms) - [DEBUG] 2018-12-30 19:24:58,069 org.mybatis.spring.mapper.ClassPathMapperScanner - Creating MapperFactoryBean with name 'itripUserMapper' and 'cn.itrip.dao.user.ItripUserMapper' mapperInterface
- (4457 ms) - [DEBUG] 2018-12-30 19:24:58,069 org.mybatis.spring.mapper.ClassPathMapperScanner - Enabling autowire by type for MapperFactoryBean with name 'itripUserMapper'.
- (4457 ms) - [DEBUG] 2018-12-30 19:24:58,069 org.mybatis.spring.mapper.ClassPathMapperScanner - Creating MapperFactoryBean with name 'itripUserLinkUserMapper' and 'cn.itrip.dao.userlinkuser.ItripUserLinkUserMapper' mapperInterface
- (4457 ms) - [DEBUG] 2018-12-30 19:24:58,069 org.mybatis.spring.mapper.ClassPathMapperScanner - Enabling autowire by type for MapperFactoryBean with name 'itripUserLinkUserMapper'.
- (4458 ms) - [DEBUG] 2018-12-30 19:24:58,070 org.springframework.beans.factory.support.DefaultListableBeanFactory - Creating shared instance of singleton bean 'org.springframework.context.support.PropertySourcesPlaceholderConfigurer#0'
- (4458 ms) - [DEBUG] 2018-12-30 19:24:58,070 org.springframework.beans.factory.support.DefaultListableBeanFactory - Creating instance of bean 'org.springframework.context.support.PropertySourcesPlaceholderConfigurer#0'
- (4459 ms) - [DEBUG] 2018-12-30 19:24:58,071 org.springframework.beans.factory.support.DefaultListableBeanFactory - Eagerly caching bean 'org.springframework.context.support.PropertySourcesPlaceholderConfigurer#0' to allow for resolving potential circular references
- (4459 ms) - [DEBUG] 2018-12-30 19:24:58,071 org.springframework.beans.factory.support.DefaultListableBeanFactory - Finished creating instance of bean 'org.springframework.context.support.PropertySourcesPlaceholderConfigurer#0'
- (4459 ms) - [DEBUG] 2018-12-30 19:24:58,071 org.springframework.core.env.MutablePropertySources - Adding [environmentProperties] PropertySource with lowest search precedence
- (4459 ms) - [INFO] 2018-12-30 19:24:58,071 org.springframework.context.support.PropertySourcesPlaceholderConfigurer - Loading properties file from class path resource [database.properties]
- (4460 ms) - [DEBUG] 2018-12-30 19:24:58,072 org.springframework.core.env.MutablePropertySources - Adding [localProperties] PropertySource with lowest search precedence
- (4460 ms) - [DEBUG] 2018-12-30 19:24:58,072 org.springframework.core.env.PropertySourcesPropertyResolver - Searching for key 'mysql.driver' in [environmentProperties]
- (4461 ms) - [DEBUG] 2018-12-30 19:24:58,073 org.springframework.core.env.PropertySourcesPropertyResolver - Searching for key 'mysql.driver' in [systemProperties]
- (4461 ms) - [DEBUG] 2018-12-30 19:24:58,073 org.springframework.core.env.PropertySourcesPropertyResolver - Searching for key 'mysql.driver' in [systemEnvironment]
- (4461 ms) - [DEBUG] 2018-12-30 19:24:58,073 org.springframework.core.env.PropertySourcesPropertyResolver - Could not find key 'mysql.driver' in any property source. Returning [null]
- (4462 ms) - [DEBUG] 2018-12-30 19:24:58,074 org.springframework.core.env.PropertySourcesPropertyResolver - Searching for key 'mysql.driver' in [localProperties]
- (4462 ms) - [DEBUG] 2018-12-30 19:24:58,074 org.springframework.core.env.PropertySourcesPropertyResolver - Found key 'mysql.driver' in [localProperties] with type [String] and value 'com.mysql.jdbc.Driver'
- (4462 ms) - [DEBUG] 2018-12-30 19:24:58,074 org.springframework.core.env.PropertySourcesPropertyResolver - Searching for key 'mysql.url' in [environmentProperties]
- (4462 ms) - [DEBUG] 2018-12-30 19:24:58,074 org.springframework.core.env.PropertySourcesPropertyResolver - Searching for key 'mysql.url' in [systemProperties]
- (4462 ms) - [DEBUG] 2018-12-30 19:24:58,074 org.springframework.core.env.PropertySourcesPropertyResolver - Searching for key 'mysql.url' in [systemEnvironment]
- (4463 ms) - [DEBUG] 2018-12-30 19:24:58,075 org.springframework.core.env.PropertySourcesPropertyResolver - Could not find key 'mysql.url' in any property source. Returning [null]
- (4463 ms) - [DEBUG] 2018-12-30 19:24:58,075 org.springframework.core.env.PropertySourcesPropertyResolver - Searching for key 'mysql.url' in [localProperties]
- (4463 ms) - [DEBUG] 2018-12-30 19:24:58,075 org.springframework.core.env.PropertySourcesPropertyResolver - Found key 'mysql.url' in [localProperties] with type [String] and value 'jdbc:mysql://127.0.0.1:3306/itripdb?useUnicode=true&characterEncoding=utf-8'
- (4463 ms) - [DEBUG] 2018-12-30 19:24:58,075 org.springframework.core.env.PropertySourcesPropertyResolver - Searching for key 'mysql.user' in [environmentProperties]
- (4463 ms) - [DEBUG] 2018-12-30 19:24:58,075 org.springframework.core.env.PropertySourcesPropertyResolver - Searching for key 'mysql.user' in [systemProperties]
- (4464 ms) - [DEBUG] 2018-12-30 19:24:58,076 org.springframework.core.env.PropertySourcesPropertyResolver - Searching for key 'mysql.user' in [systemEnvironment]
- (4464 ms) - [DEBUG] 2018-12-30 19:24:58,076 org.springframework.core.env.PropertySourcesPropertyResolver - Could not find key 'mysql.user' in any property source. Returning [null]
- (4464 ms) - [DEBUG] 2018-12-30 19:24:58,076 org.springframework.core.env.PropertySourcesPropertyResolver - Searching for key 'mysql.user' in [localProperties]
- (4464 ms) - [DEBUG] 2018-12-30 19:24:58,076 org.springframework.core.env.PropertySourcesPropertyResolver - Found key 'mysql.user' in [localProperties] with type [String] and value 'itrip'
- (4464 ms) - [DEBUG] 2018-12-30 19:24:58,076 org.springframework.core.env.PropertySourcesPropertyResolver - Searching for key 'mysql.password' in [environmentProperties]
- (4464 ms) - [DEBUG] 2018-12-30 19:24:58,076 org.springframework.core.env.PropertySourcesPropertyResolver - Searching for key 'mysql.password' in [systemProperties]
- (4465 ms) - [DEBUG] 2018-12-30 19:24:58,077 org.springframework.core.env.PropertySourcesPropertyResolver - Searching for key 'mysql.password' in [systemEnvironment]
- (4465 ms) - [DEBUG] 2018-12-30 19:24:58,077 org.springframework.core.env.PropertySourcesPropertyResolver - Could not find key 'mysql.password' in any property source. Returning [null]
- (4465 ms) - [DEBUG] 2018-12-30 19:24:58,077 org.springframework.core.env.PropertySourcesPropertyResolver - Searching for key 'mysql.password' in [localProperties]
- (4465 ms) - [DEBUG] 2018-12-30 19:24:58,077 org.springframework.core.env.PropertySourcesPropertyResolver - Found key 'mysql.password' in [localProperties] with type [String] and value 'itripqaz!@#$QAZXXX'
- (4465 ms) - [DEBUG] 2018-12-30 19:24:58,077 org.springframework.core.env.PropertySourcesPropertyResolver - Searching for key 'mysql.initialSize' in [environmentProperties]
- (4466 ms) - [DEBUG] 2018-12-30 19:24:58,078 org.springframework.core.env.PropertySourcesPropertyResolver - Searching for key 'mysql.initialSize' in [systemProperties]
- (4466 ms) - [DEBUG] 2018-12-30 19:24:58,078 org.springframework.core.env.PropertySourcesPropertyResolver - Searching for key 'mysql.initialSize' in [systemEnvironment]
- (4466 ms) - [DEBUG] 2018-12-30 19:24:58,078 org.springframework.core.env.PropertySourcesPropertyResolver - Could not find key 'mysql.initialSize' in any property source. Returning [null]
- (4466 ms) - [DEBUG] 2018-12-30 19:24:58,078 org.springframework.core.env.PropertySourcesPropertyResolver - Searching for key 'mysql.initialSize' in [localProperties]
- (4466 ms) - [DEBUG] 2018-12-30 19:24:58,078 org.springframework.core.env.PropertySourcesPropertyResolver - Found key 'mysql.initialSize' in [localProperties] with type [String] and value '5'
- (4466 ms) - [DEBUG] 2018-12-30 19:24:58,078 org.springframework.core.env.PropertySourcesPropertyResolver - Searching for key 'mysql.maxActive' in [environmentProperties]
- (4467 ms) - [DEBUG] 2018-12-30 19:24:58,079 org.springframework.core.env.PropertySourcesPropertyResolver - Searching for key 'mysql.maxActive' in [systemProperties]
- (4467 ms) - [DEBUG] 2018-12-30 19:24:58,079 org.springframework.core.env.PropertySourcesPropertyResolver - Searching for key 'mysql.maxActive' in [systemEnvironment]
- (4467 ms) - [DEBUG] 2018-12-30 19:24:58,079 org.springframework.core.env.PropertySourcesPropertyResolver - Could not find key 'mysql.maxActive' in any property source. Returning [null]
- (4467 ms) - [DEBUG] 2018-12-30 19:24:58,079 org.springframework.core.env.PropertySourcesPropertyResolver - Searching for key 'mysql.maxActive' in [localProperties]
- (4467 ms) - [DEBUG] 2018-12-30 19:24:58,079 org.springframework.core.env.PropertySourcesPropertyResolver - Found key 'mysql.maxActive' in [localProperties] with type [String] and value '100'
- (4468 ms) - [DEBUG] 2018-12-30 19:24:58,080 org.springframework.core.env.PropertySourcesPropertyResolver - Searching for key 'mysql.maxIdle' in [environmentProperties]
- (4468 ms) - [DEBUG] 2018-12-30 19:24:58,080 org.springframework.core.env.PropertySourcesPropertyResolver - Searching for key 'mysql.maxIdle' in [systemProperties]
- (4468 ms) - [DEBUG] 2018-12-30 19:24:58,080 org.springframework.core.env.PropertySourcesPropertyResolver - Searching for key 'mysql.maxIdle' in [systemEnvironment]
- (4468 ms) - [DEBUG] 2018-12-30 19:24:58,080 org.springframework.core.env.PropertySourcesPropertyResolver - Could not find key 'mysql.maxIdle' in any property source. Returning [null]
- (4468 ms) - [DEBUG] 2018-12-30 19:24:58,080 org.springframework.core.env.PropertySourcesPropertyResolver - Searching for key 'mysql.maxIdle' in [localProperties]
- (4468 ms) - [DEBUG] 2018-12-30 19:24:58,080 org.springframework.core.env.PropertySourcesPropertyResolver - Found key 'mysql.maxIdle' in [localProperties] with type [String] and value '50'
- (4469 ms) - [DEBUG] 2018-12-30 19:24:58,081 org.springframework.core.env.PropertySourcesPropertyResolver - Searching for key 'mysql.minIdle' in [environmentProperties]
- (4469 ms) - [DEBUG] 2018-12-30 19:24:58,081 org.springframework.core.env.PropertySourcesPropertyResolver - Searching for key 'mysql.minIdle' in [systemProperties]
- (4469 ms) - [DEBUG] 2018-12-30 19:24:58,081 org.springframework.core.env.PropertySourcesPropertyResolver - Searching for key 'mysql.minIdle' in [systemEnvironment]
- (4469 ms) - [DEBUG] 2018-12-30 19:24:58,081 org.springframework.core.env.PropertySourcesPropertyResolver - Could not find key 'mysql.minIdle' in any property source. Returning [null]
- (4469 ms) - [DEBUG] 2018-12-30 19:24:58,081 org.springframework.core.env.PropertySourcesPropertyResolver - Searching for key 'mysql.minIdle' in [localProperties]
- (4470 ms) - [DEBUG] 2018-12-30 19:24:58,082 org.springframework.core.env.PropertySourcesPropertyResolver - Found key 'mysql.minIdle' in [localProperties] with type [String] and value '45'
- (4470 ms) - [DEBUG] 2018-12-30 19:24:58,082 org.springframework.core.env.PropertySourcesPropertyResolver - Searching for key 'mysql.maxWait' in [environmentProperties]
- (4470 ms) - [DEBUG] 2018-12-30 19:24:58,082 org.springframework.core.env.PropertySourcesPropertyResolver - Searching for key 'mysql.maxWait' in [systemProperties]
- (4470 ms) - [DEBUG] 2018-12-30 19:24:58,082 org.springframework.core.env.PropertySourcesPropertyResolver - Searching for key 'mysql.maxWait' in [systemEnvironment]
- (4470 ms) - [DEBUG] 2018-12-30 19:24:58,082 org.springframework.core.env.PropertySourcesPropertyResolver - Could not find key 'mysql.maxWait' in any property source. Returning [null]
- (4470 ms) - [DEBUG] 2018-12-30 19:24:58,082 org.springframework.core.env.PropertySourcesPropertyResolver - Searching for key 'mysql.maxWait' in [localProperties]
- (4476 ms) - [DEBUG] 2018-12-30 19:24:58,088 org.springframework.core.env.PropertySourcesPropertyResolver - Found key 'mysql.maxWait' in [localProperties] with type [String] and value '100'
- (4476 ms) - [DEBUG] 2018-12-30 19:24:58,088 org.springframework.core.env.PropertySourcesPropertyResolver - Searching for key 'mysql.removeAbandoned' in [environmentProperties]
- (4477 ms) - [DEBUG] 2018-12-30 19:24:58,089 org.springframework.core.env.PropertySourcesPropertyResolver - Searching for key 'mysql.removeAbandoned' in [systemProperties]
- (4477 ms) - [DEBUG] 2018-12-30 19:24:58,089 org.springframework.core.env.PropertySourcesPropertyResolver - Searching for key 'mysql.removeAbandoned' in [systemEnvironment]
- (4477 ms) - [DEBUG] 2018-12-30 19:24:58,089 org.springframework.core.env.PropertySourcesPropertyResolver - Could not find key 'mysql.removeAbandoned' in any property source. Returning [null]
- (4477 ms) - [DEBUG] 2018-12-30 19:24:58,089 org.springframework.core.env.PropertySourcesPropertyResolver - Searching for key 'mysql.removeAbandoned' in [localProperties]
- (4478 ms) - [DEBUG] 2018-12-30 19:24:58,090 org.springframework.core.env.PropertySourcesPropertyResolver - Found key 'mysql.removeAbandoned' in [localProperties] with type [String] and value 'true'
- (4478 ms) - [DEBUG] 2018-12-30 19:24:58,090 org.springframework.core.env.PropertySourcesPropertyResolver - Searching for key 'mysql.removeAbandonedTimeout' in [environmentProperties]
- (4478 ms) - [DEBUG] 2018-12-30 19:24:58,090 org.springframework.core.env.PropertySourcesPropertyResolver - Searching for key 'mysql.removeAbandonedTimeout' in [systemProperties]
- (4478 ms) - [DEBUG] 2018-12-30 19:24:58,090 org.springframework.core.env.PropertySourcesPropertyResolver - Searching for key 'mysql.removeAbandonedTimeout' in [systemEnvironment]
- (4478 ms) - [DEBUG] 2018-12-30 19:24:58,090 org.springframework.core.env.PropertySourcesPropertyResolver - Could not find key 'mysql.removeAbandonedTimeout' in any property source. Returning [null]
- (4479 ms) - [DEBUG] 2018-12-30 19:24:58,091 org.springframework.core.env.PropertySourcesPropertyResolver - Searching for key 'mysql.removeAbandonedTimeout' in [localProperties]
- (4479 ms) - [DEBUG] 2018-12-30 19:24:58,091 org.springframework.core.env.PropertySourcesPropertyResolver - Found key 'mysql.removeAbandonedTimeout' in [localProperties] with type [String] and value '180'
- (4479 ms) - [DEBUG] 2018-12-30 19:24:58,091 org.springframework.core.env.PropertySourcesPropertyResolver - Searching for key 'mysql.maxActive' in [environmentProperties]
- (4479 ms) - [DEBUG] 2018-12-30 19:24:58,091 org.springframework.core.env.PropertySourcesPropertyResolver - Searching for key 'mysql.maxActive' in [systemProperties]
- (4479 ms) - [DEBUG] 2018-12-30 19:24:58,091 org.springframework.core.env.PropertySourcesPropertyResolver - Searching for key 'mysql.maxActive' in [systemEnvironment]
- (4479 ms) - [DEBUG] 2018-12-30 19:24:58,091 org.springframework.core.env.PropertySourcesPropertyResolver - Could not find key 'mysql.maxActive' in any property source. Returning [null]
- (4480 ms) - [DEBUG] 2018-12-30 19:24:58,092 org.springframework.core.env.PropertySourcesPropertyResolver - Searching for key 'mysql.maxActive' in [localProperties]
- (4480 ms) - [DEBUG] 2018-12-30 19:24:58,092 org.springframework.core.env.PropertySourcesPropertyResolver - Found key 'mysql.maxActive' in [localProperties] with type [String] and value '100'
- (4480 ms) - [DEBUG] 2018-12-30 19:24:58,092 org.springframework.core.env.PropertySourcesPropertyResolver - Searching for key 'redis.maxActive' in [environmentProperties]
- (4480 ms) - [DEBUG] 2018-12-30 19:24:58,092 org.springframework.core.env.PropertySourcesPropertyResolver - Searching for key 'redis.maxActive' in [systemProperties]
- (4481 ms) - [DEBUG] 2018-12-30 19:24:58,093 org.springframework.core.env.PropertySourcesPropertyResolver - Searching for key 'redis.maxActive' in [systemEnvironment]
- (4481 ms) - [DEBUG] 2018-12-30 19:24:58,093 org.springframework.core.env.PropertySourcesPropertyResolver - Could not find key 'redis.maxActive' in any property source. Returning [null]
- (4481 ms) - [DEBUG] 2018-12-30 19:24:58,093 org.springframework.core.env.PropertySourcesPropertyResolver - Searching for key 'redis.maxActive' in [localProperties]
- (4481 ms) - [DEBUG] 2018-12-30 19:24:58,093 org.springframework.core.env.PropertySourcesPropertyResolver - Found key 'redis.maxActive' in [localProperties] with type [String] and value '300'
- (4482 ms) - [DEBUG] 2018-12-30 19:24:58,094 org.springframework.core.env.PropertySourcesPropertyResolver - Searching for key 'redis.maxIdle' in [environmentProperties]
- (4482 ms) - [DEBUG] 2018-12-30 19:24:58,094 org.springframework.core.env.PropertySourcesPropertyResolver - Searching for key 'redis.maxIdle' in [systemProperties]
- (4482 ms) - [DEBUG] 2018-12-30 19:24:58,094 org.springframework.core.env.PropertySourcesPropertyResolver - Searching for key 'redis.maxIdle' in [systemEnvironment]
- (4482 ms) - [DEBUG] 2018-12-30 19:24:58,094 org.springframework.core.env.PropertySourcesPropertyResolver - Could not find key 'redis.maxIdle' in any property source. Returning [null]
- (4482 ms) - [DEBUG] 2018-12-30 19:24:58,094 org.springframework.core.env.PropertySourcesPropertyResolver - Searching for key 'redis.maxIdle' in [localProperties]
- (4482 ms) - [DEBUG] 2018-12-30 19:24:58,094 org.springframework.core.env.PropertySourcesPropertyResolver - Found key 'redis.maxIdle' in [localProperties] with type [String] and value '100'
- (4483 ms) - [DEBUG] 2018-12-30 19:24:58,095 org.springframework.core.env.PropertySourcesPropertyResolver - Searching for key 'redis.maxWait' in [environmentProperties]
- (4483 ms) - [DEBUG] 2018-12-30 19:24:58,095 org.springframework.core.env.PropertySourcesPropertyResolver - Searching for key 'redis.maxWait' in [systemProperties]
- (4483 ms) - [DEBUG] 2018-12-30 19:24:58,095 org.springframework.core.env.PropertySourcesPropertyResolver - Searching for key 'redis.maxWait' in [systemEnvironment]
- (4483 ms) - [DEBUG] 2018-12-30 19:24:58,095 org.springframework.core.env.PropertySourcesPropertyResolver - Could not find key 'redis.maxWait' in any property source. Returning [null]
- (4483 ms) - [DEBUG] 2018-12-30 19:24:58,095 org.springframework.core.env.PropertySourcesPropertyResolver - Searching for key 'redis.maxWait' in [localProperties]
- (4483 ms) - [DEBUG] 2018-12-30 19:24:58,095 org.springframework.core.env.PropertySourcesPropertyResolver - Found key 'redis.maxWait' in [localProperties] with type [String] and value '1000'
- (4484 ms) - [DEBUG] 2018-12-30 19:24:58,096 org.springframework.core.env.PropertySourcesPropertyResolver - Searching for key 'redis.host' in [environmentProperties]
- (4484 ms) - [DEBUG] 2018-12-30 19:24:58,096 org.springframework.core.env.PropertySourcesPropertyResolver - Searching for key 'redis.host' in [systemProperties]
- (4484 ms) - [DEBUG] 2018-12-30 19:24:58,096 org.springframework.core.env.PropertySourcesPropertyResolver - Searching for key 'redis.host' in [systemEnvironment]
- (4484 ms) - [DEBUG] 2018-12-30 19:24:58,096 org.springframework.core.env.PropertySourcesPropertyResolver - Could not find key 'redis.host' in any property source. Returning [null]
- (4484 ms) - [DEBUG] 2018-12-30 19:24:58,096 org.springframework.core.env.PropertySourcesPropertyResolver - Searching for key 'redis.host' in [localProperties]
- (4484 ms) - [DEBUG] 2018-12-30 19:24:58,096 org.springframework.core.env.PropertySourcesPropertyResolver - Found key 'redis.host' in [localProperties] with type [String] and value '127.0.0.1'
- (4484 ms) - [DEBUG] 2018-12-30 19:24:58,096 org.springframework.core.env.PropertySourcesPropertyResolver - Searching for key 'redis.port' in [environmentProperties]
- (4485 ms) - [DEBUG] 2018-12-30 19:24:58,097 org.springframework.core.env.PropertySourcesPropertyResolver - Searching for key 'redis.port' in [systemProperties]
- (4485 ms) - [DEBUG] 2018-12-30 19:24:58,097 org.springframework.core.env.PropertySourcesPropertyResolver - Searching for key 'redis.port' in [systemEnvironment]
- (4485 ms) - [DEBUG] 2018-12-30 19:24:58,097 org.springframework.core.env.PropertySourcesPropertyResolver - Could not find key 'redis.port' in any property source. Returning [null]
- (4485 ms) - [DEBUG] 2018-12-30 19:24:58,097 org.springframework.core.env.PropertySourcesPropertyResolver - Searching for key 'redis.port' in [localProperties]
- (4485 ms) - [DEBUG] 2018-12-30 19:24:58,097 org.springframework.core.env.PropertySourcesPropertyResolver - Found key 'redis.port' in [localProperties] with type [String] and value '6379'
- (4486 ms) - [DEBUG] 2018-12-30 19:24:58,098 org.springframework.core.env.PropertySourcesPropertyResolver - Searching for key 'redis.timeout' in [environmentProperties]
- (4486 ms) - [DEBUG] 2018-12-30 19:24:58,098 org.springframework.core.env.PropertySourcesPropertyResolver - Searching for key 'redis.timeout' in [systemProperties]
- (4486 ms) - [DEBUG] 2018-12-30 19:24:58,098 org.springframework.core.env.PropertySourcesPropertyResolver - Searching for key 'redis.timeout' in [systemEnvironment]
- (4486 ms) - [DEBUG] 2018-12-30 19:24:58,098 org.springframework.core.env.PropertySourcesPropertyResolver - Could not find key 'redis.timeout' in any property source. Returning [null]
- (4486 ms) - [DEBUG] 2018-12-30 19:24:58,098 org.springframework.core.env.PropertySourcesPropertyResolver - Searching for key 'redis.timeout' in [localProperties]
- (4486 ms) - [DEBUG] 2018-12-30 19:24:58,098 org.springframework.core.env.PropertySourcesPropertyResolver - Found key 'redis.timeout' in [localProperties] with type [String] and value '3000'
- (4486 ms) - [DEBUG] 2018-12-30 19:24:58,098 org.springframework.core.env.PropertySourcesPropertyResolver - Searching for key 'redis.pass' in [environmentProperties]
- (4487 ms) - [DEBUG] 2018-12-30 19:24:58,099 org.springframework.core.env.PropertySourcesPropertyResolver - Searching for key 'redis.pass' in [systemProperties]
- (4487 ms) - [DEBUG] 2018-12-30 19:24:58,099 org.springframework.core.env.PropertySourcesPropertyResolver - Searching for key 'redis.pass' in [systemEnvironment]
- (4488 ms) - [DEBUG] 2018-12-30 19:24:58,100 org.springframework.core.env.PropertySourcesPropertyResolver - Could not find key 'redis.pass' in any property source. Returning [null]
- (4488 ms) - [DEBUG] 2018-12-30 19:24:58,100 org.springframework.core.env.PropertySourcesPropertyResolver - Searching for key 'redis.pass' in [localProperties]
- (4495 ms) - [DEBUG] 2018-12-30 19:24:58,107 org.springframework.core.env.PropertySourcesPropertyResolver - Found key 'redis.pass' in [localProperties] with type [String] and value 'redis@WSX!QAZ1234XXX'
- (4497 ms) - [DEBUG] 2018-12-30 19:24:58,109 org.springframework.core.env.PropertySourcesPropertyResolver - Searching for key 'redis.default.db' in [environmentProperties]
- (4497 ms) - [DEBUG] 2018-12-30 19:24:58,109 org.springframework.core.env.PropertySourcesPropertyResolver - Searching for key 'redis.default.db' in [systemProperties]
- (4497 ms) - [DEBUG] 2018-12-30 19:24:58,109 org.springframework.core.env.PropertySourcesPropertyResolver - Searching for key 'redis.default.db' in [systemEnvironment]
- (4497 ms) - [DEBUG] 2018-12-30 19:24:58,109 org.springframework.core.env.PropertySourcesPropertyResolver - Could not find key 'redis.default.db' in any property source. Returning [null]
- (4498 ms) - [DEBUG] 2018-12-30 19:24:58,110 org.springframework.core.env.PropertySourcesPropertyResolver - Searching for key 'redis.default.db' in [localProperties]
- (4498 ms) - [DEBUG] 2018-12-30 19:24:58,110 org.springframework.core.env.PropertySourcesPropertyResolver - Found key 'redis.default.db' in [localProperties] with type [String] and value '0'
- (4502 ms) - [DEBUG] 2018-12-30 19:24:58,114 org.springframework.beans.factory.support.DefaultListableBeanFactory - Creating shared instance of singleton bean 'org.springframework.context.annotation.internalAutowiredAnnotationProcessor'
- (4502 ms) - [DEBUG] 2018-12-30 19:24:58,114 org.springframework.beans.factory.support.DefaultListableBeanFactory - Creating instance of bean 'org.springframework.context.annotation.internalAutowiredAnnotationProcessor'
- (4503 ms) - [DEBUG] 2018-12-30 19:24:58,115 org.springframework.beans.factory.support.DefaultListableBeanFactory - Eagerly caching bean 'org.springframework.context.annotation.internalAutowiredAnnotationProcessor' to allow for resolving potential circular references
- (4503 ms) - [DEBUG] 2018-12-30 19:24:58,115 org.springframework.beans.factory.support.DefaultListableBeanFactory - Finished creating instance of bean 'org.springframework.context.annotation.internalAutowiredAnnotationProcessor'
- (4504 ms) - [DEBUG] 2018-12-30 19:24:58,116 org.springframework.beans.factory.support.DefaultListableBeanFactory - Creating shared instance of singleton bean 'org.springframework.context.annotation.internalRequiredAnnotationProcessor'
- (4504 ms) - [DEBUG] 2018-12-30 19:24:58,116 org.springframework.beans.factory.support.DefaultListableBeanFactory - Creating instance of bean 'org.springframework.context.annotation.internalRequiredAnnotationProcessor'
- (4504 ms) - [DEBUG] 2018-12-30 19:24:58,116 org.springframework.beans.factory.support.DefaultListableBeanFactory - Eagerly caching bean 'org.springframework.context.annotation.internalRequiredAnnotationProcessor' to allow for resolving potential circular references
- (4504 ms) - [DEBUG] 2018-12-30 19:24:58,116 org.springframework.beans.factory.support.DefaultListableBeanFactory - Finished creating instance of bean 'org.springframework.context.annotation.internalRequiredAnnotationProcessor'
- (4504 ms) - [DEBUG] 2018-12-30 19:24:58,116 org.springframework.beans.factory.support.DefaultListableBeanFactory - Creating shared instance of singleton bean 'org.springframework.context.annotation.internalCommonAnnotationProcessor'
- (4504 ms) - [DEBUG] 2018-12-30 19:24:58,116 org.springframework.beans.factory.support.DefaultListableBeanFactory - Creating instance of bean 'org.springframework.context.annotation.internalCommonAnnotationProcessor'
- (4504 ms) - [DEBUG] 2018-12-30 19:24:58,116 org.springframework.beans.factory.support.DefaultListableBeanFactory - Eagerly caching bean 'org.springframework.context.annotation.internalCommonAnnotationProcessor' to allow for resolving potential circular references
- (4505 ms) - [DEBUG] 2018-12-30 19:24:58,117 org.springframework.beans.factory.support.DefaultListableBeanFactory - Finished creating instance of bean 'org.springframework.context.annotation.internalCommonAnnotationProcessor'
- (4505 ms) - [DEBUG] 2018-12-30 19:24:58,117 org.springframework.beans.factory.support.DefaultListableBeanFactory - Creating shared instance of singleton bean 'org.springframework.context.annotation.ConfigurationClassPostProcessor.importAwareProcessor'
- (4505 ms) - [DEBUG] 2018-12-30 19:24:58,117 org.springframework.beans.factory.support.DefaultListableBeanFactory - Creating instance of bean 'org.springframework.context.annotation.ConfigurationClassPostProcessor.importAwareProcessor'
- (4506 ms) - [DEBUG] 2018-12-30 19:24:58,118 org.springframework.beans.factory.support.DefaultListableBeanFactory - Eagerly caching bean 'org.springframework.context.annotation.ConfigurationClassPostProcessor.importAwareProcessor' to allow for resolving potential circular references
- (4506 ms) - [DEBUG] 2018-12-30 19:24:58,118 org.springframework.beans.factory.support.DefaultListableBeanFactory - Finished creating instance of bean 'org.springframework.context.annotation.ConfigurationClassPostProcessor.importAwareProcessor'
- (4506 ms) - [DEBUG] 2018-12-30 19:24:58,118 org.springframework.beans.factory.support.DefaultListableBeanFactory - Creating shared instance of singleton bean 'org.springframework.context.annotation.ConfigurationClassPostProcessor.enhancedConfigurationProcessor'
- (4506 ms) - [DEBUG] 2018-12-30 19:24:58,118 org.springframework.beans.factory.support.DefaultListableBeanFactory - Creating instance of bean 'org.springframework.context.annotation.ConfigurationClassPostProcessor.enhancedConfigurationProcessor'
- (4506 ms) - [DEBUG] 2018-12-30 19:24:58,118 org.springframework.beans.factory.support.DefaultListableBeanFactory - Eagerly caching bean 'org.springframework.context.annotation.ConfigurationClassPostProcessor.enhancedConfigurationProcessor' to allow for resolving potential circular references
- (4507 ms) - [DEBUG] 2018-12-30 19:24:58,119 org.springframework.beans.factory.support.DefaultListableBeanFactory - Finished creating instance of bean 'org.springframework.context.annotation.ConfigurationClassPostProcessor.enhancedConfigurationProcessor'
- (4507 ms) - [DEBUG] 2018-12-30 19:24:58,119 org.springframework.beans.factory.support.DefaultListableBeanFactory - Creating shared instance of singleton bean 'org.springframework.aop.config.internalAutoProxyCreator'
- (4507 ms) - [DEBUG] 2018-12-30 19:24:58,119 org.springframework.beans.factory.support.DefaultListableBeanFactory - Creating instance of bean 'org.springframework.aop.config.internalAutoProxyCreator'
- (4508 ms) - [DEBUG] 2018-12-30 19:24:58,120 org.springframework.beans.factory.support.DefaultListableBeanFactory - Eagerly caching bean 'org.springframework.aop.config.internalAutoProxyCreator' to allow for resolving potential circular references
- (4508 ms) - [DEBUG] 2018-12-30 19:24:58,120 org.springframework.beans.factory.support.DefaultListableBeanFactory - Finished creating instance of bean 'org.springframework.aop.config.internalAutoProxyCreator'
- (4508 ms) - [DEBUG] 2018-12-30 19:24:58,120 org.springframework.context.support.ClassPathXmlApplicationContext - Unable to locate MessageSource with name 'messageSource': using default [org.springframework.context.support.DelegatingMessageSource@3fffff43]
- (4509 ms) - [DEBUG] 2018-12-30 19:24:58,121 org.springframework.context.support.ClassPathXmlApplicationContext - Unable to locate ApplicationEventMulticaster with name 'applicationEventMulticaster': using default [org.springframework.context.event.SimpleApplicationEventMulticaster@a8e6492]
- (4511 ms) - [DEBUG] 2018-12-30 19:24:58,123 org.springframework.beans.factory.support.DefaultListableBeanFactory - Pre-instantiating singletons in org.springframework.beans.factory.support.DefaultListableBeanFactory@7e928e2f: defining beans [org.springframework.web.servlet.resource.DefaultServletHttpRequestHandler#0,org.springframework.web.servlet.handler.SimpleUrlHandlerMapping#0,org.springframework.web.servlet.handler.BeanNameUrlHandlerMapping,org.springframework.web.servlet.mvc.HttpRequestHandlerAdapter,org.springframework.web.servlet.mvc.SimpleControllerHandlerAdapter,itripHotServiceImpl,itripAreaDicServiceImpl,itripCommentServiceImpl,itripHotelOrderServiceImpl,itripImageServiceImpl,itripLabelServiceImpl,itripLabelDicServiceImpl,itripUserServiceImpl,itripUserLinkUserServiceImpl,org.springframework.context.annotation.internalConfigurationAnnotationProcessor,org.springframework.context.annotation.internalAutowiredAnnotationProcessor,org.springframework.context.annotation.internalRequiredAnnotationProcessor,org.springframework.context.annotation.internalCommonAnnotationProcessor,org.springframework.context.support.PropertySourcesPlaceholderConfigurer#0,dataSource,txManager,sqlSessionFactoryBean,org.springframework.aop.config.internalAutoProxyCreator,transService,org.springframework.aop.support.DefaultBeanFactoryPointcutAdvisor#0,myAdvice,org.mybatis.spring.mapper.MapperScannerConfigurer#0,jedisPoolConfig,jedisPool,redisAPI,validationToken,org.springframework.context.annotation.ConfigurationClassPostProcessor.importAwareProcessor,org.springframework.context.annotation.ConfigurationClassPostProcessor.enhancedConfigurationProcessor,itripHotMapper,itripAreaDicMapper,itripCommentMapper,itripHotelMapper,itripHotelOrderMapper,itripImageMapper,itripLabelMapper,itripLabelDicMapper,itripUserMapper,itripUserLinkUserMapper]; root of factory hierarchy
- (4511 ms) - [DEBUG] 2018-12-30 19:24:58,123 org.springframework.beans.factory.support.DefaultListableBeanFactory - Creating shared instance of singleton bean 'org.springframework.web.servlet.resource.DefaultServletHttpRequestHandler#0'
- (4511 ms) - [DEBUG] 2018-12-30 19:24:58,123 org.springframework.beans.factory.support.DefaultListableBeanFactory - Creating instance of bean 'org.springframework.web.servlet.resource.DefaultServletHttpRequestHandler#0'
- (4512 ms) - [DEBUG] 2018-12-30 19:24:58,124 org.springframework.beans.factory.support.DefaultListableBeanFactory - Creating shared instance of singleton bean 'org.springframework.aop.support.DefaultBeanFactoryPointcutAdvisor#0'
- (4512 ms) - [DEBUG] 2018-12-30 19:24:58,124 org.springframework.beans.factory.support.DefaultListableBeanFactory - Creating instance of bean 'org.springframework.aop.support.DefaultBeanFactoryPointcutAdvisor#0'
- (4513 ms) - [DEBUG] 2018-12-30 19:24:58,125 org.springframework.beans.factory.support.DefaultListableBeanFactory - Eagerly caching bean 'org.springframework.aop.support.DefaultBeanFactoryPointcutAdvisor#0' to allow for resolving potential circular references
- (4514 ms) - [DEBUG] 2018-12-30 19:24:58,126 org.springframework.beans.factory.support.DefaultListableBeanFactory - Creating instance of bean 'transService'
- (4515 ms) - [DEBUG] 2018-12-30 19:24:58,127 org.springframework.beans.factory.support.DefaultListableBeanFactory - Finished creating instance of bean 'transService'
- (4515 ms) - [DEBUG] 2018-12-30 19:24:58,127 org.springframework.beans.factory.support.DefaultListableBeanFactory - Finished creating instance of bean 'org.springframework.aop.support.DefaultBeanFactoryPointcutAdvisor#0'
- (4517 ms) - [DEBUG] 2018-12-30 19:24:58,129 org.springframework.beans.factory.support.DefaultListableBeanFactory - Eagerly caching bean 'org.springframework.web.servlet.resource.DefaultServletHttpRequestHandler#0' to allow for resolving potential circular references
- (4517 ms) - [DEBUG] 2018-12-30 19:24:58,129 org.springframework.beans.factory.support.DefaultListableBeanFactory - Returning cached instance of singleton bean 'org.springframework.aop.support.DefaultBeanFactoryPointcutAdvisor#0'
- (4517 ms) - [DEBUG] 2018-12-30 19:24:58,129 org.springframework.beans.factory.support.DefaultListableBeanFactory - Returning cached instance of singleton bean 'org.springframework.aop.support.DefaultBeanFactoryPointcutAdvisor#0'
- (4518 ms) - [DEBUG] 2018-12-30 19:24:58,130 org.springframework.beans.factory.support.DefaultListableBeanFactory - Finished creating instance of bean 'org.springframework.web.servlet.resource.DefaultServletHttpRequestHandler#0'
- (4519 ms) - [DEBUG] 2018-12-30 19:24:58,131 org.springframework.beans.factory.support.DefaultListableBeanFactory - Creating shared instance of singleton bean 'org.springframework.web.servlet.handler.SimpleUrlHandlerMapping#0'
- (4519 ms) - [DEBUG] 2018-12-30 19:24:58,131 org.springframework.beans.factory.support.DefaultListableBeanFactory - Creating instance of bean 'org.springframework.web.servlet.handler.SimpleUrlHandlerMapping#0'
- (4519 ms) - [DEBUG] 2018-12-30 19:24:58,131 org.springframework.beans.factory.support.DefaultListableBeanFactory - Returning cached instance of singleton bean 'org.springframework.aop.support.DefaultBeanFactoryPointcutAdvisor#0'
- (4519 ms) - [DEBUG] 2018-12-30 19:24:58,131 org.springframework.beans.factory.support.DefaultListableBeanFactory - Eagerly caching bean 'org.springframework.web.servlet.handler.SimpleUrlHandlerMapping#0' to allow for resolving potential circular references
- (4520 ms) - [DEBUG] 2018-12-30 19:24:58,132 org.springframework.beans.factory.support.DefaultListableBeanFactory - Returning cached instance of singleton bean 'org.springframework.web.servlet.resource.DefaultServletHttpRequestHandler#0'
- (4521 ms) - [INFO] 2018-12-30 19:24:58,133 org.springframework.web.servlet.handler.SimpleUrlHandlerMapping - Mapped URL path [/**] onto handler 'org.springframework.web.servlet.resource.DefaultServletHttpRequestHandler#0'
- (4521 ms) - [DEBUG] 2018-12-30 19:24:58,133 org.springframework.beans.factory.support.DefaultListableBeanFactory - Returning cached instance of singleton bean 'org.springframework.aop.support.DefaultBeanFactoryPointcutAdvisor#0'
- (4521 ms) - [DEBUG] 2018-12-30 19:24:58,133 org.springframework.beans.factory.support.DefaultListableBeanFactory - Returning cached instance of singleton bean 'org.springframework.aop.support.DefaultBeanFactoryPointcutAdvisor#0'
- (4524 ms) - [DEBUG] 2018-12-30 19:24:58,136 org.springframework.beans.factory.support.DefaultListableBeanFactory - Finished creating instance of bean 'org.springframework.web.servlet.handler.SimpleUrlHandlerMapping#0'
- (4524 ms) - [DEBUG] 2018-12-30 19:24:58,136 org.springframework.beans.factory.support.DefaultListableBeanFactory - Creating shared instance of singleton bean 'org.springframework.web.servlet.handler.BeanNameUrlHandlerMapping'
- (4524 ms) - [DEBUG] 2018-12-30 19:24:58,136 org.springframework.beans.factory.support.DefaultListableBeanFactory - Creating instance of bean 'org.springframework.web.servlet.handler.BeanNameUrlHandlerMapping'
- (4524 ms) - [DEBUG] 2018-12-30 19:24:58,136 org.springframework.beans.factory.support.DefaultListableBeanFactory - Returning cached instance of singleton bean 'org.springframework.aop.support.DefaultBeanFactoryPointcutAdvisor#0'
- (4525 ms) - [DEBUG] 2018-12-30 19:24:58,137 org.springframework.beans.factory.support.DefaultListableBeanFactory - Eagerly caching bean 'org.springframework.web.servlet.handler.BeanNameUrlHandlerMapping' to allow for resolving potential circular references
- (4526 ms) - [DEBUG] 2018-12-30 19:24:58,138 org.springframework.web.servlet.handler.BeanNameUrlHandlerMapping - Looking for URL mappings in application context: org.springframework.context.support.ClassPathXmlApplicationContext@3f0846c6: startup date [Sun Dec 30 19:24:57 CST 2018]; root of context hierarchy
- (4526 ms) - [DEBUG] 2018-12-30 19:24:58,138 org.springframework.beans.factory.support.DefaultListableBeanFactory - Returning cached instance of singleton bean 'org.springframework.aop.support.DefaultBeanFactoryPointcutAdvisor#0'
- (4529 ms) - [DEBUG] 2018-12-30 19:24:58,141 org.springframework.beans.factory.support.DefaultListableBeanFactory - Returning cached instance of singleton bean 'org.springframework.aop.support.DefaultBeanFactoryPointcutAdvisor#0'
[...]
- (4861 ms) - [DEBUG] 2018-12-30 19:24:58,473 org.springframework.aop.aspectj.annotation.AnnotationAwareAspectJAutoProxyCreator - Creating implicit proxy for bean 'itripLabelDicServiceImpl' with 0 common interceptors and 2 specific interceptors
- (4862 ms) - [DEBUG] 2018-12-30 19:24:58,474 org.springframework.aop.framework.CglibAopProxy - Creating CGLIB proxy: target source is SingletonTargetSource for target object [cn.itrip.service.labeldic.ItripLabelDicServiceImpl@6111ba37]
- (4864 ms) - [DEBUG] 2018-12-30 19:24:58,476 org.springframework.beans.factory.support.DefaultListableBeanFactory - Finished creating instance of bean 'itripLabelDicServiceImpl'
- (4864 ms) - [DEBUG] 2018-12-30 19:24:58,476 org.springframework.beans.factory.support.DefaultListableBeanFactory - Creating shared instance of singleton bean 'itripUserServiceImpl'
- (4864 ms) - [DEBUG] 2018-12-30 19:24:58,476 org.springframework.beans.factory.support.DefaultListableBeanFactory - Creating instance of bean 'itripUserServiceImpl'
- (4865 ms) - [DEBUG] 2018-12-30 19:24:58,477 org.springframework.beans.factory.support.DefaultListableBeanFactory - Returning cached instance of singleton bean 'org.springframework.aop.support.DefaultBeanFactoryPointcutAdvisor#0'
- (4866 ms) - [DEBUG] 2018-12-30 19:24:58,478 org.springframework.beans.factory.annotation.InjectionMetadata - Registered injected element on class [cn.itrip.service.user.ItripUserServiceImpl]: ResourceElement for private cn.itrip.dao.user.ItripUserMapper cn.itrip.service.user.ItripUserServiceImpl.itripUserMapper
- (4866 ms) - [DEBUG] 2018-12-30 19:24:58,478 org.springframework.beans.factory.support.DefaultListableBeanFactory - Eagerly caching bean 'itripUserServiceImpl' to allow for resolving potential circular references
- (4867 ms) - [DEBUG] 2018-12-30 19:24:58,479 org.springframework.beans.factory.annotation.InjectionMetadata - Processing injected element of bean 'itripUserServiceImpl': ResourceElement for private cn.itrip.dao.user.ItripUserMapper cn.itrip.service.user.ItripUserServiceImpl.itripUserMapper
- (4867 ms) - [DEBUG] 2018-12-30 19:24:58,479 org.springframework.beans.factory.support.DefaultListableBeanFactory - Returning cached instance of singleton bean 'itripUserMapper'
- (4867 ms) - [DEBUG] 2018-12-30 19:24:58,479 org.springframework.beans.factory.support.DefaultListableBeanFactory - Returning cached instance of singleton bean 'org.springframework.aop.support.DefaultBeanFactoryPointcutAdvisor#0'
- (4867 ms) - [DEBUG] 2018-12-30 19:24:58,479 org.springframework.beans.factory.support.DefaultListableBeanFactory - Returning cached instance of singleton bean 'org.springframework.aop.support.DefaultBeanFactoryPointcutAdvisor#0'
- (4868 ms) - [DEBUG] 2018-12-30 19:24:58,480 org.springframework.beans.factory.support.DefaultListableBeanFactory - Returning cached instance of singleton bean 'org.springframework.aop.support.DefaultBeanFactoryPointcutAdvisor#0'
- (4869 ms) - [DEBUG] 2018-12-30 19:24:58,481 org.springframework.beans.factory.support.DefaultListableBeanFactory - Returning cached instance of singleton bean 'org.springframework.aop.support.DefaultBeanFactoryPointcutAdvisor#0'
- (4869 ms) - [DEBUG] 2018-12-30 19:24:58,481 org.springframework.aop.aspectj.annotation.AnnotationAwareAspectJAutoProxyCreator - Creating implicit proxy for bean 'itripUserServiceImpl' with 0 common interceptors and 2 specific interceptors
- (4869 ms) - [DEBUG] 2018-12-30 19:24:58,481 org.springframework.aop.framework.CglibAopProxy - Creating CGLIB proxy: target source is SingletonTargetSource for target object [cn.itrip.service.user.ItripUserServiceImpl@11eadcba]
- (4870 ms) - [DEBUG] 2018-12-30 19:24:58,482 org.springframework.beans.factory.support.DefaultListableBeanFactory - Finished creating instance of bean 'itripUserServiceImpl'
- (4870 ms) - [DEBUG] 2018-12-30 19:24:58,482 org.springframework.beans.factory.support.DefaultListableBeanFactory - Creating shared instance of singleton bean 'itripUserLinkUserServiceImpl'
- (4870 ms) - [DEBUG] 2018-12-30 19:24:58,482 org.springframework.beans.factory.support.DefaultListableBeanFactory - Creating instance of bean 'itripUserLinkUserServiceImpl'
- (4870 ms) - [DEBUG] 2018-12-30 19:24:58,482 org.springframework.beans.factory.support.DefaultListableBeanFactory - Returning cached instance of singleton bean 'org.springframework.aop.support.DefaultBeanFactoryPointcutAdvisor#0'
- (4871 ms) - [DEBUG] 2018-12-30 19:24:58,483 org.springframework.beans.factory.annotation.InjectionMetadata - Registered injected element on class [cn.itrip.service.userlinkuser.ItripUserLinkUserServiceImpl]: ResourceElement for private cn.itrip.dao.userlinkuser.ItripUserLinkUserMapper cn.itrip.service.userlinkuser.ItripUserLinkUserServiceImpl.itripUserLinkUserMapper
- (4871 ms) - [DEBUG] 2018-12-30 19:24:58,483 org.springframework.beans.factory.support.DefaultListableBeanFactory - Eagerly caching bean 'itripUserLinkUserServiceImpl' to allow for resolving potential circular references
- (4871 ms) - [DEBUG] 2018-12-30 19:24:58,483 org.springframework.beans.factory.annotation.InjectionMetadata - Processing injected element of bean 'itripUserLinkUserServiceImpl': ResourceElement for private cn.itrip.dao.userlinkuser.ItripUserLinkUserMapper cn.itrip.service.userlinkuser.ItripUserLinkUserServiceImpl.itripUserLinkUserMapper
- (4871 ms) - [DEBUG] 2018-12-30 19:24:58,483 org.springframework.beans.factory.support.DefaultListableBeanFactory - Returning cached instance of singleton bean 'itripUserLinkUserMapper'
- (4872 ms) - [DEBUG] 2018-12-30 19:24:58,484 org.springframework.beans.factory.support.DefaultListableBeanFactory - Returning cached instance of singleton bean 'org.springframework.aop.support.DefaultBeanFactoryPointcutAdvisor#0'
- (4872 ms) - [DEBUG] 2018-12-30 19:24:58,484 org.springframework.beans.factory.support.DefaultListableBeanFactory - Returning cached instance of singleton bean 'org.springframework.aop.support.DefaultBeanFactoryPointcutAdvisor#0'
- (4873 ms) - [DEBUG] 2018-12-30 19:24:58,485 org.springframework.beans.factory.support.DefaultListableBeanFactory - Returning cached instance of singleton bean 'org.springframework.aop.support.DefaultBeanFactoryPointcutAdvisor#0'
- (4874 ms) - [DEBUG] 2018-12-30 19:24:58,486 org.springframework.beans.factory.support.DefaultListableBeanFactory - Returning cached instance of singleton bean 'org.springframework.aop.support.DefaultBeanFactoryPointcutAdvisor#0'
- (4874 ms) - [DEBUG] 2018-12-30 19:24:58,486 org.springframework.aop.aspectj.annotation.AnnotationAwareAspectJAutoProxyCreator - Creating implicit proxy for bean 'itripUserLinkUserServiceImpl' with 0 common interceptors and 2 specific interceptors
- (4874 ms) - [DEBUG] 2018-12-30 19:24:58,486 org.springframework.aop.framework.CglibAopProxy - Creating CGLIB proxy: target source is SingletonTargetSource for target object [cn.itrip.service.userlinkuser.ItripUserLinkUserServiceImpl@62dae540]
- (4876 ms) - [DEBUG] 2018-12-30 19:24:58,488 org.springframework.beans.factory.support.DefaultListableBeanFactory - Finished creating instance of bean 'itripUserLinkUserServiceImpl'
- (4876 ms) - [DEBUG] 2018-12-30 19:24:58,488 org.springframework.beans.factory.support.DefaultListableBeanFactory - Returning cached instance of singleton bean 'org.springframework.context.annotation.internalConfigurationAnnotationProcessor'
- (4876 ms) - [DEBUG] 2018-12-30 19:24:58,488 org.springframework.beans.factory.support.DefaultListableBeanFactory - Returning cached instance of singleton bean 'org.springframework.context.annotation.internalAutowiredAnnotationProcessor'
- (4876 ms) - [DEBUG] 2018-12-30 19:24:58,488 org.springframework.beans.factory.support.DefaultListableBeanFactory - Returning cached instance of singleton bean 'org.springframework.context.annotation.internalRequiredAnnotationProcessor'
- (4876 ms) - [DEBUG] 2018-12-30 19:24:58,488 org.springframework.beans.factory.support.DefaultListableBeanFactory - Returning cached instance of singleton bean 'org.springframework.context.annotation.internalCommonAnnotationProcessor'
- (4876 ms) - [DEBUG] 2018-12-30 19:24:58,488 org.springframework.beans.factory.support.DefaultListableBeanFactory - Returning cached instance of singleton bean 'org.springframework.context.support.PropertySourcesPlaceholderConfigurer#0'
- (4876 ms) - [DEBUG] 2018-12-30 19:24:58,488 org.springframework.beans.factory.support.DefaultListableBeanFactory - Returning cached instance of singleton bean 'dataSource'
- (4877 ms) - [DEBUG] 2018-12-30 19:24:58,489 org.springframework.beans.factory.support.DefaultListableBeanFactory - Returning cached instance of singleton bean 'txManager'
- (4877 ms) - [DEBUG] 2018-12-30 19:24:58,489 org.springframework.beans.factory.support.DefaultListableBeanFactory - Returning cached instance of singleton bean 'sqlSessionFactoryBean'
- (4877 ms) - [DEBUG] 2018-12-30 19:24:58,489 org.springframework.beans.factory.support.DefaultListableBeanFactory - Returning cached instance of singleton bean 'org.springframework.aop.config.internalAutoProxyCreator'
- (4877 ms) - [DEBUG] 2018-12-30 19:24:58,489 org.springframework.beans.factory.support.DefaultListableBeanFactory - Returning cached instance of singleton bean 'org.springframework.aop.support.DefaultBeanFactoryPointcutAdvisor#0'
- (4877 ms) - [DEBUG] 2018-12-30 19:24:58,489 org.springframework.beans.factory.support.DefaultListableBeanFactory - Returning cached instance of singleton bean 'myAdvice'
- (4877 ms) - [DEBUG] 2018-12-30 19:24:58,489 org.springframework.beans.factory.support.DefaultListableBeanFactory - Returning cached instance of singleton bean 'org.mybatis.spring.mapper.MapperScannerConfigurer#0'
- (4877 ms) - [DEBUG] 2018-12-30 19:24:58,489 org.springframework.beans.factory.support.DefaultListableBeanFactory - Creating shared instance of singleton bean 'jedisPoolConfig'
- (4877 ms) - [DEBUG] 2018-12-30 19:24:58,489 org.springframework.beans.factory.support.DefaultListableBeanFactory - Creating instance of bean 'jedisPoolConfig'
- (4878 ms) - [DEBUG] 2018-12-30 19:24:58,490 org.springframework.beans.factory.support.DefaultListableBeanFactory - Returning cached instance of singleton bean 'org.springframework.aop.support.DefaultBeanFactoryPointcutAdvisor#0'
- (4878 ms) - [DEBUG] 2018-12-30 19:24:58,490 org.springframework.beans.factory.support.DefaultListableBeanFactory - Eagerly caching bean 'jedisPoolConfig' to allow for resolving potential circular references
- (4878 ms) - [DEBUG] 2018-12-30 19:24:58,490 org.springframework.beans.factory.support.DefaultListableBeanFactory - Returning cached instance of singleton bean 'org.springframework.aop.support.DefaultBeanFactoryPointcutAdvisor#0'
- (4879 ms) - [DEBUG] 2018-12-30 19:24:58,491 org.springframework.beans.factory.support.DefaultListableBeanFactory - Returning cached instance of singleton bean 'org.springframework.aop.support.DefaultBeanFactoryPointcutAdvisor#0'
- (4879 ms) - [DEBUG] 2018-12-30 19:24:58,491 org.springframework.beans.factory.support.DefaultListableBeanFactory - Finished creating instance of bean 'jedisPoolConfig'
- (4880 ms) - [DEBUG] 2018-12-30 19:24:58,492 org.springframework.beans.factory.support.DefaultListableBeanFactory - Creating shared instance of singleton bean 'jedisPool'
- (4880 ms) - [DEBUG] 2018-12-30 19:24:58,492 org.springframework.beans.factory.support.DefaultListableBeanFactory - Creating instance of bean 'jedisPool'
- (4880 ms) - [DEBUG] 2018-12-30 19:24:58,492 org.springframework.beans.factory.support.DefaultListableBeanFactory - Returning cached instance of singleton bean 'org.springframework.aop.support.DefaultBeanFactoryPointcutAdvisor#0'
- (4882 ms) - [DEBUG] 2018-12-30 19:24:58,494 org.springframework.beans.factory.support.DefaultListableBeanFactory - Returning cached instance of singleton bean 'jedisPoolConfig'
- (4885 ms) - [DEBUG] 2018-12-30 19:24:58,497 org.springframework.beans.factory.support.DefaultListableBeanFactory - Eagerly caching bean 'jedisPool' to allow for resolving potential circular references
- (4886 ms) - [DEBUG] 2018-12-30 19:24:58,498 org.springframework.beans.factory.support.DefaultListableBeanFactory - Returning cached instance of singleton bean 'org.springframework.aop.support.DefaultBeanFactoryPointcutAdvisor#0'
- (4886 ms) - [DEBUG] 2018-12-30 19:24:58,498 org.springframework.beans.factory.support.DefaultListableBeanFactory - Returning cached instance of singleton bean 'org.springframework.aop.support.DefaultBeanFactoryPointcutAdvisor#0'
- (4888 ms) - [DEBUG] 2018-12-30 19:24:58,500 org.springframework.beans.factory.support.DefaultListableBeanFactory - Finished creating instance of bean 'jedisPool'
- (4889 ms) - [DEBUG] 2018-12-30 19:24:58,501 org.springframework.beans.factory.support.DefaultListableBeanFactory - Creating shared instance of singleton bean 'redisAPI'
- (4889 ms) - [DEBUG] 2018-12-30 19:24:58,501 org.springframework.beans.factory.support.DefaultListableBeanFactory - Creating instance of bean 'redisAPI'
- (4889 ms) - [DEBUG] 2018-12-30 19:24:58,501 org.springframework.beans.factory.support.DefaultListableBeanFactory - Returning cached instance of singleton bean 'org.springframework.aop.support.DefaultBeanFactoryPointcutAdvisor#0'
- (4889 ms) - [DEBUG] 2018-12-30 19:24:58,501 org.springframework.beans.factory.support.DefaultListableBeanFactory - Eagerly caching bean 'redisAPI' to allow for resolving potential circular references
- (4890 ms) - [DEBUG] 2018-12-30 19:24:58,502 org.springframework.beans.factory.support.DefaultListableBeanFactory - Returning cached instance of singleton bean 'jedisPool'
- (4890 ms) - [DEBUG] 2018-12-30 19:24:58,502 org.springframework.beans.factory.support.DefaultListableBeanFactory - Returning cached instance of singleton bean 'org.springframework.aop.support.DefaultBeanFactoryPointcutAdvisor#0'
- (4890 ms) - [DEBUG] 2018-12-30 19:24:58,502 org.springframework.beans.factory.support.DefaultListableBeanFactory - Returning cached instance of singleton bean 'org.springframework.aop.support.DefaultBeanFactoryPointcutAdvisor#0'
- (4891 ms) - [DEBUG] 2018-12-30 19:24:58,503 org.springframework.beans.factory.support.DefaultListableBeanFactory - Finished creating instance of bean 'redisAPI'
- (4891 ms) - [DEBUG] 2018-12-30 19:24:58,503 org.springframework.beans.factory.support.DefaultListableBeanFactory - Creating shared instance of singleton bean 'validationToken'
- (4891 ms) - [DEBUG] 2018-12-30 19:24:58,503 org.springframework.beans.factory.support.DefaultListableBeanFactory - Creating instance of bean 'validationToken'
- (4891 ms) - [DEBUG] 2018-12-30 19:24:58,503 org.springframework.beans.factory.support.DefaultListableBeanFactory - Returning cached instance of singleton bean 'org.springframework.aop.support.DefaultBeanFactoryPointcutAdvisor#0'
- (4893 ms) - [DEBUG] 2018-12-30 19:24:58,505 org.springframework.beans.factory.support.DefaultListableBeanFactory - Eagerly caching bean 'validationToken' to allow for resolving potential circular references
- (4893 ms) - [DEBUG] 2018-12-30 19:24:58,505 org.springframework.beans.factory.support.DefaultListableBeanFactory - Returning cached instance of singleton bean 'redisAPI'
- (4893 ms) - [DEBUG] 2018-12-30 19:24:58,505 org.springframework.beans.factory.support.DefaultListableBeanFactory - Returning cached instance of singleton bean 'org.springframework.aop.support.DefaultBeanFactoryPointcutAdvisor#0'
- (4894 ms) - [DEBUG] 2018-12-30 19:24:58,506 org.springframework.beans.factory.support.DefaultListableBeanFactory - Returning cached instance of singleton bean 'org.springframework.aop.support.DefaultBeanFactoryPointcutAdvisor#0'
- (4894 ms) - [DEBUG] 2018-12-30 19:24:58,506 org.springframework.beans.factory.support.DefaultListableBeanFactory - Finished creating instance of bean 'validationToken'
- (4894 ms) - [DEBUG] 2018-12-30 19:24:58,506 org.springframework.beans.factory.support.DefaultListableBeanFactory - Returning cached instance of singleton bean 'org.springframework.context.annotation.ConfigurationClassPostProcessor.importAwareProcessor'
- (4894 ms) - [DEBUG] 2018-12-30 19:24:58,506 org.springframework.beans.factory.support.DefaultListableBeanFactory - Returning cached instance of singleton bean 'org.springframework.context.annotation.ConfigurationClassPostProcessor.enhancedConfigurationProcessor'
- (4895 ms) - [DEBUG] 2018-12-30 19:24:58,507 org.springframework.beans.factory.support.DefaultListableBeanFactory - Returning cached instance of singleton bean 'itripHotMapper'
- (4895 ms) - [DEBUG] 2018-12-30 19:24:58,507 org.springframework.beans.factory.support.DefaultListableBeanFactory - Returning cached instance of singleton bean 'itripAreaDicMapper'
- (4895 ms) - [DEBUG] 2018-12-30 19:24:58,507 org.springframework.beans.factory.support.DefaultListableBeanFactory - Returning cached instance of singleton bean 'itripCommentMapper'
- (4895 ms) - [DEBUG] 2018-12-30 19:24:58,507 org.springframework.beans.factory.support.DefaultListableBeanFactory - Returning cached instance of singleton bean 'itripHotelMapper'
- (4895 ms) - [DEBUG] 2018-12-30 19:24:58,507 org.springframework.beans.factory.support.DefaultListableBeanFactory - Returning cached instance of singleton bean 'itripHotelOrderMapper'
- (4895 ms) - [DEBUG] 2018-12-30 19:24:58,507 org.springframework.beans.factory.support.DefaultListableBeanFactory - Returning cached instance of singleton bean 'itripImageMapper'
- (4896 ms) - [DEBUG] 2018-12-30 19:24:58,508 org.springframework.beans.factory.support.DefaultListableBeanFactory - Returning cached instance of singleton bean 'itripLabelMapper'
- (4896 ms) - [DEBUG] 2018-12-30 19:24:58,508 org.springframework.beans.factory.support.DefaultListableBeanFactory - Returning cached instance of singleton bean 'itripLabelDicMapper'
- (4896 ms) - [DEBUG] 2018-12-30 19:24:58,508 org.springframework.beans.factory.support.DefaultListableBeanFactory - Returning cached instance of singleton bean 'itripUserMapper'
- (4896 ms) - [DEBUG] 2018-12-30 19:24:58,508 org.springframework.beans.factory.support.DefaultListableBeanFactory - Returning cached instance of singleton bean 'itripUserLinkUserMapper'
- (4896 ms) - [DEBUG] 2018-12-30 19:24:58,508 org.springframework.context.support.ClassPathXmlApplicationContext - Unable to locate LifecycleProcessor with name 'lifecycleProcessor': using default [org.springframework.context.support.DefaultLifecycleProcessor@619bfe29]
- (4896 ms) - [DEBUG] 2018-12-30 19:24:58,508 org.springframework.beans.factory.support.DefaultListableBeanFactory - Returning cached instance of singleton bean 'lifecycleProcessor'
- (4897 ms) - [DEBUG] 2018-12-30 19:24:58,509 org.springframework.beans.factory.support.DefaultListableBeanFactory - Returning cached instance of singleton bean 'sqlSessionFactoryBean'
- (4897 ms) - [DEBUG] 2018-12-30 19:24:58,509 org.springframework.core.env.PropertySourcesPropertyResolver - Searching for key 'spring.liveBeansView.mbeanDomain' in [systemProperties]
- (4897 ms) - [DEBUG] 2018-12-30 19:24:58,509 org.springframework.core.env.PropertySourcesPropertyResolver - Searching for key 'spring.liveBeansView.mbeanDomain' in [systemEnvironment]
- (4897 ms) - [DEBUG] 2018-12-30 19:24:58,509 org.springframework.core.env.PropertySourcesPropertyResolver - Could not find key 'spring.liveBeansView.mbeanDomain' in any property source. Returning [null]
- (4898 ms) - [DEBUG] 2018-12-30 19:24:58,510 org.springframework.beans.factory.support.DefaultListableBeanFactory - Returning cached instance of singleton bean 'itripAreaDicServiceImpl'
- (4898 ms) - [DEBUG] 2018-12-30 19:24:58,510 org.springframework.jdbc.datasource.DataSourceTransactionManager - Creating new transaction with name [cn.itrip.service.areadic.ItripAreaDicServiceImpl.getItripAreaDicListByMap]: PROPAGATION_REQUIRED,ISOLATION_DEFAULT
]]></system-out>
  </testcase>
</testsuite>