<?xml version="1.0" encoding="UTF-8"?>
<testsuite xmlns:xsi="http://www.w3.org/2001/XMLSchema-instance" xsi:noNamespaceSchemaLocation="https://maven.apache.org/surefire/maven-surefire-plugin/xsd/surefire-test-report.xsd" name="cn.itrip.service.labeldic.TestItripLabelDicService" time="0.74" tests="1" errors="1" skipped="0" failures="0">
  <properties>
[...]
</properties>
  <testcase name="testGetItripLabelDicListByMap" classname="cn.itrip.service.labeldic.TestItripLabelDicService" time="0.739">
    <error message="Could not open JDBC Connection for transaction; nested exception is org.apache.commons.dbcp.SQLNestedException: Cannot create PoolableConnectionFactory (Data source rejected establishment of connection,  message from server: &quot;Too many connections&quot;)" type="org.springframework.transaction.CannotCreateTransactionException">org.springframework.transaction.CannotCreateTransactionException: Could not open JDBC Connection for transaction; nested exception is org.apache.commons.dbcp.SQLNestedException: Cannot create PoolableConnectionFactory (Data source rejected establishment of connection,  message from server: "Too many connections")
	at cn.itrip.service.labeldic.TestItripLabelDicService.testGetItripLabelDicListByMap(TestItripLabelDicService.java:23)
Caused by: org.apache.commons.dbcp.SQLNestedException: Cannot create PoolableConnectionFactory (Data source rejected establishment of connection,  message from server: "Too many connections")
	at cn.itrip.service.labeldic.TestItripLabelDicService.testGetItripLabelDicListByMap(TestItripLabelDicService.java:23)
Caused by: com.mysql.jdbc.exceptions.jdbc4.MySQLNonTransientConnectionException: Data source rejected establishment of connection,  message from server: "Too many connections"
	at cn.itrip.service.labeldic.TestItripLabelDicService.testGetItripLabelDicListByMap(TestItripLabelDicService.java:23)
</error>
    <system-out><![CDATA[- (5844 ms) - [DEBUG] 2019-01-15 19:38:47,401 org.springframework.core.env.StandardEnvironment - Adding [systemProperties] PropertySource with lowest search precedence
- (5845 ms) - [DEBUG] 2019-01-15 19:38:47,402 org.springframework.core.env.StandardEnvironment - Adding [systemEnvironment] PropertySource with lowest search precedence
- (5845 ms) - [DEBUG] 2019-01-15 19:38:47,402 org.springframework.core.env.StandardEnvironment - Initialized StandardEnvironment with PropertySources [systemProperties,systemEnvironment]
- (5845 ms) - [INFO] 2019-01-15 19:38:47,402 org.springframework.context.support.ClassPathXmlApplicationContext - Refreshing org.springframework.context.support.ClassPathXmlApplicationContext@a8c1f44: startup date [Tue Jan 15 19:38:47 CST 2019]; root of context hierarchy
- (5846 ms) - [DEBUG] 2019-01-15 19:38:47,403 org.springframework.core.env.StandardEnvironment - Adding [systemProperties] PropertySource with lowest search precedence
- (5846 ms) - [DEBUG] 2019-01-15 19:38:47,403 org.springframework.core.env.StandardEnvironment - Adding [systemEnvironment] PropertySource with lowest search precedence
- (5846 ms) - [DEBUG] 2019-01-15 19:38:47,403 org.springframework.core.env.StandardEnvironment - Initialized StandardEnvironment with PropertySources [systemProperties,systemEnvironment]
- (5846 ms) - [INFO] 2019-01-15 19:38:47,403 org.springframework.beans.factory.xml.XmlBeanDefinitionReader - Loading XML bean definitions from class path resource [applicationContext-mybatis.xml]
- (5848 ms) - [DEBUG] 2019-01-15 19:38:47,405 org.springframework.beans.factory.xml.DefaultDocumentLoader - Using JAXP provider [com.sun.org.apache.xerces.internal.jaxp.DocumentBuilderFactoryImpl]
- (5849 ms) - [DEBUG] 2019-01-15 19:38:47,406 org.springframework.beans.factory.xml.PluggableSchemaResolver - Loading schema mappings from [META-INF/spring.schemas]
- (5854 ms) - [DEBUG] 2019-01-15 19:38:47,411 org.springframework.beans.factory.xml.PluggableSchemaResolver - Loaded schema mappings: {http://www.springframework.org/schema/tx/spring-tx-2.5.xsd=org/springframework/transaction/config/spring-tx-2.5.xsd, http://www.springframework.org/schema/aop/spring-aop-4.1.xsd=org/springframework/aop/config/spring-aop-4.1.xsd, http://www.springframework.org/schema/context/spring-context-3.1.xsd=org/springframework/context/config/spring-context-3.1.xsd, http://www.springframework.org/schema/jdbc/spring-jdbc-4.1.xsd=org/springframework/jdbc/config/spring-jdbc-4.1.xsd, http://www.springframework.org/schema/jms/spring-jms-2.5.xsd=org/springframework/jms/config/spring-jms-2.5.xsd, http://www.springframework.org/schema/util/spring-util-3.0.xsd=org/springframework/beans/factory/xml/spring-util-3.0.xsd, http://www.springframework.org/schema/mvc/spring-mvc-4.1.xsd=org/springframework/web/servlet/config/spring-mvc-4.1.xsd, http://www.springframework.org/schema/tool/spring-tool.xsd=org/springframework/beans/factory/xml/spring-tool-4.1.xsd, http://www.springframework.org/schema/aop/spring-aop-3.2.xsd=org/springframework/aop/config/spring-aop-3.2.xsd, http://mybatis.org/schema/mybatis-spring-1.2.xsd=org/mybatis/spring/config/mybatis-spring-1.2.xsd, http://www.springframework.org/schema/lang/spring-lang-4.1.xsd=org/springframework/scripting/config/spring-lang-4.1.xsd, http://www.springframework.org/schema/context/spring-context-4.0.xsd=org/springframework/context/config/spring-context-4.0.xsd, http://www.springframework.org/schema/mvc/spring-mvc-3.2.xsd=org/springframework/web/servlet/config/spring-mvc-3.2.xsd, http://www.springframework.org/schema/oxm/spring-oxm-3.0.xsd=org/springframework/oxm/config/spring-oxm-3.0.xsd, http://www.springframework.org/schema/tool/spring-tool-4.1.xsd=org/springframework/beans/factory/xml/spring-tool-4.1.xsd, http://www.springframework.org/schema/lang/spring-lang-3.2.xsd=org/springframework/scripting/config/spring-lang-3.2.xsd, http://www.springframework.org/schema/cache/spring-cache-3.2.xsd=org/springframework/cache/config/spring-cache-3.2.xsd, http://www.springframework.org/schema/jee/spring-jee-4.1.xsd=org/springframework/ejb/config/spring-jee-4.1.xsd, http://www.springframework.org/schema/jdbc/spring-jdbc-3.1.xsd=org/springframework/jdbc/config/spring-jdbc-3.1.xsd, http://www.springframework.org/schema/util/spring-util-2.0.xsd=org/springframework/beans/factory/xml/spring-util-2.0.xsd, http://www.springframework.org/schema/tool/spring-tool-3.2.xsd=org/springframework/beans/factory/xml/spring-tool-3.2.xsd, http://www.springframework.org/schema/context/spring-context.xsd=org/springframework/context/config/spring-context-4.1.xsd, http://www.springframework.org/schema/cache/spring-cache-4.1.xsd=org/springframework/cache/config/spring-cache-4.1.xsd, http://www.springframework.org/schema/aop/spring-aop-4.0.xsd=org/springframework/aop/config/spring-aop-4.0.xsd, http://www.springframework.org/schema/jee/spring-jee-3.2.xsd=org/springframework/ejb/config/spring-jee-3.2.xsd, http://www.springframework.org/schema/context/spring-context-3.0.xsd=org/springframework/context/config/spring-context-3.0.xsd, http://www.springframework.org/schema/jdbc/spring-jdbc-4.0.xsd=org/springframework/jdbc/config/spring-jdbc-4.0.xsd, http://www.springframework.org/schema/util/spring-util-2.5.xsd=org/springframework/beans/factory/xml/spring-util-2.5.xsd, http://www.springframework.org/schema/mvc/spring-mvc-4.0.xsd=org/springframework/web/servlet/config/spring-mvc-4.0.xsd, http://www.springframework.org/schema/beans/spring-beans-3.2.xsd=org/springframework/beans/factory/xml/spring-beans-3.2.xsd, http://www.springframework.org/schema/aop/spring-aop-3.1.xsd=org/springframework/aop/config/spring-aop-3.1.xsd, http://www.springframework.org/schema/lang/spring-lang-4.0.xsd=org/springframework/scripting/config/spring-lang-4.0.xsd, http://www.springframework.org/schema/mvc/spring-mvc.xsd=org/springframework/web/servlet/config/spring-mvc-4.1.xsd, http://www.springframework.org/schema/mvc/spring-mvc-3.1.xsd=org/springframework/web/servlet/config/spring-mvc-3.1.xsd, http://www.springframework.org/schema/beans/spring-beans-4.1.xsd=org/springframework/beans/factory/xml/spring-beans-4.1.xsd, http://www.springframework.org/schema/tool/spring-tool-4.0.xsd=org/springframework/beans/factory/xml/spring-tool-4.0.xsd, http://www.springframework.org/schema/lang/spring-lang-3.1.xsd=org/springframework/scripting/config/spring-lang-3.1.xsd, http://www.springframework.org/schema/tx/spring-tx-3.2.xsd=org/springframework/transaction/config/spring-tx-3.2.xsd, http://www.springframework.org/schema/cache/spring-cache-3.1.xsd=org/springframework/cache/config/spring-cache-3.1.xsd, http://www.springframework.org/schema/jee/spring-jee-4.0.xsd=org/springframework/ejb/config/spring-jee-4.0.xsd, http://www.springframework.org/schema/jdbc/spring-jdbc-3.0.xsd=org/springframework/jdbc/config/spring-jdbc-3.0.xsd, http://www.springframework.org/schema/task/spring-task-4.1.xsd=org/springframework/scheduling/config/spring-task-4.1.xsd, http://www.springframework.org/schema/tool/spring-tool-3.1.xsd=org/springframework/beans/factory/xml/spring-tool-3.1.xsd, http://www.springframework.org/schema/jdbc/spring-jdbc.xsd=org/springframework/jdbc/config/spring-jdbc-4.1.xsd, http://www.springframework.org/schema/tx/spring-tx-4.1.xsd=org/springframework/transaction/config/spring-tx-4.1.xsd, http://www.springframework.org/schema/cache/spring-cache-4.0.xsd=org/springframework/cache/config/spring-cache-4.0.xsd, http://www.springframework.org/schema/jee/spring-jee-3.1.xsd=org/springframework/ejb/config/spring-jee-3.1.xsd, http://www.springframework.org/schema/task/spring-task-3.2.xsd=org/springframework/scheduling/config/spring-task-3.2.xsd, http://www.springframework.org/schema/beans/spring-beans-3.1.xsd=org/springframework/beans/factory/xml/spring-beans-3.1.xsd, http://www.springframework.org/schema/util/spring-util.xsd=org/springframework/beans/factory/xml/spring-util-4.1.xsd, http://www.springframework.org/schema/aop/spring-aop-3.0.xsd=org/springframework/aop/config/spring-aop-3.0.xsd, http://www.springframework.org/schema/jms/spring-jms-3.2.xsd=org/springframework/jms/config/spring-jms-3.2.xsd, http://www.springframework.org/schema/mvc/spring-mvc-3.0.xsd=org/springframework/web/servlet/config/spring-mvc-3.0.xsd, http://www.springframework.org/schema/beans/spring-beans-4.0.xsd=org/springframework/beans/factory/xml/spring-beans-4.0.xsd, http://www.springframework.org/schema/beans/spring-beans.xsd=org/springframework/beans/factory/xml/spring-beans-4.1.xsd, http://www.springframework.org/schema/plugin/spring-plugin.xsd=org/springframework/plugin/core/config/spring-plugin.xsd, http://www.springframework.org/schema/lang/spring-lang-3.0.xsd=org/springframework/scripting/config/spring-lang-3.0.xsd, http://www.springframework.org/schema/tx/spring-tx-3.1.xsd=org/springframework/transaction/config/spring-tx-3.1.xsd, http://mybatis.org/schema/mybatis-spring.xsd=org/mybatis/spring/config/mybatis-spring-1.2.xsd, http://www.springframework.org/schema/context/spring-context-2.5.xsd=org/springframework/context/config/spring-context-2.5.xsd, http://www.springframework.org/schema/jms/spring-jms-4.1.xsd=org/springframework/jms/config/spring-jms-4.1.xsd, http://www.springframework.org/schema/task/spring-task-4.0.xsd=org/springframework/scheduling/config/spring-task-4.0.xsd, http://www.springframework.org/schema/tool/spring-tool-3.0.xsd=org/springframework/beans/factory/xml/spring-tool-3.0.xsd, http://www.springframework.org/schema/tx/spring-tx-4.0.xsd=org/springframework/transaction/config/spring-tx-4.0.xsd, http://www.springframework.org/schema/aop/spring-aop-2.0.xsd=org/springframework/aop/config/spring-aop-2.0.xsd, http://www.springframework.org/schema/jee/spring-jee-3.0.xsd=org/springframework/ejb/config/spring-jee-3.0.xsd, http://www.springframework.org/schema/util/spring-util-4.1.xsd=org/springframework/beans/factory/xml/spring-util-4.1.xsd, http://www.springframework.org/schema/task/spring-task-3.1.xsd=org/springframework/scheduling/config/spring-task-3.1.xsd, http://www.springframework.org/schema/beans/spring-beans-3.0.xsd=org/springframework/beans/factory/xml/spring-beans-3.0.xsd, http://www.springframework.org/schema/jee/spring-jee.xsd=org/springframework/ejb/config/spring-jee-4.1.xsd, http://www.springframework.org/schema/aop/spring-aop-2.5.xsd=org/springframework/aop/config/spring-aop-2.5.xsd, http://www.springframework.org/schema/jms/spring-jms.xsd=org/springframework/jms/config/spring-jms-4.1.xsd, http://www.springframework.org/schema/lang/spring-lang-2.0.xsd=org/springframework/scripting/config/spring-lang-2.0.xsd, http://www.springframework.org/schema/jms/spring-jms-3.1.xsd=org/springframework/jms/config/spring-jms-3.1.xsd, http://www.springframework.org/schema/oxm/spring-oxm.xsd=org/springframework/oxm/config/spring-oxm-4.1.xsd, http://www.springframework.org/schema/util/spring-util-3.2.xsd=org/springframework/beans/factory/xml/spring-util-3.2.xsd, http://www.springframework.org/schema/oxm/spring-oxm-4.1.xsd=org/springframework/oxm/config/spring-oxm-4.1.xsd, http://www.springframework.org/schema/task/spring-task.xsd=org/springframework/scheduling/config/spring-task-4.1.xsd, http://www.springframework.org/schema/tool/spring-tool-2.0.xsd=org/springframework/beans/factory/xml/spring-tool-2.0.xsd, http://www.springframework.org/schema/tx/spring-tx-3.0.xsd=org/springframework/transaction/config/spring-tx-3.0.xsd, http://www.springframework.org/schema/lang/spring-lang-2.5.xsd=org/springframework/scripting/config/spring-lang-2.5.xsd, http://www.springframework.org/schema/jee/spring-jee-2.0.xsd=org/springframework/ejb/config/spring-jee-2.0.xsd, http://www.springframework.org/schema/jms/spring-jms-4.0.xsd=org/springframework/jms/config/spring-jms-4.0.xsd, http://www.springframework.org/schema/oxm/spring-oxm-3.2.xsd=org/springframework/oxm/config/spring-oxm-3.2.xsd, http://www.springframework.org/schema/tool/spring-tool-2.5.xsd=org/springframework/beans/factory/xml/spring-tool-2.5.xsd, http://www.springframework.org/schema/jee/spring-jee-2.5.xsd=org/springframework/ejb/config/spring-jee-2.5.xsd, http://www.springframework.org/schema/util/spring-util-4.0.xsd=org/springframework/beans/factory/xml/spring-util-4.0.xsd, http://www.springframework.org/schema/task/spring-task-3.0.xsd=org/springframework/scheduling/config/spring-task-3.0.xsd, http://www.springframework.org/schema/lang/spring-lang.xsd=org/springframework/scripting/config/spring-lang-4.1.xsd, http://www.springframework.org/schema/context/spring-context-3.2.xsd=org/springframework/context/config/spring-context-3.2.xsd, http://www.springframework.org/schema/jms/spring-jms-3.0.xsd=org/springframework/jms/config/spring-jms-3.0.xsd, http://www.springframework.org/schema/util/spring-util-3.1.xsd=org/springframework/beans/factory/xml/spring-util-3.1.xsd, http://www.springframework.org/schema/beans/spring-beans-2.0.xsd=org/springframework/beans/factory/xml/spring-beans-2.0.xsd, http://www.springframework.org/schema/oxm/spring-oxm-4.0.xsd=org/springframework/oxm/config/spring-oxm-4.0.xsd, http://www.springframework.org/schema/cache/spring-cache.xsd=org/springframework/cache/config/spring-cache-4.1.xsd, http://www.springframework.org/schema/tx/spring-tx.xsd=org/springframework/transaction/config/spring-tx-4.1.xsd, http://www.springframework.org/schema/context/spring-context-4.1.xsd=org/springframework/context/config/spring-context-4.1.xsd, http://www.springframework.org/schema/beans/spring-beans-2.5.xsd=org/springframework/beans/factory/xml/spring-beans-2.5.xsd, http://www.springframework.org/schema/oxm/spring-oxm-3.1.xsd=org/springframework/oxm/config/spring-oxm-3.1.xsd, http://www.springframework.org/schema/tx/spring-tx-2.0.xsd=org/springframework/transaction/config/spring-tx-2.0.xsd, http://www.springframework.org/schema/jdbc/spring-jdbc-3.2.xsd=org/springframework/jdbc/config/spring-jdbc-3.2.xsd, http://www.springframework.org/schema/aop/spring-aop.xsd=org/springframework/aop/config/spring-aop-4.1.xsd}
- (5855 ms) - [DEBUG] 2019-01-15 19:38:47,412 org.springframework.beans.factory.xml.PluggableSchemaResolver - Found XML schema [http://www.springframework.org/schema/beans/spring-beans-2.5.xsd] in classpath: org/springframework/beans/factory/xml/spring-beans-2.5.xsd
- (5861 ms) - [DEBUG] 2019-01-15 19:38:47,418 org.springframework.beans.factory.xml.PluggableSchemaResolver - Found XML schema [http://www.springframework.org/schema/mvc/spring-mvc.xsd] in classpath: org/springframework/web/servlet/config/spring-mvc-4.1.xsd
- (5866 ms) - [DEBUG] 2019-01-15 19:38:47,423 org.springframework.beans.factory.xml.PluggableSchemaResolver - Found XML schema [http://www.springframework.org/schema/tool/spring-tool-4.1.xsd] in classpath: org/springframework/beans/factory/xml/spring-tool-4.1.xsd
- (5874 ms) - [DEBUG] 2019-01-15 19:38:47,431 org.springframework.beans.factory.xml.PluggableSchemaResolver - Found XML schema [http://www.springframework.org/schema/context/spring-context.xsd] in classpath: org/springframework/context/config/spring-context-4.1.xsd
- (5883 ms) - [DEBUG] 2019-01-15 19:38:47,440 org.springframework.beans.factory.xml.PluggableSchemaResolver - Found XML schema [http://www.springframework.org/schema/aop/spring-aop-2.5.xsd] in classpath: org/springframework/aop/config/spring-aop-2.5.xsd
- (5896 ms) - [DEBUG] 2019-01-15 19:38:47,453 org.springframework.beans.factory.xml.PluggableSchemaResolver - Found XML schema [http://www.springframework.org/schema/tx/spring-tx-2.5.xsd] in classpath: org/springframework/transaction/config/spring-tx-2.5.xsd
- (5899 ms) - [DEBUG] 2019-01-15 19:38:47,456 org.springframework.beans.factory.xml.DefaultBeanDefinitionDocumentReader - Loading bean definitions
- (5904 ms) - [DEBUG] 2019-01-15 19:38:47,461 org.springframework.beans.factory.xml.DefaultNamespaceHandlerResolver - Loaded NamespaceHandler mappings: {http://www.springframework.org/schema/p=org.springframework.beans.factory.xml.SimplePropertyNamespaceHandler, http://www.springframework.org/schema/mvc=org.springframework.web.servlet.config.MvcNamespaceHandler, http://www.springframework.org/schema/util=org.springframework.beans.factory.xml.UtilNamespaceHandler, http://www.springframework.org/schema/jee=org.springframework.ejb.config.JeeNamespaceHandler, http://www.springframework.org/schema/aop=org.springframework.aop.config.AopNamespaceHandler, http://www.springframework.org/schema/jdbc=org.springframework.jdbc.config.JdbcNamespaceHandler, http://www.springframework.org/schema/oxm=org.springframework.oxm.config.OxmNamespaceHandler, http://www.springframework.org/schema/cache=org.springframework.cache.config.CacheNamespaceHandler, http://mybatis.org/schema/mybatis-spring=org.mybatis.spring.config.NamespaceHandler, http://www.springframework.org/schema/c=org.springframework.beans.factory.xml.SimpleConstructorNamespaceHandler, http://www.springframework.org/schema/plugin=org.springframework.plugin.core.config.PluginNamespaceHandler, http://www.springframework.org/schema/tx=org.springframework.transaction.config.TxNamespaceHandler, http://www.springframework.org/schema/jms=org.springframework.jms.config.JmsNamespaceHandler, http://www.springframework.org/schema/task=org.springframework.scheduling.config.TaskNamespaceHandler, http://www.springframework.org/schema/lang=org.springframework.scripting.config.LangNamespaceHandler, http://www.springframework.org/schema/context=org.springframework.context.config.ContextNamespaceHandler}
- (5905 ms) - [DEBUG] 2019-01-15 19:38:47,462 org.springframework.core.env.StandardEnvironment - Adding [systemProperties] PropertySource with lowest search precedence
- (5906 ms) - [DEBUG] 2019-01-15 19:38:47,463 org.springframework.core.env.StandardEnvironment - Adding [systemEnvironment] PropertySource with lowest search precedence
- (5906 ms) - [DEBUG] 2019-01-15 19:38:47,463 org.springframework.core.env.StandardEnvironment - Initialized StandardEnvironment with PropertySources [systemProperties,systemEnvironment]
- (5909 ms) - [DEBUG] 2019-01-15 19:38:47,466 org.springframework.core.io.support.PathMatchingResourcePatternResolver - Looking for matching resources in directory tree [E:\ideaXM\itrip\itrip-biz\target\test-classes\cn\itrip\service]
- (5911 ms) - [DEBUG] 2019-01-15 19:38:47,468 org.springframework.core.io.support.PathMatchingResourcePatternResolver - Searching directory [E:\ideaXM\itrip\itrip-biz\target\test-classes\cn\itrip\service] for files matching pattern [E:/ideaXM/itrip/itrip-biz/target/test-classes/cn/itrip/service/**/*.class]
- (5913 ms) - [DEBUG] 2019-01-15 19:38:47,470 org.springframework.core.io.support.PathMatchingResourcePatternResolver - Searching directory [E:\ideaXM\itrip\itrip-biz\target\test-classes\cn\itrip\service\areadic] for files matching pattern [E:/ideaXM/itrip/itrip-biz/target/test-classes/cn/itrip/service/**/*.class]
- (5914 ms) - [DEBUG] 2019-01-15 19:38:47,471 org.springframework.core.io.support.PathMatchingResourcePatternResolver - Searching directory [E:\ideaXM\itrip\itrip-biz\target\test-classes\cn\itrip\service\labeldic] for files matching pattern [E:/ideaXM/itrip/itrip-biz/target/test-classes/cn/itrip/service/**/*.class]
- (5915 ms) - [DEBUG] 2019-01-15 19:38:47,472 org.springframework.core.io.support.PathMatchingResourcePatternResolver - Searching directory [E:\ideaXM\itrip\itrip-biz\target\test-classes\cn\itrip\service\user] for files matching pattern [E:/ideaXM/itrip/itrip-biz/target/test-classes/cn/itrip/service/**/*.class]
- (5916 ms) - [DEBUG] 2019-01-15 19:38:47,473 org.springframework.core.io.support.PathMatchingResourcePatternResolver - Searching directory [E:\ideaXM\itrip\itrip-biz\target\test-classes\cn\itrip\service\userlinkuser] for files matching pattern [E:/ideaXM/itrip/itrip-biz/target/test-classes/cn/itrip/service/**/*.class]
- (5917 ms) - [DEBUG] 2019-01-15 19:38:47,474 org.springframework.core.io.support.PathMatchingResourcePatternResolver - Looking for matching resources in directory tree [E:\ideaXM\itrip\itrip-biz\target\classes\cn\itrip\service]
- (5918 ms) - [DEBUG] 2019-01-15 19:38:47,475 org.springframework.core.io.support.PathMatchingResourcePatternResolver - Searching directory [E:\ideaXM\itrip\itrip-biz\target\classes\cn\itrip\service] for files matching pattern [E:/ideaXM/itrip/itrip-biz/target/classes/cn/itrip/service/**/*.class]
- (5919 ms) - [DEBUG] 2019-01-15 19:38:47,476 org.springframework.core.io.support.PathMatchingResourcePatternResolver - Searching directory [E:\ideaXM\itrip\itrip-biz\target\classes\cn\itrip\service\area] for files matching pattern [E:/ideaXM/itrip/itrip-biz/target/classes/cn/itrip/service/**/*.class]
- (5920 ms) - [DEBUG] 2019-01-15 19:38:47,477 org.springframework.core.io.support.PathMatchingResourcePatternResolver - Searching directory [E:\ideaXM\itrip\itrip-biz\target\classes\cn\itrip\service\areadic] for files matching pattern [E:/ideaXM/itrip/itrip-biz/target/classes/cn/itrip/service/**/*.class]
- (5921 ms) - [DEBUG] 2019-01-15 19:38:47,478 org.springframework.core.io.support.PathMatchingResourcePatternResolver - Searching directory [E:\ideaXM\itrip\itrip-biz\target\classes\cn\itrip\service\comment] for files matching pattern [E:/ideaXM/itrip/itrip-biz/target/classes/cn/itrip/service/**/*.class]
- (5922 ms) - [DEBUG] 2019-01-15 19:38:47,479 org.springframework.core.io.support.PathMatchingResourcePatternResolver - Searching directory [E:\ideaXM\itrip\itrip-biz\target\classes\cn\itrip\service\hotelorder] for files matching pattern [E:/ideaXM/itrip/itrip-biz/target/classes/cn/itrip/service/**/*.class]
- (5923 ms) - [DEBUG] 2019-01-15 19:38:47,480 org.springframework.core.io.support.PathMatchingResourcePatternResolver - Searching directory [E:\ideaXM\itrip\itrip-biz\target\classes\cn\itrip\service\image] for files matching pattern [E:/ideaXM/itrip/itrip-biz/target/classes/cn/itrip/service/**/*.class]
- (5930 ms) - [DEBUG] 2019-01-15 19:38:47,487 org.springframework.core.io.support.PathMatchingResourcePatternResolver - Searching directory [E:\ideaXM\itrip\itrip-biz\target\classes\cn\itrip\service\label] for files matching pattern [E:/ideaXM/itrip/itrip-biz/target/classes/cn/itrip/service/**/*.class]
- (5931 ms) - [DEBUG] 2019-01-15 19:38:47,488 org.springframework.core.io.support.PathMatchingResourcePatternResolver - Searching directory [E:\ideaXM\itrip\itrip-biz\target\classes\cn\itrip\service\labeldic] for files matching pattern [E:/ideaXM/itrip/itrip-biz/target/classes/cn/itrip/service/**/*.class]
- (5932 ms) - [DEBUG] 2019-01-15 19:38:47,489 org.springframework.core.io.support.PathMatchingResourcePatternResolver - Searching directory [E:\ideaXM\itrip\itrip-biz\target\classes\cn\itrip\service\user] for files matching pattern [E:/ideaXM/itrip/itrip-biz/target/classes/cn/itrip/service/**/*.class]
- (5933 ms) - [DEBUG] 2019-01-15 19:38:47,490 org.springframework.core.io.support.PathMatchingResourcePatternResolver - Searching directory [E:\ideaXM\itrip\itrip-biz\target\classes\cn\itrip\service\userlinkuser] for files matching pattern [E:/ideaXM/itrip/itrip-biz/target/classes/cn/itrip/service/**/*.class]
- (5934 ms) - [DEBUG] 2019-01-15 19:38:47,491 org.springframework.core.io.support.PathMatchingResourcePatternResolver - Resolved location pattern [classpath*:cn/itrip/service/**/*.class] to resources [file [E:\ideaXM\itrip\itrip-biz\target\test-classes\cn\itrip\service\areadic\TestItripAreaDicService.class], file [E:\ideaXM\itrip\itrip-biz\target\test-classes\cn\itrip\service\labeldic\TestItripLabelDicService.class], file [E:\ideaXM\itrip\itrip-biz\target\test-classes\cn\itrip\service\user\TestItripUserService.class], file [E:\ideaXM\itrip\itrip-biz\target\test-classes\cn\itrip\service\userlinkuser\TestItripUserLinkUserService.class], file [E:\ideaXM\itrip\itrip-biz\target\classes\cn\itrip\service\area\ItripHotService.class], file [E:\ideaXM\itrip\itrip-biz\target\classes\cn\itrip\service\area\ItripHotServiceImpl.class], file [E:\ideaXM\itrip\itrip-biz\target\classes\cn\itrip\service\areadic\ItripAreaDicService.class], file [E:\ideaXM\itrip\itrip-biz\target\classes\cn\itrip\service\areadic\ItripAreaDicServiceImpl.class], file [E:\ideaXM\itrip\itrip-biz\target\classes\cn\itrip\service\comment\ItripCommentService.class], file [E:\ideaXM\itrip\itrip-biz\target\classes\cn\itrip\service\comment\ItripCommentServiceImpl.class], file [E:\ideaXM\itrip\itrip-biz\target\classes\cn\itrip\service\hotelorder\ItripHotelOrderService.class], file [E:\ideaXM\itrip\itrip-biz\target\classes\cn\itrip\service\hotelorder\ItripHotelOrderServiceImpl.class], file [E:\ideaXM\itrip\itrip-biz\target\classes\cn\itrip\service\image\ItripImageService.class], file [E:\ideaXM\itrip\itrip-biz\target\classes\cn\itrip\service\image\ItripImageServiceImpl.class], file [E:\ideaXM\itrip\itrip-biz\target\classes\cn\itrip\service\label\ItripLabelService.class], file [E:\ideaXM\itrip\itrip-biz\target\classes\cn\itrip\service\label\ItripLabelServiceImpl.class], file [E:\ideaXM\itrip\itrip-biz\target\classes\cn\itrip\service\labeldic\ItripLabelDicService.class], file [E:\ideaXM\itrip\itrip-biz\target\classes\cn\itrip\service\labeldic\ItripLabelDicServiceImpl.class], file [E:\ideaXM\itrip\itrip-biz\target\classes\cn\itrip\service\user\ItripUserService.class], file [E:\ideaXM\itrip\itrip-biz\target\classes\cn\itrip\service\user\ItripUserServiceImpl.class], file [E:\ideaXM\itrip\itrip-biz\target\classes\cn\itrip\service\userlinkuser\ItripUserLinkUserService.class], file [E:\ideaXM\itrip\itrip-biz\target\classes\cn\itrip\service\userlinkuser\ItripUserLinkUserServiceImpl.class]]
- (5938 ms) - [DEBUG] 2019-01-15 19:38:47,495 org.springframework.context.annotation.ClassPathBeanDefinitionScanner - Identified candidate component class: file [E:\ideaXM\itrip\itrip-biz\target\classes\cn\itrip\service\area\ItripHotServiceImpl.class]
- (5940 ms) - [DEBUG] 2019-01-15 19:38:47,497 org.springframework.context.annotation.ClassPathBeanDefinitionScanner - Identified candidate component class: file [E:\ideaXM\itrip\itrip-biz\target\classes\cn\itrip\service\areadic\ItripAreaDicServiceImpl.class]
- (5941 ms) - [DEBUG] 2019-01-15 19:38:47,498 org.springframework.context.annotation.ClassPathBeanDefinitionScanner - Identified candidate component class: file [E:\ideaXM\itrip\itrip-biz\target\classes\cn\itrip\service\comment\ItripCommentServiceImpl.class]
- (5943 ms) - [DEBUG] 2019-01-15 19:38:47,500 org.springframework.context.annotation.ClassPathBeanDefinitionScanner - Identified candidate component class: file [E:\ideaXM\itrip\itrip-biz\target\classes\cn\itrip\service\hotelorder\ItripHotelOrderServiceImpl.class]
- (5945 ms) - [DEBUG] 2019-01-15 19:38:47,502 org.springframework.context.annotation.ClassPathBeanDefinitionScanner - Identified candidate component class: file [E:\ideaXM\itrip\itrip-biz\target\classes\cn\itrip\service\image\ItripImageServiceImpl.class]
- (5946 ms) - [DEBUG] 2019-01-15 19:38:47,503 org.springframework.context.annotation.ClassPathBeanDefinitionScanner - Identified candidate component class: file [E:\ideaXM\itrip\itrip-biz\target\classes\cn\itrip\service\label\ItripLabelServiceImpl.class]
- (5956 ms) - [DEBUG] 2019-01-15 19:38:47,513 org.springframework.context.annotation.ClassPathBeanDefinitionScanner - Identified candidate component class: file [E:\ideaXM\itrip\itrip-biz\target\classes\cn\itrip\service\labeldic\ItripLabelDicServiceImpl.class]
- (5960 ms) - [DEBUG] 2019-01-15 19:38:47,517 org.springframework.context.annotation.ClassPathBeanDefinitionScanner - Identified candidate component class: file [E:\ideaXM\itrip\itrip-biz\target\classes\cn\itrip\service\user\ItripUserServiceImpl.class]
- (5964 ms) - [DEBUG] 2019-01-15 19:38:47,521 org.springframework.context.annotation.ClassPathBeanDefinitionScanner - Identified candidate component class: file [E:\ideaXM\itrip\itrip-biz\target\classes\cn\itrip\service\userlinkuser\ItripUserLinkUserServiceImpl.class]
- (5967 ms) - [DEBUG] 2019-01-15 19:38:47,524 org.springframework.beans.factory.xml.BeanDefinitionParserDelegate - Neither XML 'id' nor 'name' specified - using generated bean name [org.mybatis.spring.mapper.MapperScannerConfigurer#0]
- (5968 ms) - [DEBUG] 2019-01-15 19:38:47,525 org.springframework.beans.factory.xml.XmlBeanDefinitionReader - Loaded 31 bean definitions from location pattern [applicationContext-mybatis.xml]
- (5968 ms) - [DEBUG] 2019-01-15 19:38:47,525 org.springframework.context.support.ClassPathXmlApplicationContext - Bean factory for org.springframework.context.support.ClassPathXmlApplicationContext@a8c1f44: org.springframework.beans.factory.support.DefaultListableBeanFactory@7fc44dec: defining beans [org.springframework.web.servlet.resource.DefaultServletHttpRequestHandler#0,org.springframework.web.servlet.handler.SimpleUrlHandlerMapping#0,org.springframework.web.servlet.handler.BeanNameUrlHandlerMapping,org.springframework.web.servlet.mvc.HttpRequestHandlerAdapter,org.springframework.web.servlet.mvc.SimpleControllerHandlerAdapter,itripHotServiceImpl,itripAreaDicServiceImpl,itripCommentServiceImpl,itripHotelOrderServiceImpl,itripImageServiceImpl,itripLabelServiceImpl,itripLabelDicServiceImpl,itripUserServiceImpl,itripUserLinkUserServiceImpl,org.springframework.context.annotation.internalConfigurationAnnotationProcessor,org.springframework.context.annotation.internalAutowiredAnnotationProcessor,org.springframework.context.annotation.internalRequiredAnnotationProcessor,org.springframework.context.annotation.internalCommonAnnotationProcessor,org.springframework.context.support.PropertySourcesPlaceholderConfigurer#0,dataSource,txManager,sqlSessionFactoryBean,org.springframework.aop.config.internalAutoProxyCreator,transService,org.springframework.aop.support.DefaultBeanFactoryPointcutAdvisor#0,myAdvice,org.mybatis.spring.mapper.MapperScannerConfigurer#0,jedisPoolConfig,jedisPool,redisAPI,validationToken]; root of factory hierarchy
- (5969 ms) - [DEBUG] 2019-01-15 19:38:47,526 org.springframework.beans.factory.support.DefaultListableBeanFactory - Creating shared instance of singleton bean 'org.springframework.context.annotation.internalConfigurationAnnotationProcessor'
- (5970 ms) - [DEBUG] 2019-01-15 19:38:47,527 org.springframework.beans.factory.support.DefaultListableBeanFactory - Creating instance of bean 'org.springframework.context.annotation.internalConfigurationAnnotationProcessor'
- (5970 ms) - [DEBUG] 2019-01-15 19:38:47,527 org.springframework.beans.factory.support.DefaultListableBeanFactory - Eagerly caching bean 'org.springframework.context.annotation.internalConfigurationAnnotationProcessor' to allow for resolving potential circular references
- (5971 ms) - [DEBUG] 2019-01-15 19:38:47,528 org.springframework.beans.factory.support.DefaultListableBeanFactory - Finished creating instance of bean 'org.springframework.context.annotation.internalConfigurationAnnotationProcessor'
- (6036 ms) - [DEBUG] 2019-01-15 19:38:47,593 org.springframework.beans.factory.support.DefaultListableBeanFactory - Creating shared instance of singleton bean 'org.mybatis.spring.mapper.MapperScannerConfigurer#0'
- (6036 ms) - [DEBUG] 2019-01-15 19:38:47,593 org.springframework.beans.factory.support.DefaultListableBeanFactory - Creating instance of bean 'org.mybatis.spring.mapper.MapperScannerConfigurer#0'
- (6037 ms) - [DEBUG] 2019-01-15 19:38:47,594 org.springframework.beans.factory.support.DefaultListableBeanFactory - Eagerly caching bean 'org.mybatis.spring.mapper.MapperScannerConfigurer#0' to allow for resolving potential circular references
- (6037 ms) - [DEBUG] 2019-01-15 19:38:47,594 org.springframework.beans.factory.support.DefaultListableBeanFactory - Invoking afterPropertiesSet() on bean with name 'org.mybatis.spring.mapper.MapperScannerConfigurer#0'
- (6037 ms) - [DEBUG] 2019-01-15 19:38:47,594 org.springframework.beans.factory.support.DefaultListableBeanFactory - Finished creating instance of bean 'org.mybatis.spring.mapper.MapperScannerConfigurer#0'
- (6038 ms) - [DEBUG] 2019-01-15 19:38:47,595 org.springframework.core.env.StandardEnvironment - Adding [systemProperties] PropertySource with lowest search precedence
- (6038 ms) - [DEBUG] 2019-01-15 19:38:47,595 org.springframework.core.env.StandardEnvironment - Adding [systemEnvironment] PropertySource with lowest search precedence
- (6038 ms) - [DEBUG] 2019-01-15 19:38:47,595 org.springframework.core.env.StandardEnvironment - Initialized StandardEnvironment with PropertySources [systemProperties,systemEnvironment]
- (6040 ms) - [DEBUG] 2019-01-15 19:38:47,597 org.springframework.core.io.support.PathMatchingResourcePatternResolver - Looking for matching resources in jar file [file:/E:/ideaXM/itrip/itrip-dao/target/itrip-dao-1.0-SNAPSHOT.jar]
- (6042 ms) - [DEBUG] 2019-01-15 19:38:47,599 org.springframework.core.io.support.PathMatchingResourcePatternResolver - Resolved location pattern [classpath*:cn/itrip/dao/**/*.class] to resources [URL [jar:file:/E:/ideaXM/itrip/itrip-dao/target/itrip-dao-1.0-SNAPSHOT.jar!/cn/itrip/dao/area/ItripHotMapper.class], URL [jar:file:/E:/ideaXM/itrip/itrip-dao/target/itrip-dao-1.0-SNAPSHOT.jar!/cn/itrip/dao/areadic/ItripAreaDicMapper.class], URL [jar:file:/E:/ideaXM/itrip/itrip-dao/target/itrip-dao-1.0-SNAPSHOT.jar!/cn/itrip/dao/comment/ItripCommentMapper.class], URL [jar:file:/E:/ideaXM/itrip/itrip-dao/target/itrip-dao-1.0-SNAPSHOT.jar!/cn/itrip/dao/hotel/ItripHotelMapper.class], URL [jar:file:/E:/ideaXM/itrip/itrip-dao/target/itrip-dao-1.0-SNAPSHOT.jar!/cn/itrip/dao/hotelorder/ItripHotelOrderMapper.class], URL [jar:file:/E:/ideaXM/itrip/itrip-dao/target/itrip-dao-1.0-SNAPSHOT.jar!/cn/itrip/dao/image/ItripImageMapper.class], URL [jar:file:/E:/ideaXM/itrip/itrip-dao/target/itrip-dao-1.0-SNAPSHOT.jar!/cn/itrip/dao/label/ItripLabelMapper.class], URL [jar:file:/E:/ideaXM/itrip/itrip-dao/target/itrip-dao-1.0-SNAPSHOT.jar!/cn/itrip/dao/labeldic/ItripLabelDicMapper.class], URL [jar:file:/E:/ideaXM/itrip/itrip-dao/target/itrip-dao-1.0-SNAPSHOT.jar!/cn/itrip/dao/user/ItripUserMapper.class], URL [jar:file:/E:/ideaXM/itrip/itrip-dao/target/itrip-dao-1.0-SNAPSHOT.jar!/cn/itrip/dao/userlinkuser/ItripUserLinkUserMapper.class]]
- (6044 ms) - [DEBUG] 2019-01-15 19:38:47,601 org.mybatis.spring.mapper.ClassPathMapperScanner - Identified candidate component class: URL [jar:file:/E:/ideaXM/itrip/itrip-dao/target/itrip-dao-1.0-SNAPSHOT.jar!/cn/itrip/dao/area/ItripHotMapper.class]
- (6045 ms) - [DEBUG] 2019-01-15 19:38:47,602 org.mybatis.spring.mapper.ClassPathMapperScanner - Identified candidate component class: URL [jar:file:/E:/ideaXM/itrip/itrip-dao/target/itrip-dao-1.0-SNAPSHOT.jar!/cn/itrip/dao/areadic/ItripAreaDicMapper.class]
- (6046 ms) - [DEBUG] 2019-01-15 19:38:47,603 org.mybatis.spring.mapper.ClassPathMapperScanner - Identified candidate component class: URL [jar:file:/E:/ideaXM/itrip/itrip-dao/target/itrip-dao-1.0-SNAPSHOT.jar!/cn/itrip/dao/comment/ItripCommentMapper.class]
- (6046 ms) - [DEBUG] 2019-01-15 19:38:47,603 org.mybatis.spring.mapper.ClassPathMapperScanner - Identified candidate component class: URL [jar:file:/E:/ideaXM/itrip/itrip-dao/target/itrip-dao-1.0-SNAPSHOT.jar!/cn/itrip/dao/hotel/ItripHotelMapper.class]
- (6047 ms) - [DEBUG] 2019-01-15 19:38:47,604 org.mybatis.spring.mapper.ClassPathMapperScanner - Identified candidate component class: URL [jar:file:/E:/ideaXM/itrip/itrip-dao/target/itrip-dao-1.0-SNAPSHOT.jar!/cn/itrip/dao/hotelorder/ItripHotelOrderMapper.class]
- (6050 ms) - [DEBUG] 2019-01-15 19:38:47,607 org.mybatis.spring.mapper.ClassPathMapperScanner - Identified candidate component class: URL [jar:file:/E:/ideaXM/itrip/itrip-dao/target/itrip-dao-1.0-SNAPSHOT.jar!/cn/itrip/dao/image/ItripImageMapper.class]
- (6051 ms) - [DEBUG] 2019-01-15 19:38:47,608 org.mybatis.spring.mapper.ClassPathMapperScanner - Identified candidate component class: URL [jar:file:/E:/ideaXM/itrip/itrip-dao/target/itrip-dao-1.0-SNAPSHOT.jar!/cn/itrip/dao/label/ItripLabelMapper.class]
- (6052 ms) - [DEBUG] 2019-01-15 19:38:47,609 org.mybatis.spring.mapper.ClassPathMapperScanner - Identified candidate component class: URL [jar:file:/E:/ideaXM/itrip/itrip-dao/target/itrip-dao-1.0-SNAPSHOT.jar!/cn/itrip/dao/labeldic/ItripLabelDicMapper.class]
- (6053 ms) - [DEBUG] 2019-01-15 19:38:47,610 org.mybatis.spring.mapper.ClassPathMapperScanner - Identified candidate component class: URL [jar:file:/E:/ideaXM/itrip/itrip-dao/target/itrip-dao-1.0-SNAPSHOT.jar!/cn/itrip/dao/user/ItripUserMapper.class]
- (6055 ms) - [DEBUG] 2019-01-15 19:38:47,612 org.mybatis.spring.mapper.ClassPathMapperScanner - Identified candidate component class: URL [jar:file:/E:/ideaXM/itrip/itrip-dao/target/itrip-dao-1.0-SNAPSHOT.jar!/cn/itrip/dao/userlinkuser/ItripUserLinkUserMapper.class]
- (6055 ms) - [DEBUG] 2019-01-15 19:38:47,612 org.mybatis.spring.mapper.ClassPathMapperScanner - Creating MapperFactoryBean with name 'itripHotMapper' and 'cn.itrip.dao.area.ItripHotMapper' mapperInterface
- (6056 ms) - [DEBUG] 2019-01-15 19:38:47,613 org.mybatis.spring.mapper.ClassPathMapperScanner - Enabling autowire by type for MapperFactoryBean with name 'itripHotMapper'.
- (6056 ms) - [DEBUG] 2019-01-15 19:38:47,613 org.mybatis.spring.mapper.ClassPathMapperScanner - Creating MapperFactoryBean with name 'itripAreaDicMapper' and 'cn.itrip.dao.areadic.ItripAreaDicMapper' mapperInterface
- (6056 ms) - [DEBUG] 2019-01-15 19:38:47,613 org.mybatis.spring.mapper.ClassPathMapperScanner - Enabling autowire by type for MapperFactoryBean with name 'itripAreaDicMapper'.
- (6056 ms) - [DEBUG] 2019-01-15 19:38:47,613 org.mybatis.spring.mapper.ClassPathMapperScanner - Creating MapperFactoryBean with name 'itripCommentMapper' and 'cn.itrip.dao.comment.ItripCommentMapper' mapperInterface
- (6056 ms) - [DEBUG] 2019-01-15 19:38:47,613 org.mybatis.spring.mapper.ClassPathMapperScanner - Enabling autowire by type for MapperFactoryBean with name 'itripCommentMapper'.
- (6057 ms) - [DEBUG] 2019-01-15 19:38:47,614 org.mybatis.spring.mapper.ClassPathMapperScanner - Creating MapperFactoryBean with name 'itripHotelMapper' and 'cn.itrip.dao.hotel.ItripHotelMapper' mapperInterface
- (6057 ms) - [DEBUG] 2019-01-15 19:38:47,614 org.mybatis.spring.mapper.ClassPathMapperScanner - Enabling autowire by type for MapperFactoryBean with name 'itripHotelMapper'.
- (6057 ms) - [DEBUG] 2019-01-15 19:38:47,614 org.mybatis.spring.mapper.ClassPathMapperScanner - Creating MapperFactoryBean with name 'itripHotelOrderMapper' and 'cn.itrip.dao.hotelorder.ItripHotelOrderMapper' mapperInterface
- (6057 ms) - [DEBUG] 2019-01-15 19:38:47,614 org.mybatis.spring.mapper.ClassPathMapperScanner - Enabling autowire by type for MapperFactoryBean with name 'itripHotelOrderMapper'.
- (6057 ms) - [DEBUG] 2019-01-15 19:38:47,614 org.mybatis.spring.mapper.ClassPathMapperScanner - Creating MapperFactoryBean with name 'itripImageMapper' and 'cn.itrip.dao.image.ItripImageMapper' mapperInterface
- (6057 ms) - [DEBUG] 2019-01-15 19:38:47,614 org.mybatis.spring.mapper.ClassPathMapperScanner - Enabling autowire by type for MapperFactoryBean with name 'itripImageMapper'.
- (6057 ms) - [DEBUG] 2019-01-15 19:38:47,614 org.mybatis.spring.mapper.ClassPathMapperScanner - Creating MapperFactoryBean with name 'itripLabelMapper' and 'cn.itrip.dao.label.ItripLabelMapper' mapperInterface
- (6057 ms) - [DEBUG] 2019-01-15 19:38:47,614 org.mybatis.spring.mapper.ClassPathMapperScanner - Enabling autowire by type for MapperFactoryBean with name 'itripLabelMapper'.
- (6058 ms) - [DEBUG] 2019-01-15 19:38:47,615 org.mybatis.spring.mapper.ClassPathMapperScanner - Creating MapperFactoryBean with name 'itripLabelDicMapper' and 'cn.itrip.dao.labeldic.ItripLabelDicMapper' mapperInterface
- (6058 ms) - [DEBUG] 2019-01-15 19:38:47,615 org.mybatis.spring.mapper.ClassPathMapperScanner - Enabling autowire by type for MapperFactoryBean with name 'itripLabelDicMapper'.
- (6058 ms) - [DEBUG] 2019-01-15 19:38:47,615 org.mybatis.spring.mapper.ClassPathMapperScanner - Creating MapperFactoryBean with name 'itripUserMapper' and 'cn.itrip.dao.user.ItripUserMapper' mapperInterface
- (6058 ms) - [DEBUG] 2019-01-15 19:38:47,615 org.mybatis.spring.mapper.ClassPathMapperScanner - Enabling autowire by type for MapperFactoryBean with name 'itripUserMapper'.
- (6058 ms) - [DEBUG] 2019-01-15 19:38:47,615 org.mybatis.spring.mapper.ClassPathMapperScanner - Creating MapperFactoryBean with name 'itripUserLinkUserMapper' and 'cn.itrip.dao.userlinkuser.ItripUserLinkUserMapper' mapperInterface
- (6058 ms) - [DEBUG] 2019-01-15 19:38:47,615 org.mybatis.spring.mapper.ClassPathMapperScanner - Enabling autowire by type for MapperFactoryBean with name 'itripUserLinkUserMapper'.
- (6065 ms) - [DEBUG] 2019-01-15 19:38:47,622 org.springframework.beans.factory.support.DefaultListableBeanFactory - Creating shared instance of singleton bean 'org.springframework.context.support.PropertySourcesPlaceholderConfigurer#0'
- (6069 ms) - [DEBUG] 2019-01-15 19:38:47,626 org.springframework.beans.factory.support.DefaultListableBeanFactory - Creating instance of bean 'org.springframework.context.support.PropertySourcesPlaceholderConfigurer#0'
- (6071 ms) - [DEBUG] 2019-01-15 19:38:47,628 org.springframework.beans.factory.support.DefaultListableBeanFactory - Eagerly caching bean 'org.springframework.context.support.PropertySourcesPlaceholderConfigurer#0' to allow for resolving potential circular references
- (6073 ms) - [DEBUG] 2019-01-15 19:38:47,630 org.springframework.beans.factory.support.DefaultListableBeanFactory - Finished creating instance of bean 'org.springframework.context.support.PropertySourcesPlaceholderConfigurer#0'
- (6073 ms) - [DEBUG] 2019-01-15 19:38:47,630 org.springframework.core.env.MutablePropertySources - Adding [environmentProperties] PropertySource with lowest search precedence
- (6073 ms) - [INFO] 2019-01-15 19:38:47,630 org.springframework.context.support.PropertySourcesPlaceholderConfigurer - Loading properties file from class path resource [database.properties]
- (6074 ms) - [DEBUG] 2019-01-15 19:38:47,631 org.springframework.core.env.MutablePropertySources - Adding [localProperties] PropertySource with lowest search precedence
- (6075 ms) - [DEBUG] 2019-01-15 19:38:47,632 org.springframework.core.env.PropertySourcesPropertyResolver - Searching for key 'mysql.driver' in [environmentProperties]
- (6077 ms) - [DEBUG] 2019-01-15 19:38:47,634 org.springframework.core.env.PropertySourcesPropertyResolver - Searching for key 'mysql.driver' in [systemProperties]
- (6078 ms) - [DEBUG] 2019-01-15 19:38:47,635 org.springframework.core.env.PropertySourcesPropertyResolver - Searching for key 'mysql.driver' in [systemEnvironment]
- (6079 ms) - [DEBUG] 2019-01-15 19:38:47,636 org.springframework.core.env.PropertySourcesPropertyResolver - Could not find key 'mysql.driver' in any property source. Returning [null]
- (6080 ms) - [DEBUG] 2019-01-15 19:38:47,637 org.springframework.core.env.PropertySourcesPropertyResolver - Searching for key 'mysql.driver' in [localProperties]
- (6081 ms) - [DEBUG] 2019-01-15 19:38:47,638 org.springframework.core.env.PropertySourcesPropertyResolver - Found key 'mysql.driver' in [localProperties] with type [String] and value 'com.mysql.jdbc.Driver'
- (6081 ms) - [DEBUG] 2019-01-15 19:38:47,638 org.springframework.core.env.PropertySourcesPropertyResolver - Searching for key 'mysql.url' in [environmentProperties]
- (6082 ms) - [DEBUG] 2019-01-15 19:38:47,639 org.springframework.core.env.PropertySourcesPropertyResolver - Searching for key 'mysql.url' in [systemProperties]
- (6082 ms) - [DEBUG] 2019-01-15 19:38:47,639 org.springframework.core.env.PropertySourcesPropertyResolver - Searching for key 'mysql.url' in [systemEnvironment]
- (6082 ms) - [DEBUG] 2019-01-15 19:38:47,639 org.springframework.core.env.PropertySourcesPropertyResolver - Could not find key 'mysql.url' in any property source. Returning [null]
- (6082 ms) - [DEBUG] 2019-01-15 19:38:47,639 org.springframework.core.env.PropertySourcesPropertyResolver - Searching for key 'mysql.url' in [localProperties]
- (6082 ms) - [DEBUG] 2019-01-15 19:38:47,639 org.springframework.core.env.PropertySourcesPropertyResolver - Found key 'mysql.url' in [localProperties] with type [String] and value 'jdbc:mysql://127.0.0.1:3306/itripdb?useUnicode=true&characterEncoding=utf-8'
- (6083 ms) - [DEBUG] 2019-01-15 19:38:47,640 org.springframework.core.env.PropertySourcesPropertyResolver - Searching for key 'mysql.user' in [environmentProperties]
- (6083 ms) - [DEBUG] 2019-01-15 19:38:47,640 org.springframework.core.env.PropertySourcesPropertyResolver - Searching for key 'mysql.user' in [systemProperties]
- (6084 ms) - [DEBUG] 2019-01-15 19:38:47,641 org.springframework.core.env.PropertySourcesPropertyResolver - Searching for key 'mysql.user' in [systemEnvironment]
- (6084 ms) - [DEBUG] 2019-01-15 19:38:47,641 org.springframework.core.env.PropertySourcesPropertyResolver - Could not find key 'mysql.user' in any property source. Returning [null]
- (6084 ms) - [DEBUG] 2019-01-15 19:38:47,641 org.springframework.core.env.PropertySourcesPropertyResolver - Searching for key 'mysql.user' in [localProperties]
- (6084 ms) - [DEBUG] 2019-01-15 19:38:47,641 org.springframework.core.env.PropertySourcesPropertyResolver - Found key 'mysql.user' in [localProperties] with type [String] and value 'itrip'
- (6084 ms) - [DEBUG] 2019-01-15 19:38:47,641 org.springframework.core.env.PropertySourcesPropertyResolver - Searching for key 'mysql.password' in [environmentProperties]
- (6085 ms) - [DEBUG] 2019-01-15 19:38:47,642 org.springframework.core.env.PropertySourcesPropertyResolver - Searching for key 'mysql.password' in [systemProperties]
- (6085 ms) - [DEBUG] 2019-01-15 19:38:47,642 org.springframework.core.env.PropertySourcesPropertyResolver - Searching for key 'mysql.password' in [systemEnvironment]
- (6085 ms) - [DEBUG] 2019-01-15 19:38:47,642 org.springframework.core.env.PropertySourcesPropertyResolver - Could not find key 'mysql.password' in any property source. Returning [null]
- (6085 ms) - [DEBUG] 2019-01-15 19:38:47,642 org.springframework.core.env.PropertySourcesPropertyResolver - Searching for key 'mysql.password' in [localProperties]
- (6085 ms) - [DEBUG] 2019-01-15 19:38:47,642 org.springframework.core.env.PropertySourcesPropertyResolver - Found key 'mysql.password' in [localProperties] with type [String] and value 'itripqaz!@#$QAZXXX'
- (6086 ms) - [DEBUG] 2019-01-15 19:38:47,643 org.springframework.core.env.PropertySourcesPropertyResolver - Searching for key 'mysql.initialSize' in [environmentProperties]
- (6086 ms) - [DEBUG] 2019-01-15 19:38:47,643 org.springframework.core.env.PropertySourcesPropertyResolver - Searching for key 'mysql.initialSize' in [systemProperties]
- (6086 ms) - [DEBUG] 2019-01-15 19:38:47,643 org.springframework.core.env.PropertySourcesPropertyResolver - Searching for key 'mysql.initialSize' in [systemEnvironment]
- (6086 ms) - [DEBUG] 2019-01-15 19:38:47,643 org.springframework.core.env.PropertySourcesPropertyResolver - Could not find key 'mysql.initialSize' in any property source. Returning [null]
- (6086 ms) - [DEBUG] 2019-01-15 19:38:47,643 org.springframework.core.env.PropertySourcesPropertyResolver - Searching for key 'mysql.initialSize' in [localProperties]
- (6087 ms) - [DEBUG] 2019-01-15 19:38:47,644 org.springframework.core.env.PropertySourcesPropertyResolver - Found key 'mysql.initialSize' in [localProperties] with type [String] and value '5'
- (6087 ms) - [DEBUG] 2019-01-15 19:38:47,644 org.springframework.core.env.PropertySourcesPropertyResolver - Searching for key 'mysql.maxActive' in [environmentProperties]
- (6088 ms) - [DEBUG] 2019-01-15 19:38:47,645 org.springframework.core.env.PropertySourcesPropertyResolver - Searching for key 'mysql.maxActive' in [systemProperties]
- (6088 ms) - [DEBUG] 2019-01-15 19:38:47,645 org.springframework.core.env.PropertySourcesPropertyResolver - Searching for key 'mysql.maxActive' in [systemEnvironment]
- (6088 ms) - [DEBUG] 2019-01-15 19:38:47,645 org.springframework.core.env.PropertySourcesPropertyResolver - Could not find key 'mysql.maxActive' in any property source. Returning [null]
- (6088 ms) - [DEBUG] 2019-01-15 19:38:47,645 org.springframework.core.env.PropertySourcesPropertyResolver - Searching for key 'mysql.maxActive' in [localProperties]
- (6088 ms) - [DEBUG] 2019-01-15 19:38:47,645 org.springframework.core.env.PropertySourcesPropertyResolver - Found key 'mysql.maxActive' in [localProperties] with type [String] and value '100'
- (6089 ms) - [DEBUG] 2019-01-15 19:38:47,646 org.springframework.core.env.PropertySourcesPropertyResolver - Searching for key 'mysql.maxIdle' in [environmentProperties]
- (6089 ms) - [DEBUG] 2019-01-15 19:38:47,646 org.springframework.core.env.PropertySourcesPropertyResolver - Searching for key 'mysql.maxIdle' in [systemProperties]
- (6089 ms) - [DEBUG] 2019-01-15 19:38:47,646 org.springframework.core.env.PropertySourcesPropertyResolver - Searching for key 'mysql.maxIdle' in [systemEnvironment]
- (6089 ms) - [DEBUG] 2019-01-15 19:38:47,646 org.springframework.core.env.PropertySourcesPropertyResolver - Could not find key 'mysql.maxIdle' in any property source. Returning [null]
- (6090 ms) - [DEBUG] 2019-01-15 19:38:47,647 org.springframework.core.env.PropertySourcesPropertyResolver - Searching for key 'mysql.maxIdle' in [localProperties]
- (6090 ms) - [DEBUG] 2019-01-15 19:38:47,647 org.springframework.core.env.PropertySourcesPropertyResolver - Found key 'mysql.maxIdle' in [localProperties] with type [String] and value '50'
- (6090 ms) - [DEBUG] 2019-01-15 19:38:47,647 org.springframework.core.env.PropertySourcesPropertyResolver - Searching for key 'mysql.minIdle' in [environmentProperties]
- (6090 ms) - [DEBUG] 2019-01-15 19:38:47,647 org.springframework.core.env.PropertySourcesPropertyResolver - Searching for key 'mysql.minIdle' in [systemProperties]
- (6090 ms) - [DEBUG] 2019-01-15 19:38:47,647 org.springframework.core.env.PropertySourcesPropertyResolver - Searching for key 'mysql.minIdle' in [systemEnvironment]
- (6091 ms) - [DEBUG] 2019-01-15 19:38:47,648 org.springframework.core.env.PropertySourcesPropertyResolver - Could not find key 'mysql.minIdle' in any property source. Returning [null]
- (6091 ms) - [DEBUG] 2019-01-15 19:38:47,648 org.springframework.core.env.PropertySourcesPropertyResolver - Searching for key 'mysql.minIdle' in [localProperties]
- (6091 ms) - [DEBUG] 2019-01-15 19:38:47,648 org.springframework.core.env.PropertySourcesPropertyResolver - Found key 'mysql.minIdle' in [localProperties] with type [String] and value '45'
- (6091 ms) - [DEBUG] 2019-01-15 19:38:47,648 org.springframework.core.env.PropertySourcesPropertyResolver - Searching for key 'mysql.maxWait' in [environmentProperties]
- (6092 ms) - [DEBUG] 2019-01-15 19:38:47,649 org.springframework.core.env.PropertySourcesPropertyResolver - Searching for key 'mysql.maxWait' in [systemProperties]
- (6092 ms) - [DEBUG] 2019-01-15 19:38:47,649 org.springframework.core.env.PropertySourcesPropertyResolver - Searching for key 'mysql.maxWait' in [systemEnvironment]
- (6092 ms) - [DEBUG] 2019-01-15 19:38:47,649 org.springframework.core.env.PropertySourcesPropertyResolver - Could not find key 'mysql.maxWait' in any property source. Returning [null]
- (6092 ms) - [DEBUG] 2019-01-15 19:38:47,649 org.springframework.core.env.PropertySourcesPropertyResolver - Searching for key 'mysql.maxWait' in [localProperties]
- (6092 ms) - [DEBUG] 2019-01-15 19:38:47,649 org.springframework.core.env.PropertySourcesPropertyResolver - Found key 'mysql.maxWait' in [localProperties] with type [String] and value '100'
- (6093 ms) - [DEBUG] 2019-01-15 19:38:47,650 org.springframework.core.env.PropertySourcesPropertyResolver - Searching for key 'mysql.removeAbandoned' in [environmentProperties]
- (6093 ms) - [DEBUG] 2019-01-15 19:38:47,650 org.springframework.core.env.PropertySourcesPropertyResolver - Searching for key 'mysql.removeAbandoned' in [systemProperties]
- (6093 ms) - [DEBUG] 2019-01-15 19:38:47,650 org.springframework.core.env.PropertySourcesPropertyResolver - Searching for key 'mysql.removeAbandoned' in [systemEnvironment]
- (6093 ms) - [DEBUG] 2019-01-15 19:38:47,650 org.springframework.core.env.PropertySourcesPropertyResolver - Could not find key 'mysql.removeAbandoned' in any property source. Returning [null]
- (6094 ms) - [DEBUG] 2019-01-15 19:38:47,651 org.springframework.core.env.PropertySourcesPropertyResolver - Searching for key 'mysql.removeAbandoned' in [localProperties]
- (6094 ms) - [DEBUG] 2019-01-15 19:38:47,651 org.springframework.core.env.PropertySourcesPropertyResolver - Found key 'mysql.removeAbandoned' in [localProperties] with type [String] and value 'true'
- (6094 ms) - [DEBUG] 2019-01-15 19:38:47,651 org.springframework.core.env.PropertySourcesPropertyResolver - Searching for key 'mysql.removeAbandonedTimeout' in [environmentProperties]
- (6095 ms) - [DEBUG] 2019-01-15 19:38:47,652 org.springframework.core.env.PropertySourcesPropertyResolver - Searching for key 'mysql.removeAbandonedTimeout' in [systemProperties]
- (6095 ms) - [DEBUG] 2019-01-15 19:38:47,652 org.springframework.core.env.PropertySourcesPropertyResolver - Searching for key 'mysql.removeAbandonedTimeout' in [systemEnvironment]
- (6115 ms) - [DEBUG] 2019-01-15 19:38:47,672 org.springframework.core.env.PropertySourcesPropertyResolver - Could not find key 'mysql.removeAbandonedTimeout' in any property source. Returning [null]
- (6115 ms) - [DEBUG] 2019-01-15 19:38:47,672 org.springframework.core.env.PropertySourcesPropertyResolver - Searching for key 'mysql.removeAbandonedTimeout' in [localProperties]
- (6115 ms) - [DEBUG] 2019-01-15 19:38:47,672 org.springframework.core.env.PropertySourcesPropertyResolver - Found key 'mysql.removeAbandonedTimeout' in [localProperties] with type [String] and value '180'
- (6115 ms) - [DEBUG] 2019-01-15 19:38:47,672 org.springframework.core.env.PropertySourcesPropertyResolver - Searching for key 'mysql.maxActive' in [environmentProperties]
- (6116 ms) - [DEBUG] 2019-01-15 19:38:47,673 org.springframework.core.env.PropertySourcesPropertyResolver - Searching for key 'mysql.maxActive' in [systemProperties]
- (6116 ms) - [DEBUG] 2019-01-15 19:38:47,673 org.springframework.core.env.PropertySourcesPropertyResolver - Searching for key 'mysql.maxActive' in [systemEnvironment]
- (6116 ms) - [DEBUG] 2019-01-15 19:38:47,673 org.springframework.core.env.PropertySourcesPropertyResolver - Could not find key 'mysql.maxActive' in any property source. Returning [null]
- (6116 ms) - [DEBUG] 2019-01-15 19:38:47,673 org.springframework.core.env.PropertySourcesPropertyResolver - Searching for key 'mysql.maxActive' in [localProperties]
- (6116 ms) - [DEBUG] 2019-01-15 19:38:47,673 org.springframework.core.env.PropertySourcesPropertyResolver - Found key 'mysql.maxActive' in [localProperties] with type [String] and value '100'
- (6117 ms) - [DEBUG] 2019-01-15 19:38:47,674 org.springframework.core.env.PropertySourcesPropertyResolver - Searching for key 'redis.maxActive' in [environmentProperties]
- (6117 ms) - [DEBUG] 2019-01-15 19:38:47,674 org.springframework.core.env.PropertySourcesPropertyResolver - Searching for key 'redis.maxActive' in [systemProperties]
- (6117 ms) - [DEBUG] 2019-01-15 19:38:47,674 org.springframework.core.env.PropertySourcesPropertyResolver - Searching for key 'redis.maxActive' in [systemEnvironment]
- (6117 ms) - [DEBUG] 2019-01-15 19:38:47,674 org.springframework.core.env.PropertySourcesPropertyResolver - Could not find key 'redis.maxActive' in any property source. Returning [null]
- (6117 ms) - [DEBUG] 2019-01-15 19:38:47,674 org.springframework.core.env.PropertySourcesPropertyResolver - Searching for key 'redis.maxActive' in [localProperties]
- (6117 ms) - [DEBUG] 2019-01-15 19:38:47,674 org.springframework.core.env.PropertySourcesPropertyResolver - Found key 'redis.maxActive' in [localProperties] with type [String] and value '300'
- (6118 ms) - [DEBUG] 2019-01-15 19:38:47,675 org.springframework.core.env.PropertySourcesPropertyResolver - Searching for key 'redis.maxIdle' in [environmentProperties]
- (6118 ms) - [DEBUG] 2019-01-15 19:38:47,675 org.springframework.core.env.PropertySourcesPropertyResolver - Searching for key 'redis.maxIdle' in [systemProperties]
- (6118 ms) - [DEBUG] 2019-01-15 19:38:47,675 org.springframework.core.env.PropertySourcesPropertyResolver - Searching for key 'redis.maxIdle' in [systemEnvironment]
- (6119 ms) - [DEBUG] 2019-01-15 19:38:47,676 org.springframework.core.env.PropertySourcesPropertyResolver - Could not find key 'redis.maxIdle' in any property source. Returning [null]
- (6119 ms) - [DEBUG] 2019-01-15 19:38:47,676 org.springframework.core.env.PropertySourcesPropertyResolver - Searching for key 'redis.maxIdle' in [localProperties]
- (6119 ms) - [DEBUG] 2019-01-15 19:38:47,676 org.springframework.core.env.PropertySourcesPropertyResolver - Found key 'redis.maxIdle' in [localProperties] with type [String] and value '100'
- (6119 ms) - [DEBUG] 2019-01-15 19:38:47,676 org.springframework.core.env.PropertySourcesPropertyResolver - Searching for key 'redis.maxWait' in [environmentProperties]
- (6119 ms) - [DEBUG] 2019-01-15 19:38:47,676 org.springframework.core.env.PropertySourcesPropertyResolver - Searching for key 'redis.maxWait' in [systemProperties]
- (6119 ms) - [DEBUG] 2019-01-15 19:38:47,676 org.springframework.core.env.PropertySourcesPropertyResolver - Searching for key 'redis.maxWait' in [systemEnvironment]
- (6120 ms) - [DEBUG] 2019-01-15 19:38:47,677 org.springframework.core.env.PropertySourcesPropertyResolver - Could not find key 'redis.maxWait' in any property source. Returning [null]
- (6120 ms) - [DEBUG] 2019-01-15 19:38:47,677 org.springframework.core.env.PropertySourcesPropertyResolver - Searching for key 'redis.maxWait' in [localProperties]
- (6120 ms) - [DEBUG] 2019-01-15 19:38:47,677 org.springframework.core.env.PropertySourcesPropertyResolver - Found key 'redis.maxWait' in [localProperties] with type [String] and value '1000'
- (6120 ms) - [DEBUG] 2019-01-15 19:38:47,677 org.springframework.core.env.PropertySourcesPropertyResolver - Searching for key 'redis.host' in [environmentProperties]
- (6120 ms) - [DEBUG] 2019-01-15 19:38:47,677 org.springframework.core.env.PropertySourcesPropertyResolver - Searching for key 'redis.host' in [systemProperties]
- (6120 ms) - [DEBUG] 2019-01-15 19:38:47,677 org.springframework.core.env.PropertySourcesPropertyResolver - Searching for key 'redis.host' in [systemEnvironment]
- (6121 ms) - [DEBUG] 2019-01-15 19:38:47,678 org.springframework.core.env.PropertySourcesPropertyResolver - Could not find key 'redis.host' in any property source. Returning [null]
- (6121 ms) - [DEBUG] 2019-01-15 19:38:47,678 org.springframework.core.env.PropertySourcesPropertyResolver - Searching for key 'redis.host' in [localProperties]
- (6121 ms) - [DEBUG] 2019-01-15 19:38:47,678 org.springframework.core.env.PropertySourcesPropertyResolver - Found key 'redis.host' in [localProperties] with type [String] and value '127.0.0.1'
- (6122 ms) - [DEBUG] 2019-01-15 19:38:47,679 org.springframework.core.env.PropertySourcesPropertyResolver - Searching for key 'redis.port' in [environmentProperties]
- (6122 ms) - [DEBUG] 2019-01-15 19:38:47,679 org.springframework.core.env.PropertySourcesPropertyResolver - Searching for key 'redis.port' in [systemProperties]
- (6122 ms) - [DEBUG] 2019-01-15 19:38:47,679 org.springframework.core.env.PropertySourcesPropertyResolver - Searching for key 'redis.port' in [systemEnvironment]
- (6122 ms) - [DEBUG] 2019-01-15 19:38:47,679 org.springframework.core.env.PropertySourcesPropertyResolver - Could not find key 'redis.port' in any property source. Returning [null]
- (6123 ms) - [DEBUG] 2019-01-15 19:38:47,680 org.springframework.core.env.PropertySourcesPropertyResolver - Searching for key 'redis.port' in [localProperties]
- (6123 ms) - [DEBUG] 2019-01-15 19:38:47,680 org.springframework.core.env.PropertySourcesPropertyResolver - Found key 'redis.port' in [localProperties] with type [String] and value '6379'
- (6123 ms) - [DEBUG] 2019-01-15 19:38:47,680 org.springframework.core.env.PropertySourcesPropertyResolver - Searching for key 'redis.timeout' in [environmentProperties]
- (6123 ms) - [DEBUG] 2019-01-15 19:38:47,680 org.springframework.core.env.PropertySourcesPropertyResolver - Searching for key 'redis.timeout' in [systemProperties]
- (6123 ms) - [DEBUG] 2019-01-15 19:38:47,680 org.springframework.core.env.PropertySourcesPropertyResolver - Searching for key 'redis.timeout' in [systemEnvironment]
- (6123 ms) - [DEBUG] 2019-01-15 19:38:47,680 org.springframework.core.env.PropertySourcesPropertyResolver - Could not find key 'redis.timeout' in any property source. Returning [null]
- (6124 ms) - [DEBUG] 2019-01-15 19:38:47,681 org.springframework.core.env.PropertySourcesPropertyResolver - Searching for key 'redis.timeout' in [localProperties]
- (6124 ms) - [DEBUG] 2019-01-15 19:38:47,681 org.springframework.core.env.PropertySourcesPropertyResolver - Found key 'redis.timeout' in [localProperties] with type [String] and value '3000'
- (6124 ms) - [DEBUG] 2019-01-15 19:38:47,681 org.springframework.core.env.PropertySourcesPropertyResolver - Searching for key 'redis.pass' in [environmentProperties]
- (6124 ms) - [DEBUG] 2019-01-15 19:38:47,681 org.springframework.core.env.PropertySourcesPropertyResolver - Searching for key 'redis.pass' in [systemProperties]
- (6125 ms) - [DEBUG] 2019-01-15 19:38:47,682 org.springframework.core.env.PropertySourcesPropertyResolver - Searching for key 'redis.pass' in [systemEnvironment]
- (6125 ms) - [DEBUG] 2019-01-15 19:38:47,682 org.springframework.core.env.PropertySourcesPropertyResolver - Could not find key 'redis.pass' in any property source. Returning [null]
- (6125 ms) - [DEBUG] 2019-01-15 19:38:47,682 org.springframework.core.env.PropertySourcesPropertyResolver - Searching for key 'redis.pass' in [localProperties]
- (6125 ms) - [DEBUG] 2019-01-15 19:38:47,682 org.springframework.core.env.PropertySourcesPropertyResolver - Found key 'redis.pass' in [localProperties] with type [String] and value 'redis@WSX!QAZ1234XXX'
- (6125 ms) - [DEBUG] 2019-01-15 19:38:47,682 org.springframework.core.env.PropertySourcesPropertyResolver - Searching for key 'redis.default.db' in [environmentProperties]
- (6125 ms) - [DEBUG] 2019-01-15 19:38:47,682 org.springframework.core.env.PropertySourcesPropertyResolver - Searching for key 'redis.default.db' in [systemProperties]
- (6126 ms) - [DEBUG] 2019-01-15 19:38:47,683 org.springframework.core.env.PropertySourcesPropertyResolver - Searching for key 'redis.default.db' in [systemEnvironment]
- (6126 ms) - [DEBUG] 2019-01-15 19:38:47,683 org.springframework.core.env.PropertySourcesPropertyResolver - Could not find key 'redis.default.db' in any property source. Returning [null]
- (6126 ms) - [DEBUG] 2019-01-15 19:38:47,683 org.springframework.core.env.PropertySourcesPropertyResolver - Searching for key 'redis.default.db' in [localProperties]
- (6127 ms) - [DEBUG] 2019-01-15 19:38:47,684 org.springframework.core.env.PropertySourcesPropertyResolver - Found key 'redis.default.db' in [localProperties] with type [String] and value '0'
- (6129 ms) - [DEBUG] 2019-01-15 19:38:47,686 org.springframework.beans.factory.support.DefaultListableBeanFactory - Creating shared instance of singleton bean 'org.springframework.context.annotation.internalAutowiredAnnotationProcessor'
- (6129 ms) - [DEBUG] 2019-01-15 19:38:47,686 org.springframework.beans.factory.support.DefaultListableBeanFactory - Creating instance of bean 'org.springframework.context.annotation.internalAutowiredAnnotationProcessor'
- (6132 ms) - [DEBUG] 2019-01-15 19:38:47,689 org.springframework.beans.factory.support.DefaultListableBeanFactory - Eagerly caching bean 'org.springframework.context.annotation.internalAutowiredAnnotationProcessor' to allow for resolving potential circular references
- (6133 ms) - [DEBUG] 2019-01-15 19:38:47,690 org.springframework.beans.factory.support.DefaultListableBeanFactory - Finished creating instance of bean 'org.springframework.context.annotation.internalAutowiredAnnotationProcessor'
- (6133 ms) - [DEBUG] 2019-01-15 19:38:47,690 org.springframework.beans.factory.support.DefaultListableBeanFactory - Creating shared instance of singleton bean 'org.springframework.context.annotation.internalRequiredAnnotationProcessor'
- (6133 ms) - [DEBUG] 2019-01-15 19:38:47,690 org.springframework.beans.factory.support.DefaultListableBeanFactory - Creating instance of bean 'org.springframework.context.annotation.internalRequiredAnnotationProcessor'
- (6133 ms) - [DEBUG] 2019-01-15 19:38:47,690 org.springframework.beans.factory.support.DefaultListableBeanFactory - Eagerly caching bean 'org.springframework.context.annotation.internalRequiredAnnotationProcessor' to allow for resolving potential circular references
- (6134 ms) - [DEBUG] 2019-01-15 19:38:47,691 org.springframework.beans.factory.support.DefaultListableBeanFactory - Finished creating instance of bean 'org.springframework.context.annotation.internalRequiredAnnotationProcessor'
- (6134 ms) - [DEBUG] 2019-01-15 19:38:47,691 org.springframework.beans.factory.support.DefaultListableBeanFactory - Creating shared instance of singleton bean 'org.springframework.context.annotation.internalCommonAnnotationProcessor'
- (6135 ms) - [DEBUG] 2019-01-15 19:38:47,692 org.springframework.beans.factory.support.DefaultListableBeanFactory - Creating instance of bean 'org.springframework.context.annotation.internalCommonAnnotationProcessor'
- (6135 ms) - [DEBUG] 2019-01-15 19:38:47,692 org.springframework.beans.factory.support.DefaultListableBeanFactory - Eagerly caching bean 'org.springframework.context.annotation.internalCommonAnnotationProcessor' to allow for resolving potential circular references
- (6135 ms) - [DEBUG] 2019-01-15 19:38:47,692 org.springframework.beans.factory.support.DefaultListableBeanFactory - Finished creating instance of bean 'org.springframework.context.annotation.internalCommonAnnotationProcessor'
- (6135 ms) - [DEBUG] 2019-01-15 19:38:47,692 org.springframework.beans.factory.support.DefaultListableBeanFactory - Creating shared instance of singleton bean 'org.springframework.context.annotation.ConfigurationClassPostProcessor.importAwareProcessor'
- (6135 ms) - [DEBUG] 2019-01-15 19:38:47,692 org.springframework.beans.factory.support.DefaultListableBeanFactory - Creating instance of bean 'org.springframework.context.annotation.ConfigurationClassPostProcessor.importAwareProcessor'
- (6136 ms) - [DEBUG] 2019-01-15 19:38:47,693 org.springframework.beans.factory.support.DefaultListableBeanFactory - Eagerly caching bean 'org.springframework.context.annotation.ConfigurationClassPostProcessor.importAwareProcessor' to allow for resolving potential circular references
- (6136 ms) - [DEBUG] 2019-01-15 19:38:47,693 org.springframework.beans.factory.support.DefaultListableBeanFactory - Finished creating instance of bean 'org.springframework.context.annotation.ConfigurationClassPostProcessor.importAwareProcessor'
- (6136 ms) - [DEBUG] 2019-01-15 19:38:47,693 org.springframework.beans.factory.support.DefaultListableBeanFactory - Creating shared instance of singleton bean 'org.springframework.context.annotation.ConfigurationClassPostProcessor.enhancedConfigurationProcessor'
- (6136 ms) - [DEBUG] 2019-01-15 19:38:47,693 org.springframework.beans.factory.support.DefaultListableBeanFactory - Creating instance of bean 'org.springframework.context.annotation.ConfigurationClassPostProcessor.enhancedConfigurationProcessor'
- (6137 ms) - [DEBUG] 2019-01-15 19:38:47,694 org.springframework.beans.factory.support.DefaultListableBeanFactory - Eagerly caching bean 'org.springframework.context.annotation.ConfigurationClassPostProcessor.enhancedConfigurationProcessor' to allow for resolving potential circular references
- (6137 ms) - [DEBUG] 2019-01-15 19:38:47,694 org.springframework.beans.factory.support.DefaultListableBeanFactory - Finished creating instance of bean 'org.springframework.context.annotation.ConfigurationClassPostProcessor.enhancedConfigurationProcessor'
- (6137 ms) - [DEBUG] 2019-01-15 19:38:47,694 org.springframework.beans.factory.support.DefaultListableBeanFactory - Creating shared instance of singleton bean 'org.springframework.aop.config.internalAutoProxyCreator'
- (6137 ms) - [DEBUG] 2019-01-15 19:38:47,694 org.springframework.beans.factory.support.DefaultListableBeanFactory - Creating instance of bean 'org.springframework.aop.config.internalAutoProxyCreator'
- (6138 ms) - [DEBUG] 2019-01-15 19:38:47,695 org.springframework.beans.factory.support.DefaultListableBeanFactory - Eagerly caching bean 'org.springframework.aop.config.internalAutoProxyCreator' to allow for resolving potential circular references
- (6146 ms) - [DEBUG] 2019-01-15 19:38:47,703 org.springframework.beans.factory.support.DefaultListableBeanFactory - Finished creating instance of bean 'org.springframework.aop.config.internalAutoProxyCreator'
- (6146 ms) - [DEBUG] 2019-01-15 19:38:47,703 org.springframework.context.support.ClassPathXmlApplicationContext - Unable to locate MessageSource with name 'messageSource': using default [org.springframework.context.support.DelegatingMessageSource@16f7b4af]
- (6147 ms) - [DEBUG] 2019-01-15 19:38:47,704 org.springframework.context.support.ClassPathXmlApplicationContext - Unable to locate ApplicationEventMulticaster with name 'applicationEventMulticaster': using default [org.springframework.context.event.SimpleApplicationEventMulticaster@7adf16aa]
- (6150 ms) - [DEBUG] 2019-01-15 19:38:47,707 org.springframework.beans.factory.support.DefaultListableBeanFactory - Pre-instantiating singletons in org.springframework.beans.factory.support.DefaultListableBeanFactory@7fc44dec: defining beans [org.springframework.web.servlet.resource.DefaultServletHttpRequestHandler#0,org.springframework.web.servlet.handler.SimpleUrlHandlerMapping#0,org.springframework.web.servlet.handler.BeanNameUrlHandlerMapping,org.springframework.web.servlet.mvc.HttpRequestHandlerAdapter,org.springframework.web.servlet.mvc.SimpleControllerHandlerAdapter,itripHotServiceImpl,itripAreaDicServiceImpl,itripCommentServiceImpl,itripHotelOrderServiceImpl,itripImageServiceImpl,itripLabelServiceImpl,itripLabelDicServiceImpl,itripUserServiceImpl,itripUserLinkUserServiceImpl,org.springframework.context.annotation.internalConfigurationAnnotationProcessor,org.springframework.context.annotation.internalAutowiredAnnotationProcessor,org.springframework.context.annotation.internalRequiredAnnotationProcessor,org.springframework.context.annotation.internalCommonAnnotationProcessor,org.springframework.context.support.PropertySourcesPlaceholderConfigurer#0,dataSource,txManager,sqlSessionFactoryBean,org.springframework.aop.config.internalAutoProxyCreator,transService,org.springframework.aop.support.DefaultBeanFactoryPointcutAdvisor#0,myAdvice,org.mybatis.spring.mapper.MapperScannerConfigurer#0,jedisPoolConfig,jedisPool,redisAPI,validationToken,org.springframework.context.annotation.ConfigurationClassPostProcessor.importAwareProcessor,org.springframework.context.annotation.ConfigurationClassPostProcessor.enhancedConfigurationProcessor,itripHotMapper,itripAreaDicMapper,itripCommentMapper,itripHotelMapper,itripHotelOrderMapper,itripImageMapper,itripLabelMapper,itripLabelDicMapper,itripUserMapper,itripUserLinkUserMapper]; root of factory hierarchy
- (6150 ms) - [DEBUG] 2019-01-15 19:38:47,707 org.springframework.beans.factory.support.DefaultListableBeanFactory - Creating shared instance of singleton bean 'org.springframework.web.servlet.resource.DefaultServletHttpRequestHandler#0'
- (6151 ms) - [DEBUG] 2019-01-15 19:38:47,708 org.springframework.beans.factory.support.DefaultListableBeanFactory - Creating instance of bean 'org.springframework.web.servlet.resource.DefaultServletHttpRequestHandler#0'
- (6151 ms) - [DEBUG] 2019-01-15 19:38:47,708 org.springframework.beans.factory.support.DefaultListableBeanFactory - Creating shared instance of singleton bean 'org.springframework.aop.support.DefaultBeanFactoryPointcutAdvisor#0'
- (6151 ms) - [DEBUG] 2019-01-15 19:38:47,708 org.springframework.beans.factory.support.DefaultListableBeanFactory - Creating instance of bean 'org.springframework.aop.support.DefaultBeanFactoryPointcutAdvisor#0'
- (6152 ms) - [DEBUG] 2019-01-15 19:38:47,709 org.springframework.beans.factory.support.DefaultListableBeanFactory - Eagerly caching bean 'org.springframework.aop.support.DefaultBeanFactoryPointcutAdvisor#0' to allow for resolving potential circular references
- (6152 ms) - [DEBUG] 2019-01-15 19:38:47,709 org.springframework.beans.factory.support.DefaultListableBeanFactory - Creating instance of bean 'transService'
- (6153 ms) - [DEBUG] 2019-01-15 19:38:47,710 org.springframework.beans.factory.support.DefaultListableBeanFactory - Finished creating instance of bean 'transService'
- (6153 ms) - [DEBUG] 2019-01-15 19:38:47,710 org.springframework.beans.factory.support.DefaultListableBeanFactory - Finished creating instance of bean 'org.springframework.aop.support.DefaultBeanFactoryPointcutAdvisor#0'
- (6191 ms) - [DEBUG] 2019-01-15 19:38:47,748 org.springframework.beans.factory.support.DefaultListableBeanFactory - Eagerly caching bean 'org.springframework.web.servlet.resource.DefaultServletHttpRequestHandler#0' to allow for resolving potential circular references
- (6191 ms) - [DEBUG] 2019-01-15 19:38:47,748 org.springframework.beans.factory.support.DefaultListableBeanFactory - Returning cached instance of singleton bean 'org.springframework.aop.support.DefaultBeanFactoryPointcutAdvisor#0'
- (6192 ms) - [DEBUG] 2019-01-15 19:38:47,749 org.springframework.beans.factory.support.DefaultListableBeanFactory - Returning cached instance of singleton bean 'org.springframework.aop.support.DefaultBeanFactoryPointcutAdvisor#0'
- (6197 ms) - [DEBUG] 2019-01-15 19:38:47,754 org.springframework.beans.factory.support.DefaultListableBeanFactory - Finished creating instance of bean 'org.springframework.web.servlet.resource.DefaultServletHttpRequestHandler#0'
- (6198 ms) - [DEBUG] 2019-01-15 19:38:47,755 org.springframework.beans.factory.support.DefaultListableBeanFactory - Creating shared instance of singleton bean 'org.springframework.web.servlet.handler.SimpleUrlHandlerMapping#0'
- (6198 ms) - [DEBUG] 2019-01-15 19:38:47,755 org.springframework.beans.factory.support.DefaultListableBeanFactory - Creating instance of bean 'org.springframework.web.servlet.handler.SimpleUrlHandlerMapping#0'
- (6198 ms) - [DEBUG] 2019-01-15 19:38:47,755 org.springframework.beans.factory.support.DefaultListableBeanFactory - Returning cached instance of singleton bean 'org.springframework.aop.support.DefaultBeanFactoryPointcutAdvisor#0'
- (6213 ms) - [DEBUG] 2019-01-15 19:38:47,770 org.springframework.beans.factory.support.DefaultListableBeanFactory - Eagerly caching bean 'org.springframework.web.servlet.handler.SimpleUrlHandlerMapping#0' to allow for resolving potential circular references
- (6215 ms) - [DEBUG] 2019-01-15 19:38:47,772 org.springframework.beans.factory.support.DefaultListableBeanFactory - Returning cached instance of singleton bean 'org.springframework.web.servlet.resource.DefaultServletHttpRequestHandler#0'
- (6215 ms) - [INFO] 2019-01-15 19:38:47,772 org.springframework.web.servlet.handler.SimpleUrlHandlerMapping - Mapped URL path [/**] onto handler 'org.springframework.web.servlet.resource.DefaultServletHttpRequestHandler#0'
- (6216 ms) - [DEBUG] 2019-01-15 19:38:47,773 org.springframework.beans.factory.support.DefaultListableBeanFactory - Returning cached instance of singleton bean 'org.springframework.aop.support.DefaultBeanFactoryPointcutAdvisor#0'
- (6216 ms) - [DEBUG] 2019-01-15 19:38:47,773 org.springframework.beans.factory.support.DefaultListableBeanFactory - Returning cached instance of singleton bean 'org.springframework.aop.support.DefaultBeanFactoryPointcutAdvisor#0'
- (6219 ms) - [DEBUG] 2019-01-15 19:38:47,776 org.springframework.beans.factory.support.DefaultListableBeanFactory - Finished creating instance of bean 'org.springframework.web.servlet.handler.SimpleUrlHandlerMapping#0'
- (6219 ms) - [DEBUG] 2019-01-15 19:38:47,776 org.springframework.beans.factory.support.DefaultListableBeanFactory - Creating shared instance of singleton bean 'org.springframework.web.servlet.handler.BeanNameUrlHandlerMapping'
- (6219 ms) - [DEBUG] 2019-01-15 19:38:47,776 org.springframework.beans.factory.support.DefaultListableBeanFactory - Creating instance of bean 'org.springframework.web.servlet.handler.BeanNameUrlHandlerMapping'
- (6219 ms) - [DEBUG] 2019-01-15 19:38:47,776 org.springframework.beans.factory.support.DefaultListableBeanFactory - Returning cached instance of singleton bean 'org.springframework.aop.support.DefaultBeanFactoryPointcutAdvisor#0'
- (6220 ms) - [DEBUG] 2019-01-15 19:38:47,777 org.springframework.beans.factory.support.DefaultListableBeanFactory - Eagerly caching bean 'org.springframework.web.servlet.handler.BeanNameUrlHandlerMapping' to allow for resolving potential circular references
- (6220 ms) - [DEBUG] 2019-01-15 19:38:47,777 org.springframework.web.servlet.handler.BeanNameUrlHandlerMapping - Looking for URL mappings in application context: org.springframework.context.support.ClassPathXmlApplicationContext@a8c1f44: startup date [Tue Jan 15 19:38:47 CST 2019]; root of context hierarchy
- (6221 ms) - [DEBUG] 2019-01-15 19:38:47,778 org.springframework.beans.factory.support.DefaultListableBeanFactory - Returning cached instance of singleton bean 'org.springframework.aop.support.DefaultBeanFactoryPointcutAdvisor#0'
- (6221 ms) - [DEBUG] 2019-01-15 19:38:47,778 org.springframework.beans.factory.support.DefaultListableBeanFactory - Returning cached instance of singleton bean 'org.springframework.aop.support.DefaultBeanFactoryPointcutAdvisor#0'
- (6221 ms) - [DEBUG] 2019-01-15 19:38:47,778 org.springframework.beans.factory.support.DefaultListableBeanFactory - Creating shared instance of singleton bean 'itripHotMapper'
[...]
- (6520 ms) - [DEBUG] 2019-01-15 19:38:48,077 org.springframework.aop.aspectj.annotation.AnnotationAwareAspectJAutoProxyCreator - Creating implicit proxy for bean 'itripLabelDicServiceImpl' with 0 common interceptors and 2 specific interceptors
- (6521 ms) - [DEBUG] 2019-01-15 19:38:48,078 org.springframework.aop.framework.CglibAopProxy - Creating CGLIB proxy: target source is SingletonTargetSource for target object [cn.itrip.service.labeldic.ItripLabelDicServiceImpl@6d366c9b]
- (6521 ms) - [DEBUG] 2019-01-15 19:38:48,078 org.springframework.beans.factory.support.DefaultListableBeanFactory - Finished creating instance of bean 'itripLabelDicServiceImpl'
- (6521 ms) - [DEBUG] 2019-01-15 19:38:48,078 org.springframework.beans.factory.support.DefaultListableBeanFactory - Creating shared instance of singleton bean 'itripUserServiceImpl'
- (6521 ms) - [DEBUG] 2019-01-15 19:38:48,078 org.springframework.beans.factory.support.DefaultListableBeanFactory - Creating instance of bean 'itripUserServiceImpl'
- (6522 ms) - [DEBUG] 2019-01-15 19:38:48,079 org.springframework.beans.factory.support.DefaultListableBeanFactory - Returning cached instance of singleton bean 'org.springframework.aop.support.DefaultBeanFactoryPointcutAdvisor#0'
- (6522 ms) - [DEBUG] 2019-01-15 19:38:48,079 org.springframework.beans.factory.annotation.InjectionMetadata - Registered injected element on class [cn.itrip.service.user.ItripUserServiceImpl]: ResourceElement for private cn.itrip.dao.user.ItripUserMapper cn.itrip.service.user.ItripUserServiceImpl.itripUserMapper
- (6522 ms) - [DEBUG] 2019-01-15 19:38:48,079 org.springframework.beans.factory.support.DefaultListableBeanFactory - Eagerly caching bean 'itripUserServiceImpl' to allow for resolving potential circular references
- (6522 ms) - [DEBUG] 2019-01-15 19:38:48,079 org.springframework.beans.factory.annotation.InjectionMetadata - Processing injected element of bean 'itripUserServiceImpl': ResourceElement for private cn.itrip.dao.user.ItripUserMapper cn.itrip.service.user.ItripUserServiceImpl.itripUserMapper
- (6523 ms) - [DEBUG] 2019-01-15 19:38:48,080 org.springframework.beans.factory.support.DefaultListableBeanFactory - Returning cached instance of singleton bean 'itripUserMapper'
- (6523 ms) - [DEBUG] 2019-01-15 19:38:48,080 org.springframework.beans.factory.support.DefaultListableBeanFactory - Returning cached instance of singleton bean 'org.springframework.aop.support.DefaultBeanFactoryPointcutAdvisor#0'
- (6524 ms) - [DEBUG] 2019-01-15 19:38:48,081 org.springframework.beans.factory.support.DefaultListableBeanFactory - Returning cached instance of singleton bean 'org.springframework.aop.support.DefaultBeanFactoryPointcutAdvisor#0'
- (6528 ms) - [DEBUG] 2019-01-15 19:38:48,085 org.springframework.beans.factory.support.DefaultListableBeanFactory - Returning cached instance of singleton bean 'org.springframework.aop.support.DefaultBeanFactoryPointcutAdvisor#0'
- (6529 ms) - [DEBUG] 2019-01-15 19:38:48,086 org.springframework.beans.factory.support.DefaultListableBeanFactory - Returning cached instance of singleton bean 'org.springframework.aop.support.DefaultBeanFactoryPointcutAdvisor#0'
- (6529 ms) - [DEBUG] 2019-01-15 19:38:48,086 org.springframework.aop.aspectj.annotation.AnnotationAwareAspectJAutoProxyCreator - Creating implicit proxy for bean 'itripUserServiceImpl' with 0 common interceptors and 2 specific interceptors
- (6529 ms) - [DEBUG] 2019-01-15 19:38:48,086 org.springframework.aop.framework.CglibAopProxy - Creating CGLIB proxy: target source is SingletonTargetSource for target object [cn.itrip.service.user.ItripUserServiceImpl@bcec031]
- (6532 ms) - [DEBUG] 2019-01-15 19:38:48,089 org.springframework.beans.factory.support.DefaultListableBeanFactory - Finished creating instance of bean 'itripUserServiceImpl'
- (6532 ms) - [DEBUG] 2019-01-15 19:38:48,089 org.springframework.beans.factory.support.DefaultListableBeanFactory - Creating shared instance of singleton bean 'itripUserLinkUserServiceImpl'
- (6533 ms) - [DEBUG] 2019-01-15 19:38:48,090 org.springframework.beans.factory.support.DefaultListableBeanFactory - Creating instance of bean 'itripUserLinkUserServiceImpl'
- (6533 ms) - [DEBUG] 2019-01-15 19:38:48,090 org.springframework.beans.factory.support.DefaultListableBeanFactory - Returning cached instance of singleton bean 'org.springframework.aop.support.DefaultBeanFactoryPointcutAdvisor#0'
- (6533 ms) - [DEBUG] 2019-01-15 19:38:48,090 org.springframework.beans.factory.annotation.InjectionMetadata - Registered injected element on class [cn.itrip.service.userlinkuser.ItripUserLinkUserServiceImpl]: ResourceElement for private cn.itrip.dao.userlinkuser.ItripUserLinkUserMapper cn.itrip.service.userlinkuser.ItripUserLinkUserServiceImpl.itripUserLinkUserMapper
- (6533 ms) - [DEBUG] 2019-01-15 19:38:48,090 org.springframework.beans.factory.support.DefaultListableBeanFactory - Eagerly caching bean 'itripUserLinkUserServiceImpl' to allow for resolving potential circular references
- (6534 ms) - [DEBUG] 2019-01-15 19:38:48,091 org.springframework.beans.factory.annotation.InjectionMetadata - Processing injected element of bean 'itripUserLinkUserServiceImpl': ResourceElement for private cn.itrip.dao.userlinkuser.ItripUserLinkUserMapper cn.itrip.service.userlinkuser.ItripUserLinkUserServiceImpl.itripUserLinkUserMapper
- (6534 ms) - [DEBUG] 2019-01-15 19:38:48,091 org.springframework.beans.factory.support.DefaultListableBeanFactory - Returning cached instance of singleton bean 'itripUserLinkUserMapper'
- (6534 ms) - [DEBUG] 2019-01-15 19:38:48,091 org.springframework.beans.factory.support.DefaultListableBeanFactory - Returning cached instance of singleton bean 'org.springframework.aop.support.DefaultBeanFactoryPointcutAdvisor#0'
- (6534 ms) - [DEBUG] 2019-01-15 19:38:48,091 org.springframework.beans.factory.support.DefaultListableBeanFactory - Returning cached instance of singleton bean 'org.springframework.aop.support.DefaultBeanFactoryPointcutAdvisor#0'
- (6540 ms) - [DEBUG] 2019-01-15 19:38:48,097 org.springframework.beans.factory.support.DefaultListableBeanFactory - Returning cached instance of singleton bean 'org.springframework.aop.support.DefaultBeanFactoryPointcutAdvisor#0'
- (6540 ms) - [DEBUG] 2019-01-15 19:38:48,097 org.springframework.beans.factory.support.DefaultListableBeanFactory - Returning cached instance of singleton bean 'org.springframework.aop.support.DefaultBeanFactoryPointcutAdvisor#0'
- (6541 ms) - [DEBUG] 2019-01-15 19:38:48,098 org.springframework.aop.aspectj.annotation.AnnotationAwareAspectJAutoProxyCreator - Creating implicit proxy for bean 'itripUserLinkUserServiceImpl' with 0 common interceptors and 2 specific interceptors
- (6541 ms) - [DEBUG] 2019-01-15 19:38:48,098 org.springframework.aop.framework.CglibAopProxy - Creating CGLIB proxy: target source is SingletonTargetSource for target object [cn.itrip.service.userlinkuser.ItripUserLinkUserServiceImpl@3faf2e7d]
- (6542 ms) - [DEBUG] 2019-01-15 19:38:48,099 org.springframework.beans.factory.support.DefaultListableBeanFactory - Finished creating instance of bean 'itripUserLinkUserServiceImpl'
- (6542 ms) - [DEBUG] 2019-01-15 19:38:48,099 org.springframework.beans.factory.support.DefaultListableBeanFactory - Returning cached instance of singleton bean 'org.springframework.context.annotation.internalConfigurationAnnotationProcessor'
- (6542 ms) - [DEBUG] 2019-01-15 19:38:48,099 org.springframework.beans.factory.support.DefaultListableBeanFactory - Returning cached instance of singleton bean 'org.springframework.context.annotation.internalAutowiredAnnotationProcessor'
- (6542 ms) - [DEBUG] 2019-01-15 19:38:48,099 org.springframework.beans.factory.support.DefaultListableBeanFactory - Returning cached instance of singleton bean 'org.springframework.context.annotation.internalRequiredAnnotationProcessor'
- (6543 ms) - [DEBUG] 2019-01-15 19:38:48,100 org.springframework.beans.factory.support.DefaultListableBeanFactory - Returning cached instance of singleton bean 'org.springframework.context.annotation.internalCommonAnnotationProcessor'
- (6543 ms) - [DEBUG] 2019-01-15 19:38:48,100 org.springframework.beans.factory.support.DefaultListableBeanFactory - Returning cached instance of singleton bean 'org.springframework.context.support.PropertySourcesPlaceholderConfigurer#0'
- (6543 ms) - [DEBUG] 2019-01-15 19:38:48,100 org.springframework.beans.factory.support.DefaultListableBeanFactory - Returning cached instance of singleton bean 'dataSource'
- (6543 ms) - [DEBUG] 2019-01-15 19:38:48,100 org.springframework.beans.factory.support.DefaultListableBeanFactory - Returning cached instance of singleton bean 'txManager'
- (6543 ms) - [DEBUG] 2019-01-15 19:38:48,100 org.springframework.beans.factory.support.DefaultListableBeanFactory - Returning cached instance of singleton bean 'sqlSessionFactoryBean'
- (6543 ms) - [DEBUG] 2019-01-15 19:38:48,100 org.springframework.beans.factory.support.DefaultListableBeanFactory - Returning cached instance of singleton bean 'org.springframework.aop.config.internalAutoProxyCreator'
- (6543 ms) - [DEBUG] 2019-01-15 19:38:48,100 org.springframework.beans.factory.support.DefaultListableBeanFactory - Returning cached instance of singleton bean 'org.springframework.aop.support.DefaultBeanFactoryPointcutAdvisor#0'
- (6544 ms) - [DEBUG] 2019-01-15 19:38:48,101 org.springframework.beans.factory.support.DefaultListableBeanFactory - Returning cached instance of singleton bean 'myAdvice'
- (6544 ms) - [DEBUG] 2019-01-15 19:38:48,101 org.springframework.beans.factory.support.DefaultListableBeanFactory - Returning cached instance of singleton bean 'org.mybatis.spring.mapper.MapperScannerConfigurer#0'
- (6544 ms) - [DEBUG] 2019-01-15 19:38:48,101 org.springframework.beans.factory.support.DefaultListableBeanFactory - Creating shared instance of singleton bean 'jedisPoolConfig'
- (6544 ms) - [DEBUG] 2019-01-15 19:38:48,101 org.springframework.beans.factory.support.DefaultListableBeanFactory - Creating instance of bean 'jedisPoolConfig'
- (6545 ms) - [DEBUG] 2019-01-15 19:38:48,102 org.springframework.beans.factory.support.DefaultListableBeanFactory - Returning cached instance of singleton bean 'org.springframework.aop.support.DefaultBeanFactoryPointcutAdvisor#0'
- (6545 ms) - [DEBUG] 2019-01-15 19:38:48,102 org.springframework.beans.factory.support.DefaultListableBeanFactory - Eagerly caching bean 'jedisPoolConfig' to allow for resolving potential circular references
- (6545 ms) - [DEBUG] 2019-01-15 19:38:48,102 org.springframework.beans.factory.support.DefaultListableBeanFactory - Returning cached instance of singleton bean 'org.springframework.aop.support.DefaultBeanFactoryPointcutAdvisor#0'
- (6546 ms) - [DEBUG] 2019-01-15 19:38:48,103 org.springframework.beans.factory.support.DefaultListableBeanFactory - Returning cached instance of singleton bean 'org.springframework.aop.support.DefaultBeanFactoryPointcutAdvisor#0'
- (6547 ms) - [DEBUG] 2019-01-15 19:38:48,104 org.springframework.beans.factory.support.DefaultListableBeanFactory - Finished creating instance of bean 'jedisPoolConfig'
- (6547 ms) - [DEBUG] 2019-01-15 19:38:48,104 org.springframework.beans.factory.support.DefaultListableBeanFactory - Creating shared instance of singleton bean 'jedisPool'
- (6547 ms) - [DEBUG] 2019-01-15 19:38:48,104 org.springframework.beans.factory.support.DefaultListableBeanFactory - Creating instance of bean 'jedisPool'
- (6548 ms) - [DEBUG] 2019-01-15 19:38:48,105 org.springframework.beans.factory.support.DefaultListableBeanFactory - Returning cached instance of singleton bean 'org.springframework.aop.support.DefaultBeanFactoryPointcutAdvisor#0'
- (6548 ms) - [DEBUG] 2019-01-15 19:38:48,105 org.springframework.beans.factory.support.DefaultListableBeanFactory - Returning cached instance of singleton bean 'jedisPoolConfig'
- (6550 ms) - [DEBUG] 2019-01-15 19:38:48,107 org.springframework.beans.factory.support.DefaultListableBeanFactory - Eagerly caching bean 'jedisPool' to allow for resolving potential circular references
- (6550 ms) - [DEBUG] 2019-01-15 19:38:48,107 org.springframework.beans.factory.support.DefaultListableBeanFactory - Returning cached instance of singleton bean 'org.springframework.aop.support.DefaultBeanFactoryPointcutAdvisor#0'
- (6550 ms) - [DEBUG] 2019-01-15 19:38:48,107 org.springframework.beans.factory.support.DefaultListableBeanFactory - Returning cached instance of singleton bean 'org.springframework.aop.support.DefaultBeanFactoryPointcutAdvisor#0'
- (6551 ms) - [DEBUG] 2019-01-15 19:38:48,108 org.springframework.beans.factory.support.DefaultListableBeanFactory - Finished creating instance of bean 'jedisPool'
- (6551 ms) - [DEBUG] 2019-01-15 19:38:48,108 org.springframework.beans.factory.support.DefaultListableBeanFactory - Creating shared instance of singleton bean 'redisAPI'
- (6552 ms) - [DEBUG] 2019-01-15 19:38:48,109 org.springframework.beans.factory.support.DefaultListableBeanFactory - Creating instance of bean 'redisAPI'
- (6552 ms) - [DEBUG] 2019-01-15 19:38:48,109 org.springframework.beans.factory.support.DefaultListableBeanFactory - Returning cached instance of singleton bean 'org.springframework.aop.support.DefaultBeanFactoryPointcutAdvisor#0'
- (6552 ms) - [DEBUG] 2019-01-15 19:38:48,109 org.springframework.beans.factory.support.DefaultListableBeanFactory - Eagerly caching bean 'redisAPI' to allow for resolving potential circular references
- (6553 ms) - [DEBUG] 2019-01-15 19:38:48,110 org.springframework.beans.factory.support.DefaultListableBeanFactory - Returning cached instance of singleton bean 'jedisPool'
- (6553 ms) - [DEBUG] 2019-01-15 19:38:48,110 org.springframework.beans.factory.support.DefaultListableBeanFactory - Returning cached instance of singleton bean 'org.springframework.aop.support.DefaultBeanFactoryPointcutAdvisor#0'
- (6553 ms) - [DEBUG] 2019-01-15 19:38:48,110 org.springframework.beans.factory.support.DefaultListableBeanFactory - Returning cached instance of singleton bean 'org.springframework.aop.support.DefaultBeanFactoryPointcutAdvisor#0'
- (6554 ms) - [DEBUG] 2019-01-15 19:38:48,111 org.springframework.beans.factory.support.DefaultListableBeanFactory - Finished creating instance of bean 'redisAPI'
- (6554 ms) - [DEBUG] 2019-01-15 19:38:48,111 org.springframework.beans.factory.support.DefaultListableBeanFactory - Creating shared instance of singleton bean 'validationToken'
- (6554 ms) - [DEBUG] 2019-01-15 19:38:48,111 org.springframework.beans.factory.support.DefaultListableBeanFactory - Creating instance of bean 'validationToken'
- (6554 ms) - [DEBUG] 2019-01-15 19:38:48,111 org.springframework.beans.factory.support.DefaultListableBeanFactory - Returning cached instance of singleton bean 'org.springframework.aop.support.DefaultBeanFactoryPointcutAdvisor#0'
- (6555 ms) - [DEBUG] 2019-01-15 19:38:48,112 org.springframework.beans.factory.support.DefaultListableBeanFactory - Eagerly caching bean 'validationToken' to allow for resolving potential circular references
- (6555 ms) - [DEBUG] 2019-01-15 19:38:48,112 org.springframework.beans.factory.support.DefaultListableBeanFactory - Returning cached instance of singleton bean 'redisAPI'
- (6555 ms) - [DEBUG] 2019-01-15 19:38:48,112 org.springframework.beans.factory.support.DefaultListableBeanFactory - Returning cached instance of singleton bean 'org.springframework.aop.support.DefaultBeanFactoryPointcutAdvisor#0'
- (6556 ms) - [DEBUG] 2019-01-15 19:38:48,113 org.springframework.beans.factory.support.DefaultListableBeanFactory - Returning cached instance of singleton bean 'org.springframework.aop.support.DefaultBeanFactoryPointcutAdvisor#0'
- (6556 ms) - [DEBUG] 2019-01-15 19:38:48,113 org.springframework.beans.factory.support.DefaultListableBeanFactory - Finished creating instance of bean 'validationToken'
- (6557 ms) - [DEBUG] 2019-01-15 19:38:48,114 org.springframework.beans.factory.support.DefaultListableBeanFactory - Returning cached instance of singleton bean 'org.springframework.context.annotation.ConfigurationClassPostProcessor.importAwareProcessor'
- (6558 ms) - [DEBUG] 2019-01-15 19:38:48,115 org.springframework.beans.factory.support.DefaultListableBeanFactory - Returning cached instance of singleton bean 'org.springframework.context.annotation.ConfigurationClassPostProcessor.enhancedConfigurationProcessor'
- (6558 ms) - [DEBUG] 2019-01-15 19:38:48,115 org.springframework.beans.factory.support.DefaultListableBeanFactory - Returning cached instance of singleton bean 'itripHotMapper'
- (6559 ms) - [DEBUG] 2019-01-15 19:38:48,116 org.springframework.beans.factory.support.DefaultListableBeanFactory - Returning cached instance of singleton bean 'itripAreaDicMapper'
- (6559 ms) - [DEBUG] 2019-01-15 19:38:48,116 org.springframework.beans.factory.support.DefaultListableBeanFactory - Returning cached instance of singleton bean 'itripCommentMapper'
- (6559 ms) - [DEBUG] 2019-01-15 19:38:48,116 org.springframework.beans.factory.support.DefaultListableBeanFactory - Returning cached instance of singleton bean 'itripHotelMapper'
- (6560 ms) - [DEBUG] 2019-01-15 19:38:48,117 org.springframework.beans.factory.support.DefaultListableBeanFactory - Returning cached instance of singleton bean 'itripHotelOrderMapper'
- (6560 ms) - [DEBUG] 2019-01-15 19:38:48,117 org.springframework.beans.factory.support.DefaultListableBeanFactory - Returning cached instance of singleton bean 'itripImageMapper'
- (6560 ms) - [DEBUG] 2019-01-15 19:38:48,117 org.springframework.beans.factory.support.DefaultListableBeanFactory - Returning cached instance of singleton bean 'itripLabelMapper'
- (6560 ms) - [DEBUG] 2019-01-15 19:38:48,117 org.springframework.beans.factory.support.DefaultListableBeanFactory - Returning cached instance of singleton bean 'itripLabelDicMapper'
- (6560 ms) - [DEBUG] 2019-01-15 19:38:48,117 org.springframework.beans.factory.support.DefaultListableBeanFactory - Returning cached instance of singleton bean 'itripUserMapper'
- (6560 ms) - [DEBUG] 2019-01-15 19:38:48,117 org.springframework.beans.factory.support.DefaultListableBeanFactory - Returning cached instance of singleton bean 'itripUserLinkUserMapper'
- (6560 ms) - [DEBUG] 2019-01-15 19:38:48,117 org.springframework.context.support.ClassPathXmlApplicationContext - Unable to locate LifecycleProcessor with name 'lifecycleProcessor': using default [org.springframework.context.support.DefaultLifecycleProcessor@7e985ce9]
- (6561 ms) - [DEBUG] 2019-01-15 19:38:48,118 org.springframework.beans.factory.support.DefaultListableBeanFactory - Returning cached instance of singleton bean 'lifecycleProcessor'
- (6561 ms) - [DEBUG] 2019-01-15 19:38:48,118 org.springframework.beans.factory.support.DefaultListableBeanFactory - Returning cached instance of singleton bean 'sqlSessionFactoryBean'
- (6561 ms) - [DEBUG] 2019-01-15 19:38:48,118 org.springframework.core.env.PropertySourcesPropertyResolver - Searching for key 'spring.liveBeansView.mbeanDomain' in [systemProperties]
- (6561 ms) - [DEBUG] 2019-01-15 19:38:48,118 org.springframework.core.env.PropertySourcesPropertyResolver - Searching for key 'spring.liveBeansView.mbeanDomain' in [systemEnvironment]
- (6562 ms) - [DEBUG] 2019-01-15 19:38:48,119 org.springframework.core.env.PropertySourcesPropertyResolver - Could not find key 'spring.liveBeansView.mbeanDomain' in any property source. Returning [null]
- (6562 ms) - [DEBUG] 2019-01-15 19:38:48,119 org.springframework.beans.factory.support.DefaultListableBeanFactory - Returning cached instance of singleton bean 'itripLabelDicServiceImpl'
- (6562 ms) - [DEBUG] 2019-01-15 19:38:48,119 org.springframework.jdbc.datasource.DataSourceTransactionManager - Creating new transaction with name [cn.itrip.service.labeldic.ItripLabelDicServiceImpl.getItripLabelDicListByMap]: PROPAGATION_REQUIRED,ISOLATION_DEFAULT
]]></system-out>
  </testcase>
</testsuite>